--- 2023-08-17 18:37:17.704671 ---
epoch 0
early stop metric: 0.420476
Phase: valid, metric: survival_loss: 0.420476
Phase: valid, metric: concordance_q25: 0.500000
Phase: valid, metric: concordance_q50: 0.500000
Phase: valid, metric: concordance_q75: 0.500000
Phase: test, metric: survival_loss: 1.563657
Phase: test, metric: concordance_q25: 0.501011
Phase: test, metric: concordance_q50: 0.501011
Phase: test, metric: concordance_q75: 0.501011
--- 2023-08-17 18:37:24.114471 ---
epoch 1
early stop metric: 0.417056
Phase: valid, metric: survival_loss: 0.417056
Phase: valid, metric: concordance_q25: 0.500000
Phase: valid, metric: concordance_q50: 0.500000
Phase: valid, metric: concordance_q75: 0.500000
Phase: test, metric: survival_loss: 1.346642
Phase: test, metric: concordance_q25: 0.501011
Phase: test, metric: concordance_q50: 0.498989
Phase: test, metric: concordance_q75: 0.501011
--- 2023-08-17 18:37:30.738655 ---
epoch 2
early stop metric: 0.418013
Phase: valid, metric: survival_loss: 0.418013
Phase: valid, metric: concordance_q25: 0.500000
Phase: valid, metric: concordance_q50: 0.500000
Phase: valid, metric: concordance_q75: 0.500000
Phase: test, metric: survival_loss: 1.398828
Phase: test, metric: concordance_q25: 0.498989
Phase: test, metric: concordance_q50: 0.501011
Phase: test, metric: concordance_q75: 0.501011
--- 2023-08-17 18:37:37.089421 ---
epoch 3
early stop metric: 0.418357
Phase: valid, metric: survival_loss: 0.418357
Phase: valid, metric: concordance_q25: 0.500000
Phase: valid, metric: concordance_q50: 0.500000
Phase: valid, metric: concordance_q75: 0.500000
Phase: test, metric: survival_loss: 1.388922
Phase: test, metric: concordance_q25: 0.498989
Phase: test, metric: concordance_q50: 0.498989
Phase: test, metric: concordance_q75: 0.501011
--- 2023-08-17 18:37:43.551016 ---
epoch 4
early stop metric: 0.416937
Phase: valid, metric: survival_loss: 0.416937
Phase: valid, metric: concordance_q25: 0.500000
Phase: valid, metric: concordance_q50: 0.500000
Phase: valid, metric: concordance_q75: 0.500000
Phase: test, metric: survival_loss: 1.169959
Phase: test, metric: concordance_q25: 0.498989
Phase: test, metric: concordance_q50: 0.498989
Phase: test, metric: concordance_q75: 0.498989
--- 2023-08-17 18:37:49.824297 ---
epoch 5
early stop metric: 0.416961
Phase: valid, metric: survival_loss: 0.416961
Phase: valid, metric: concordance_q25: 0.500000
Phase: valid, metric: concordance_q50: 0.500000
Phase: valid, metric: concordance_q75: 0.500000
Phase: test, metric: survival_loss: 1.263318
Phase: test, metric: concordance_q25: 0.501011
Phase: test, metric: concordance_q50: 0.498989
Phase: test, metric: concordance_q75: 0.501011
--- 2023-08-17 18:37:56.318415 ---
epoch 6
early stop metric: 0.418563
Phase: valid, metric: survival_loss: 0.418563
Phase: valid, metric: concordance_q25: 0.500000
Phase: valid, metric: concordance_q50: 0.500000
Phase: valid, metric: concordance_q75: 0.500000
Phase: test, metric: survival_loss: 1.408897
Phase: test, metric: concordance_q25: 0.501011
Phase: test, metric: concordance_q50: 0.501011
Phase: test, metric: concordance_q75: 0.501011
--- 2023-08-17 18:38:02.700510 ---
epoch 7
early stop metric: 0.416948
Phase: valid, metric: survival_loss: 0.416948
Phase: valid, metric: concordance_q25: 0.500000
Phase: valid, metric: concordance_q50: 0.500000
Phase: valid, metric: concordance_q75: 0.500000
Phase: test, metric: survival_loss: 1.260855
Phase: test, metric: concordance_q25: 0.501011
Phase: test, metric: concordance_q50: 0.501011
Phase: test, metric: concordance_q75: 0.501011
--- 2023-08-17 18:38:09.131246 ---
epoch 8
early stop metric: 0.417459
Phase: valid, metric: survival_loss: 0.417459
Phase: valid, metric: concordance_q25: 0.500000
Phase: valid, metric: concordance_q50: 0.500000
Phase: valid, metric: concordance_q75: 0.500000
Phase: test, metric: survival_loss: 1.321944
Phase: test, metric: concordance_q25: 0.501011
Phase: test, metric: concordance_q50: 0.501011
Phase: test, metric: concordance_q75: 0.498989
--- 2023-08-17 18:38:15.642236 ---
epoch 9
early stop metric: 0.418564
Phase: valid, metric: survival_loss: 0.418564
Phase: valid, metric: concordance_q25: 0.500000
Phase: valid, metric: concordance_q50: 0.500000
Phase: valid, metric: concordance_q75: 0.500000
Phase: test, metric: survival_loss: 1.452879
Phase: test, metric: concordance_q25: 0.501011
Phase: test, metric: concordance_q50: 0.501011
Phase: test, metric: concordance_q75: 0.501011
--- 2023-08-17 18:38:22.005907 ---
epoch 10
early stop metric: 0.417357
Phase: valid, metric: survival_loss: 0.417357
Phase: valid, metric: concordance_q25: 0.500000
Phase: valid, metric: concordance_q50: 0.500000
Phase: valid, metric: concordance_q75: 0.500000
Phase: test, metric: survival_loss: 1.322146
Phase: test, metric: concordance_q25: 0.501011
Phase: test, metric: concordance_q50: 0.501011
Phase: test, metric: concordance_q75: 0.501011
--- 2023-08-17 18:38:28.497492 ---
epoch 11
early stop metric: 0.417606
Phase: valid, metric: survival_loss: 0.417606
Phase: valid, metric: concordance_q25: 0.500000
Phase: valid, metric: concordance_q50: 0.500000
Phase: valid, metric: concordance_q75: 0.500000
Phase: test, metric: survival_loss: 1.359426
Phase: test, metric: concordance_q25: 0.498989
Phase: test, metric: concordance_q50: 0.501011
Phase: test, metric: concordance_q75: 0.501011
--- 2023-08-17 18:38:35.004787 ---
epoch 12
early stop metric: 0.418251
Phase: valid, metric: survival_loss: 0.418251
Phase: valid, metric: concordance_q25: 0.500000
Phase: valid, metric: concordance_q50: 0.500000
Phase: valid, metric: concordance_q75: 0.500000
Phase: test, metric: survival_loss: 1.402727
Phase: test, metric: concordance_q25: 0.498989
Phase: test, metric: concordance_q50: 0.498989
Phase: test, metric: concordance_q75: 0.501011
--- 2023-08-17 18:38:41.353867 ---
epoch 13
early stop metric: 0.420138
Phase: valid, metric: survival_loss: 0.420138
Phase: valid, metric: concordance_q25: 0.500000
Phase: valid, metric: concordance_q50: 0.500000
Phase: valid, metric: concordance_q75: 0.500000
Phase: test, metric: survival_loss: 1.456591
Phase: test, metric: concordance_q25: 0.498989
Phase: test, metric: concordance_q50: 0.501011
Phase: test, metric: concordance_q75: 0.498989
--- 2023-08-17 18:38:47.954748 ---
epoch 14
early stop metric: 0.417473
Phase: valid, metric: survival_loss: 0.417473
Phase: valid, metric: concordance_q25: 0.500000
Phase: valid, metric: concordance_q50: 0.500000
Phase: valid, metric: concordance_q75: 0.500000
Phase: test, metric: survival_loss: 1.287717
Phase: test, metric: concordance_q25: 0.498989
Phase: test, metric: concordance_q50: 0.501011
Phase: test, metric: concordance_q75: 0.501011
--- 2023-08-17 23:26:33.042297 ---
epoch 0
early stop metric: 0.481163
Phase: valid, metric: survival_loss: 0.481163
Phase: valid, metric: concordance_q25: 0.500000
Phase: valid, metric: concordance_q50: 0.500000
Phase: valid, metric: concordance_q75: 0.500000
Phase: test, metric: survival_loss: 4.863528
Phase: test, metric: concordance_q25: 0.500986
Phase: test, metric: concordance_q50: 0.499014
Phase: test, metric: concordance_q75: 0.500986
--- 2023-08-17 23:26:40.162732 ---
epoch 1
early stop metric: 0.482422
Phase: valid, metric: survival_loss: 0.482422
Phase: valid, metric: concordance_q25: 0.500000
Phase: valid, metric: concordance_q50: 0.500000
Phase: valid, metric: concordance_q75: 0.500000
Phase: test, metric: survival_loss: 6.506260
Phase: test, metric: concordance_q25: 0.500986
Phase: test, metric: concordance_q50: 0.499014
Phase: test, metric: concordance_q75: 0.499014
--- 2023-08-17 23:26:46.970631 ---
epoch 2
early stop metric: 0.478159
Phase: valid, metric: survival_loss: 0.478159
Phase: valid, metric: concordance_q25: 0.500000
Phase: valid, metric: concordance_q50: 0.500000
Phase: valid, metric: concordance_q75: 0.500000
Phase: test, metric: survival_loss: 5.016991
Phase: test, metric: concordance_q25: 0.500986
Phase: test, metric: concordance_q50: 0.499014
Phase: test, metric: concordance_q75: 0.499014
--- 2023-08-17 23:26:54.081387 ---
epoch 3
early stop metric: 0.478100
Phase: valid, metric: survival_loss: 0.478100
Phase: valid, metric: concordance_q25: 0.500000
Phase: valid, metric: concordance_q50: 0.500000
Phase: valid, metric: concordance_q75: 0.500000
Phase: test, metric: survival_loss: 5.466276
Phase: test, metric: concordance_q25: 0.500986
Phase: test, metric: concordance_q50: 0.500986
Phase: test, metric: concordance_q75: 0.499014
--- 2023-08-17 23:27:01.002597 ---
epoch 4
early stop metric: 0.476605
Phase: valid, metric: survival_loss: 0.476605
Phase: valid, metric: concordance_q25: 0.500000
Phase: valid, metric: concordance_q50: 0.500000
Phase: valid, metric: concordance_q75: 0.500000
Phase: test, metric: survival_loss: 4.729052
Phase: test, metric: concordance_q25: 0.500986
Phase: test, metric: concordance_q50: 0.500986
Phase: test, metric: concordance_q75: 0.500986
--- 2023-08-17 23:27:07.843061 ---
epoch 5
early stop metric: 0.476671
Phase: valid, metric: survival_loss: 0.476671
Phase: valid, metric: concordance_q25: 0.500000
Phase: valid, metric: concordance_q50: 0.500000
Phase: valid, metric: concordance_q75: 0.500000
Phase: test, metric: survival_loss: 5.144895
Phase: test, metric: concordance_q25: 0.500986
Phase: test, metric: concordance_q50: 0.500986
Phase: test, metric: concordance_q75: 0.500986
--- 2023-08-17 23:27:14.732896 ---
epoch 6
early stop metric: 0.477822
Phase: valid, metric: survival_loss: 0.477822
Phase: valid, metric: concordance_q25: 0.500000
Phase: valid, metric: concordance_q50: 0.500000
Phase: valid, metric: concordance_q75: 0.500000
Phase: test, metric: survival_loss: 4.295588
Phase: test, metric: concordance_q25: 0.499014
Phase: test, metric: concordance_q50: 0.500986
Phase: test, metric: concordance_q75: 0.500986
--- 2023-08-17 23:27:21.702759 ---
epoch 7
early stop metric: 0.476247
Phase: valid, metric: survival_loss: 0.476247
Phase: valid, metric: concordance_q25: 0.500000
Phase: valid, metric: concordance_q50: 0.500000
Phase: valid, metric: concordance_q75: 0.500000
Phase: test, metric: survival_loss: 4.677145
Phase: test, metric: concordance_q25: 0.500986
Phase: test, metric: concordance_q50: 0.500986
Phase: test, metric: concordance_q75: 0.499014
--- 2023-08-17 23:27:28.037814 ---
epoch 8
early stop metric: 0.476702
Phase: valid, metric: survival_loss: 0.476702
Phase: valid, metric: concordance_q25: 0.500000
Phase: valid, metric: concordance_q50: 0.500000
Phase: valid, metric: concordance_q75: 0.500000
Phase: test, metric: survival_loss: 4.984402
Phase: test, metric: concordance_q25: 0.499014
Phase: test, metric: concordance_q50: 0.499014
Phase: test, metric: concordance_q75: 0.499014
--- 2023-08-17 23:27:34.622617 ---
epoch 9
early stop metric: 0.478028
Phase: valid, metric: survival_loss: 0.478028
Phase: valid, metric: concordance_q25: 0.500000
Phase: valid, metric: concordance_q50: 0.500000
Phase: valid, metric: concordance_q75: 0.500000
Phase: test, metric: survival_loss: 5.387692
Phase: test, metric: concordance_q25: 0.499014
Phase: test, metric: concordance_q50: 0.499014
Phase: test, metric: concordance_q75: 0.500986
--- 2023-08-17 23:27:41.433356 ---
epoch 10
early stop metric: 0.476717
Phase: valid, metric: survival_loss: 0.476717
Phase: valid, metric: concordance_q25: 0.500000
Phase: valid, metric: concordance_q50: 0.500000
Phase: valid, metric: concordance_q75: 0.500000
Phase: test, metric: survival_loss: 4.816016
Phase: test, metric: concordance_q25: 0.499014
Phase: test, metric: concordance_q50: 0.499014
Phase: test, metric: concordance_q75: 0.499014
--- 2023-08-17 23:27:47.954720 ---
epoch 11
early stop metric: 0.477274
Phase: valid, metric: survival_loss: 0.477274
Phase: valid, metric: concordance_q25: 0.500000
Phase: valid, metric: concordance_q50: 0.500000
Phase: valid, metric: concordance_q75: 0.500000
Phase: test, metric: survival_loss: 4.415015
Phase: test, metric: concordance_q25: 0.499014
Phase: test, metric: concordance_q50: 0.500986
Phase: test, metric: concordance_q75: 0.499014
--- 2023-08-17 23:27:54.798898 ---
epoch 12
early stop metric: 0.477099
Phase: valid, metric: survival_loss: 0.477099
Phase: valid, metric: concordance_q25: 0.500000
Phase: valid, metric: concordance_q50: 0.500000
Phase: valid, metric: concordance_q75: 0.500000
Phase: test, metric: survival_loss: 5.178288
Phase: test, metric: concordance_q25: 0.500986
Phase: test, metric: concordance_q50: 0.500986
Phase: test, metric: concordance_q75: 0.499014
--- 2023-08-17 23:28:01.402092 ---
epoch 13
early stop metric: 0.479461
Phase: valid, metric: survival_loss: 0.479461
Phase: valid, metric: concordance_q25: 0.500000
Phase: valid, metric: concordance_q50: 0.500000
Phase: valid, metric: concordance_q75: 0.500000
Phase: test, metric: survival_loss: 5.623348
Phase: test, metric: concordance_q25: 0.499014
Phase: test, metric: concordance_q50: 0.499014
Phase: test, metric: concordance_q75: 0.500986
--- 2023-08-17 23:28:08.074459 ---
epoch 14
early stop metric: 0.476719
Phase: valid, metric: survival_loss: 0.476719
Phase: valid, metric: concordance_q25: 0.500000
Phase: valid, metric: concordance_q50: 0.500000
Phase: valid, metric: concordance_q75: 0.500000
Phase: test, metric: survival_loss: 4.835761
Phase: test, metric: concordance_q25: 0.500986
Phase: test, metric: concordance_q50: 0.500986
Phase: test, metric: concordance_q75: 0.499014
--- 2023-08-17 23:28:14.882924 ---
epoch 15
early stop metric: 0.477303
Phase: valid, metric: survival_loss: 0.477303
Phase: valid, metric: concordance_q25: 0.500000
Phase: valid, metric: concordance_q50: 0.500000
Phase: valid, metric: concordance_q75: 0.500000
Phase: test, metric: survival_loss: 4.735270
Phase: test, metric: concordance_q25: 0.500986
Phase: test, metric: concordance_q50: 0.499014
Phase: test, metric: concordance_q75: 0.499014
--- 2023-08-17 23:28:21.442382 ---
epoch 16
early stop metric: 0.476910
Phase: valid, metric: survival_loss: 0.476910
Phase: valid, metric: concordance_q25: 0.500000
Phase: valid, metric: concordance_q50: 0.500000
Phase: valid, metric: concordance_q75: 0.500000
Phase: test, metric: survival_loss: 4.989811
Phase: test, metric: concordance_q25: 0.499014
Phase: test, metric: concordance_q50: 0.499014
Phase: test, metric: concordance_q75: 0.500986
--- 2023-08-17 23:28:28.386475 ---
epoch 17
early stop metric: 0.478373
Phase: valid, metric: survival_loss: 0.478373
Phase: valid, metric: concordance_q25: 0.500000
Phase: valid, metric: concordance_q50: 0.500000
Phase: valid, metric: concordance_q75: 0.500000
Phase: test, metric: survival_loss: 5.569239
Phase: test, metric: concordance_q25: 0.499014
Phase: test, metric: concordance_q50: 0.500986
Phase: test, metric: concordance_q75: 0.500986
--- 2023-08-24 01:36:39.415238 ---
epoch 0
early stop metric: 0.411433
Phase: valid, metric: survival_loss: 0.411433
Phase: valid, metric: concordance_q25: 0.500000
Phase: valid, metric: concordance_q50: 0.500000
Phase: valid, metric: concordance_q75: 0.500000
Phase: test, metric: survival_loss: 0.414263
Phase: test, metric: concordance_q25: 0.500000
Phase: test, metric: concordance_q50: 0.500000
Phase: test, metric: concordance_q75: 0.500000
--- 2023-08-24 01:36:45.947014 ---
epoch 1
early stop metric: 0.409275
Phase: valid, metric: survival_loss: 0.409275
Phase: valid, metric: concordance_q25: 0.500000
Phase: valid, metric: concordance_q50: 0.500000
Phase: valid, metric: concordance_q75: 0.500000
Phase: test, metric: survival_loss: 0.411873
Phase: test, metric: concordance_q25: 0.500000
Phase: test, metric: concordance_q50: 0.500000
Phase: test, metric: concordance_q75: 0.500000
--- 2023-08-24 01:36:52.623100 ---
epoch 2
early stop metric: 0.404038
Phase: valid, metric: survival_loss: 0.404038
Phase: valid, metric: concordance_q25: 0.500000
Phase: valid, metric: concordance_q50: 0.500000
Phase: valid, metric: concordance_q75: 0.500000
Phase: test, metric: survival_loss: 0.407532
Phase: test, metric: concordance_q25: 0.500000
Phase: test, metric: concordance_q50: 0.500000
Phase: test, metric: concordance_q75: 0.500000
--- 2023-08-24 01:36:59.047013 ---
epoch 3
early stop metric: 0.403337
Phase: valid, metric: survival_loss: 0.403337
Phase: valid, metric: concordance_q25: 0.500000
Phase: valid, metric: concordance_q50: 0.500000
Phase: valid, metric: concordance_q75: 0.500000
Phase: test, metric: survival_loss: 0.406364
Phase: test, metric: concordance_q25: 0.500000
Phase: test, metric: concordance_q50: 0.500000
Phase: test, metric: concordance_q75: 0.500000
--- 2023-08-24 01:37:05.511570 ---
epoch 4
early stop metric: 0.402599
Phase: valid, metric: survival_loss: 0.402599
Phase: valid, metric: concordance_q25: 0.500000
Phase: valid, metric: concordance_q50: 0.500000
Phase: valid, metric: concordance_q75: 0.500000
Phase: test, metric: survival_loss: 0.406378
Phase: test, metric: concordance_q25: 0.500000
Phase: test, metric: concordance_q50: 0.500000
Phase: test, metric: concordance_q75: 0.500000
--- 2023-08-24 01:37:11.591573 ---
epoch 5
early stop metric: 0.404630
Phase: valid, metric: survival_loss: 0.404630
Phase: valid, metric: concordance_q25: 0.500000
Phase: valid, metric: concordance_q50: 0.500000
Phase: valid, metric: concordance_q75: 0.500000
Phase: test, metric: survival_loss: 0.409028
Phase: test, metric: concordance_q25: 0.500000
Phase: test, metric: concordance_q50: 0.500000
Phase: test, metric: concordance_q75: 0.500000
--- 2023-08-24 01:37:18.153197 ---
epoch 6
early stop metric: 0.409930
Phase: valid, metric: survival_loss: 0.409930
Phase: valid, metric: concordance_q25: 0.500000
Phase: valid, metric: concordance_q50: 0.500000
Phase: valid, metric: concordance_q75: 0.500000
Phase: test, metric: survival_loss: 0.412703
Phase: test, metric: concordance_q25: 0.500000
Phase: test, metric: concordance_q50: 0.500000
Phase: test, metric: concordance_q75: 0.500000
--- 2023-08-24 01:37:24.390958 ---
epoch 7
early stop metric: 0.405217
Phase: valid, metric: survival_loss: 0.405217
Phase: valid, metric: concordance_q25: 0.500000
Phase: valid, metric: concordance_q50: 0.500000
Phase: valid, metric: concordance_q75: 0.500000
Phase: test, metric: survival_loss: 0.408461
Phase: test, metric: concordance_q25: 0.500000
Phase: test, metric: concordance_q50: 0.500000
Phase: test, metric: concordance_q75: 0.500000
--- 2023-08-24 01:37:30.661928 ---
epoch 8
early stop metric: 0.403556
Phase: valid, metric: survival_loss: 0.403556
Phase: valid, metric: concordance_q25: 0.500000
Phase: valid, metric: concordance_q50: 0.500000
Phase: valid, metric: concordance_q75: 0.500000
Phase: test, metric: survival_loss: 0.406767
Phase: test, metric: concordance_q25: 0.500000
Phase: test, metric: concordance_q50: 0.500000
Phase: test, metric: concordance_q75: 0.500000
--- 2023-08-24 01:37:36.783113 ---
epoch 9
early stop metric: 0.406750
Phase: valid, metric: survival_loss: 0.406750
Phase: valid, metric: concordance_q25: 0.500000
Phase: valid, metric: concordance_q50: 0.500000
Phase: valid, metric: concordance_q75: 0.500000
Phase: test, metric: survival_loss: 0.409699
Phase: test, metric: concordance_q25: 0.500000
Phase: test, metric: concordance_q50: 0.500000
Phase: test, metric: concordance_q75: 0.500000
--- 2023-08-24 01:37:43.076078 ---
epoch 10
early stop metric: 0.408144
Phase: valid, metric: survival_loss: 0.408144
Phase: valid, metric: concordance_q25: 0.500000
Phase: valid, metric: concordance_q50: 0.500000
Phase: valid, metric: concordance_q75: 0.500000
Phase: test, metric: survival_loss: 0.410907
Phase: test, metric: concordance_q25: 0.500000
Phase: test, metric: concordance_q50: 0.500000
Phase: test, metric: concordance_q75: 0.500000
--- 2023-08-24 01:37:49.055751 ---
epoch 11
early stop metric: 0.404930
Phase: valid, metric: survival_loss: 0.404930
Phase: valid, metric: concordance_q25: 0.500000
Phase: valid, metric: concordance_q50: 0.500000
Phase: valid, metric: concordance_q75: 0.500000
Phase: test, metric: survival_loss: 0.408081
Phase: test, metric: concordance_q25: 0.500000
Phase: test, metric: concordance_q50: 0.500000
Phase: test, metric: concordance_q75: 0.500000
--- 2023-08-24 01:37:55.066914 ---
epoch 12
early stop metric: 0.401758
Phase: valid, metric: survival_loss: 0.401758
Phase: valid, metric: concordance_q25: 0.500000
Phase: valid, metric: concordance_q50: 0.500000
Phase: valid, metric: concordance_q75: 0.500000
Phase: test, metric: survival_loss: 0.405251
Phase: test, metric: concordance_q25: 0.500000
Phase: test, metric: concordance_q50: 0.500000
Phase: test, metric: concordance_q75: 0.500000
--- 2023-08-24 01:38:01.193220 ---
epoch 13
early stop metric: 0.402109
Phase: valid, metric: survival_loss: 0.402109
Phase: valid, metric: concordance_q25: 0.500000
Phase: valid, metric: concordance_q50: 0.500000
Phase: valid, metric: concordance_q75: 0.500000
Phase: test, metric: survival_loss: 0.405576
Phase: test, metric: concordance_q25: 0.500000
Phase: test, metric: concordance_q50: 0.500000
Phase: test, metric: concordance_q75: 0.500000
--- 2023-08-24 01:38:07.414577 ---
epoch 14
early stop metric: 0.402753
Phase: valid, metric: survival_loss: 0.402753
Phase: valid, metric: concordance_q25: 0.500000
Phase: valid, metric: concordance_q50: 0.500000
Phase: valid, metric: concordance_q75: 0.500000
Phase: test, metric: survival_loss: 0.406681
Phase: test, metric: concordance_q25: 0.500000
Phase: test, metric: concordance_q50: 0.500000
Phase: test, metric: concordance_q75: 0.500000
--- 2023-08-24 01:38:13.413506 ---
epoch 15
early stop metric: 0.406959
Phase: valid, metric: survival_loss: 0.406959
Phase: valid, metric: concordance_q25: 0.500000
Phase: valid, metric: concordance_q50: 0.500000
Phase: valid, metric: concordance_q75: 0.500000
Phase: test, metric: survival_loss: 0.409912
Phase: test, metric: concordance_q25: 0.500000
Phase: test, metric: concordance_q50: 0.500000
Phase: test, metric: concordance_q75: 0.500000
--- 2023-08-24 01:38:19.611929 ---
epoch 16
early stop metric: 0.402694
Phase: valid, metric: survival_loss: 0.402694
Phase: valid, metric: concordance_q25: 0.500000
Phase: valid, metric: concordance_q50: 0.500000
Phase: valid, metric: concordance_q75: 0.500000
Phase: test, metric: survival_loss: 0.406320
Phase: test, metric: concordance_q25: 0.500000
Phase: test, metric: concordance_q50: 0.500000
Phase: test, metric: concordance_q75: 0.500000
--- 2023-08-24 01:38:25.761715 ---
epoch 17
early stop metric: 0.405235
Phase: valid, metric: survival_loss: 0.405235
Phase: valid, metric: concordance_q25: 0.500000
Phase: valid, metric: concordance_q50: 0.500000
Phase: valid, metric: concordance_q75: 0.500000
Phase: test, metric: survival_loss: 0.408090
Phase: test, metric: concordance_q25: 0.500000
Phase: test, metric: concordance_q50: 0.500000
Phase: test, metric: concordance_q75: 0.500000
--- 2023-08-24 01:38:31.864237 ---
epoch 18
early stop metric: 0.406134
Phase: valid, metric: survival_loss: 0.406134
Phase: valid, metric: concordance_q25: 0.500000
Phase: valid, metric: concordance_q50: 0.500000
Phase: valid, metric: concordance_q75: 0.500000
Phase: test, metric: survival_loss: 0.409053
Phase: test, metric: concordance_q25: 0.500000
Phase: test, metric: concordance_q50: 0.500000
Phase: test, metric: concordance_q75: 0.500000
--- 2023-08-24 01:38:38.567212 ---
epoch 19
early stop metric: 0.402848
Phase: valid, metric: survival_loss: 0.402848
Phase: valid, metric: concordance_q25: 0.500000
Phase: valid, metric: concordance_q50: 0.500000
Phase: valid, metric: concordance_q75: 0.500000
Phase: test, metric: survival_loss: 0.406464
Phase: test, metric: concordance_q25: 0.500000
Phase: test, metric: concordance_q50: 0.500000
Phase: test, metric: concordance_q75: 0.500000
--- 2023-08-24 01:38:44.810058 ---
epoch 20
early stop metric: 0.404211
Phase: valid, metric: survival_loss: 0.404211
Phase: valid, metric: concordance_q25: 0.500000
Phase: valid, metric: concordance_q50: 0.500000
Phase: valid, metric: concordance_q75: 0.500000
Phase: test, metric: survival_loss: 0.407099
Phase: test, metric: concordance_q25: 0.500000
Phase: test, metric: concordance_q50: 0.500000
Phase: test, metric: concordance_q75: 0.500000
--- 2023-08-24 01:38:51.360628 ---
epoch 21
early stop metric: 0.403225
Phase: valid, metric: survival_loss: 0.403225
Phase: valid, metric: concordance_q25: 0.500000
Phase: valid, metric: concordance_q50: 0.500000
Phase: valid, metric: concordance_q75: 0.500000
Phase: test, metric: survival_loss: 0.406420
Phase: test, metric: concordance_q25: 0.500000
Phase: test, metric: concordance_q50: 0.500000
Phase: test, metric: concordance_q75: 0.500000
--- 2023-08-24 01:38:57.483015 ---
epoch 22
early stop metric: 0.402145
Phase: valid, metric: survival_loss: 0.402145
Phase: valid, metric: concordance_q25: 0.500000
Phase: valid, metric: concordance_q50: 0.500000
Phase: valid, metric: concordance_q75: 0.500000
Phase: test, metric: survival_loss: 0.405342
Phase: test, metric: concordance_q25: 0.500000
Phase: test, metric: concordance_q50: 0.500000
Phase: test, metric: concordance_q75: 0.500000
--- 2023-08-24 16:14:13.676557 ---
epoch 0
early stop metric: 0.191930
Phase: valid, metric: survival_loss: 0.191930
Phase: valid, metric: concordance_q25: 0.500000
Phase: valid, metric: concordance_q50: 0.500000
Phase: valid, metric: concordance_q75: 0.500000
Phase: test, metric: survival_loss: 0.203407
Phase: test, metric: concordance_q25: 0.500000
Phase: test, metric: concordance_q50: 0.500000
Phase: test, metric: concordance_q75: 0.500000
--- 2023-08-24 16:14:19.699020 ---
epoch 1
early stop metric: 0.183249
Phase: valid, metric: survival_loss: 0.183249
Phase: valid, metric: concordance_q25: 0.500000
Phase: valid, metric: concordance_q50: 0.500000
Phase: valid, metric: concordance_q75: 0.500000
Phase: test, metric: survival_loss: 0.195908
Phase: test, metric: concordance_q25: 0.500000
Phase: test, metric: concordance_q50: 0.500000
Phase: test, metric: concordance_q75: 0.500000
--- 2023-08-24 16:14:25.722496 ---
epoch 2
early stop metric: 0.180504
Phase: valid, metric: survival_loss: 0.180504
Phase: valid, metric: concordance_q25: 0.500000
Phase: valid, metric: concordance_q50: 0.500000
Phase: valid, metric: concordance_q75: 0.500000
Phase: test, metric: survival_loss: 0.194617
Phase: test, metric: concordance_q25: 0.500000
Phase: test, metric: concordance_q50: 0.500000
Phase: test, metric: concordance_q75: 0.500000
--- 2023-08-24 16:14:31.814379 ---
epoch 3
early stop metric: 0.189139
Phase: valid, metric: survival_loss: 0.189139
Phase: valid, metric: concordance_q25: 0.500000
Phase: valid, metric: concordance_q50: 0.500000
Phase: valid, metric: concordance_q75: 0.500000
Phase: test, metric: survival_loss: 0.200554
Phase: test, metric: concordance_q25: 0.500000
Phase: test, metric: concordance_q50: 0.500000
Phase: test, metric: concordance_q75: 0.500000
--- 2023-08-24 16:14:37.864566 ---
epoch 4
early stop metric: 0.178725
Phase: valid, metric: survival_loss: 0.178725
Phase: valid, metric: concordance_q25: 0.500000
Phase: valid, metric: concordance_q50: 0.500000
Phase: valid, metric: concordance_q75: 0.500000
Phase: test, metric: survival_loss: 0.196429
Phase: test, metric: concordance_q25: 0.500000
Phase: test, metric: concordance_q50: 0.500000
Phase: test, metric: concordance_q75: 0.500000
--- 2023-08-24 16:14:44.003271 ---
epoch 5
early stop metric: 0.178680
Phase: valid, metric: survival_loss: 0.178680
Phase: valid, metric: concordance_q25: 0.500000
Phase: valid, metric: concordance_q50: 0.500000
Phase: valid, metric: concordance_q75: 0.500000
Phase: test, metric: survival_loss: 0.196618
Phase: test, metric: concordance_q25: 0.500000
Phase: test, metric: concordance_q50: 0.500000
Phase: test, metric: concordance_q75: 0.500000
--- 2023-08-24 16:14:50.027230 ---
epoch 6
early stop metric: 0.188550
Phase: valid, metric: survival_loss: 0.188550
Phase: valid, metric: concordance_q25: 0.500000
Phase: valid, metric: concordance_q50: 0.500000
Phase: valid, metric: concordance_q75: 0.500000
Phase: test, metric: survival_loss: 0.201083
Phase: test, metric: concordance_q25: 0.500000
Phase: test, metric: concordance_q50: 0.500000
Phase: test, metric: concordance_q75: 0.500000
--- 2023-08-24 16:14:55.893794 ---
epoch 7
early stop metric: 0.180860
Phase: valid, metric: survival_loss: 0.180860
Phase: valid, metric: concordance_q25: 0.500000
Phase: valid, metric: concordance_q50: 0.500000
Phase: valid, metric: concordance_q75: 0.500000
Phase: test, metric: survival_loss: 0.195922
Phase: test, metric: concordance_q25: 0.500000
Phase: test, metric: concordance_q50: 0.500000
Phase: test, metric: concordance_q75: 0.500000
--- 2023-08-24 16:15:02.157418 ---
epoch 8
early stop metric: 0.179316
Phase: valid, metric: survival_loss: 0.179316
Phase: valid, metric: concordance_q25: 0.500000
Phase: valid, metric: concordance_q50: 0.500000
Phase: valid, metric: concordance_q75: 0.500000
Phase: test, metric: survival_loss: 0.194738
Phase: test, metric: concordance_q25: 0.500000
Phase: test, metric: concordance_q50: 0.500000
Phase: test, metric: concordance_q75: 0.500000
--- 2023-08-24 16:15:08.009282 ---
epoch 9
early stop metric: 0.181133
Phase: valid, metric: survival_loss: 0.181133
Phase: valid, metric: concordance_q25: 0.500000
Phase: valid, metric: concordance_q50: 0.500000
Phase: valid, metric: concordance_q75: 0.500000
Phase: test, metric: survival_loss: 0.195367
Phase: test, metric: concordance_q25: 0.500000
Phase: test, metric: concordance_q50: 0.500000
Phase: test, metric: concordance_q75: 0.500000
--- 2023-08-24 16:15:13.943558 ---
epoch 10
early stop metric: 0.182153
Phase: valid, metric: survival_loss: 0.182153
Phase: valid, metric: concordance_q25: 0.500000
Phase: valid, metric: concordance_q50: 0.500000
Phase: valid, metric: concordance_q75: 0.500000
Phase: test, metric: survival_loss: 0.196478
Phase: test, metric: concordance_q25: 0.500000
Phase: test, metric: concordance_q50: 0.500000
Phase: test, metric: concordance_q75: 0.500000
--- 2023-08-24 16:15:19.884217 ---
epoch 11
early stop metric: 0.181879
Phase: valid, metric: survival_loss: 0.181879
Phase: valid, metric: concordance_q25: 0.500000
Phase: valid, metric: concordance_q50: 0.500000
Phase: valid, metric: concordance_q75: 0.500000
Phase: test, metric: survival_loss: 0.196160
Phase: test, metric: concordance_q25: 0.500000
Phase: test, metric: concordance_q50: 0.500000
Phase: test, metric: concordance_q75: 0.500000
--- 2023-08-24 16:15:25.471072 ---
epoch 12
early stop metric: 0.179327
Phase: valid, metric: survival_loss: 0.179327
Phase: valid, metric: concordance_q25: 0.500000
Phase: valid, metric: concordance_q50: 0.500000
Phase: valid, metric: concordance_q75: 0.500000
Phase: test, metric: survival_loss: 0.194430
Phase: test, metric: concordance_q25: 0.500000
Phase: test, metric: concordance_q50: 0.500000
Phase: test, metric: concordance_q75: 0.500000
--- 2023-08-24 16:15:31.136977 ---
epoch 13
early stop metric: 0.178682
Phase: valid, metric: survival_loss: 0.178682
Phase: valid, metric: concordance_q25: 0.500000
Phase: valid, metric: concordance_q50: 0.500000
Phase: valid, metric: concordance_q75: 0.500000
Phase: test, metric: survival_loss: 0.194669
Phase: test, metric: concordance_q25: 0.500000
Phase: test, metric: concordance_q50: 0.500000
Phase: test, metric: concordance_q75: 0.500000
--- 2023-08-24 16:15:37.055145 ---
epoch 14
early stop metric: 0.178558
Phase: valid, metric: survival_loss: 0.178558
Phase: valid, metric: concordance_q25: 0.500000
Phase: valid, metric: concordance_q50: 0.500000
Phase: valid, metric: concordance_q75: 0.500000
Phase: test, metric: survival_loss: 0.195171
Phase: test, metric: concordance_q25: 0.500000
Phase: test, metric: concordance_q50: 0.500000
Phase: test, metric: concordance_q75: 0.500000
--- 2023-08-24 16:15:42.690695 ---
epoch 15
early stop metric: 0.186504
Phase: valid, metric: survival_loss: 0.186504
Phase: valid, metric: concordance_q25: 0.500000
Phase: valid, metric: concordance_q50: 0.500000
Phase: valid, metric: concordance_q75: 0.500000
Phase: test, metric: survival_loss: 0.199931
Phase: test, metric: concordance_q25: 0.500000
Phase: test, metric: concordance_q50: 0.500000
Phase: test, metric: concordance_q75: 0.500000
--- 2023-08-24 16:15:48.482692 ---
epoch 16
early stop metric: 0.179756
Phase: valid, metric: survival_loss: 0.179756
Phase: valid, metric: concordance_q25: 0.500000
Phase: valid, metric: concordance_q50: 0.500000
Phase: valid, metric: concordance_q75: 0.500000
Phase: test, metric: survival_loss: 0.195073
Phase: test, metric: concordance_q25: 0.500000
Phase: test, metric: concordance_q50: 0.500000
Phase: test, metric: concordance_q75: 0.500000
--- 2023-08-24 16:15:54.070740 ---
epoch 17
early stop metric: 0.180643
Phase: valid, metric: survival_loss: 0.180643
Phase: valid, metric: concordance_q25: 0.500000
Phase: valid, metric: concordance_q50: 0.500000
Phase: valid, metric: concordance_q75: 0.500000
Phase: test, metric: survival_loss: 0.195321
Phase: test, metric: concordance_q25: 0.500000
Phase: test, metric: concordance_q50: 0.500000
Phase: test, metric: concordance_q75: 0.500000
--- 2023-08-24 16:15:59.690017 ---
epoch 18
early stop metric: 0.179169
Phase: valid, metric: survival_loss: 0.179169
Phase: valid, metric: concordance_q25: 0.500000
Phase: valid, metric: concordance_q50: 0.500000
Phase: valid, metric: concordance_q75: 0.500000
Phase: test, metric: survival_loss: 0.194826
Phase: test, metric: concordance_q25: 0.500000
Phase: test, metric: concordance_q50: 0.500000
Phase: test, metric: concordance_q75: 0.500000
--- 2023-08-24 16:16:05.669630 ---
epoch 19
early stop metric: 0.178703
Phase: valid, metric: survival_loss: 0.178703
Phase: valid, metric: concordance_q25: 0.500000
Phase: valid, metric: concordance_q50: 0.500000
Phase: valid, metric: concordance_q75: 0.500000
Phase: test, metric: survival_loss: 0.196036
Phase: test, metric: concordance_q25: 0.500000
Phase: test, metric: concordance_q50: 0.500000
Phase: test, metric: concordance_q75: 0.500000
--- 2023-08-24 16:16:11.249971 ---
epoch 20
early stop metric: 0.183796
Phase: valid, metric: survival_loss: 0.183796
Phase: valid, metric: concordance_q25: 0.500000
Phase: valid, metric: concordance_q50: 0.500000
Phase: valid, metric: concordance_q75: 0.500000
Phase: test, metric: survival_loss: 0.196806
Phase: test, metric: concordance_q25: 0.500000
Phase: test, metric: concordance_q50: 0.500000
Phase: test, metric: concordance_q75: 0.500000
--- 2023-08-24 16:16:16.833545 ---
epoch 21
early stop metric: 0.178564
Phase: valid, metric: survival_loss: 0.178564
Phase: valid, metric: concordance_q25: 0.500000
Phase: valid, metric: concordance_q50: 0.500000
Phase: valid, metric: concordance_q75: 0.500000
Phase: test, metric: survival_loss: 0.194770
Phase: test, metric: concordance_q25: 0.500000
Phase: test, metric: concordance_q50: 0.500000
Phase: test, metric: concordance_q75: 0.500000
--- 2023-08-24 16:16:23.119728 ---
epoch 22
early stop metric: 0.179526
Phase: valid, metric: survival_loss: 0.179526
Phase: valid, metric: concordance_q25: 0.500000
Phase: valid, metric: concordance_q50: 0.500000
Phase: valid, metric: concordance_q75: 0.500000
Phase: test, metric: survival_loss: 0.194460
Phase: test, metric: concordance_q25: 0.500000
Phase: test, metric: concordance_q50: 0.500000
Phase: test, metric: concordance_q75: 0.500000
--- 2023-08-24 16:16:29.475585 ---
epoch 23
early stop metric: 0.178939
Phase: valid, metric: survival_loss: 0.178939
Phase: valid, metric: concordance_q25: 0.500000
Phase: valid, metric: concordance_q50: 0.500000
Phase: valid, metric: concordance_q75: 0.500000
Phase: test, metric: survival_loss: 0.195671
Phase: test, metric: concordance_q25: 0.500000
Phase: test, metric: concordance_q50: 0.500000
Phase: test, metric: concordance_q75: 0.500000
--- 2023-08-24 16:16:35.718740 ---
epoch 24
early stop metric: 0.186381
Phase: valid, metric: survival_loss: 0.186381
Phase: valid, metric: concordance_q25: 0.500000
Phase: valid, metric: concordance_q50: 0.500000
Phase: valid, metric: concordance_q75: 0.500000
Phase: test, metric: survival_loss: 0.199066
Phase: test, metric: concordance_q25: 0.500000
Phase: test, metric: concordance_q50: 0.500000
Phase: test, metric: concordance_q75: 0.500000
