--- 2023-08-08 23:15:01.674930 ---
epoch 0
early stop metric: 0.162180
Phase: valid, metric: survival_loss: 0.162180
Phase: valid, metric: concordance_q25: 0.669139
Phase: valid, metric: concordance_q50: 0.668944
Phase: valid, metric: concordance_q75: 0.669378
Phase: test, metric: survival_loss: 0.168805
Phase: test, metric: concordance_q25: 0.625565
Phase: test, metric: concordance_q50: 0.623846
Phase: test, metric: concordance_q75: 0.622111
--- 2023-08-08 23:15:10.823551 ---
epoch 1
early stop metric: 0.141224
Phase: valid, metric: survival_loss: 0.141224
Phase: valid, metric: concordance_q25: 0.669074
Phase: valid, metric: concordance_q50: 0.668835
Phase: valid, metric: concordance_q75: 0.666124
Phase: test, metric: survival_loss: 0.149906
Phase: test, metric: concordance_q25: 0.625221
Phase: test, metric: concordance_q50: 0.622471
Phase: test, metric: concordance_q75: 0.618592
--- 2023-08-08 23:15:20.894512 ---
epoch 2
early stop metric: 0.137440
Phase: valid, metric: survival_loss: 0.137440
Phase: valid, metric: concordance_q25: 0.670093
Phase: valid, metric: concordance_q50: 0.669052
Phase: valid, metric: concordance_q75: 0.667165
Phase: test, metric: survival_loss: 0.146803
Phase: test, metric: concordance_q25: 0.632243
Phase: test, metric: concordance_q50: 0.630705
Phase: test, metric: concordance_q75: 0.626612
--- 2023-08-08 23:15:33.094460 ---
epoch 3
early stop metric: 0.135122
Phase: valid, metric: survival_loss: 0.135122
Phase: valid, metric: concordance_q25: 0.668922
Phase: valid, metric: concordance_q50: 0.669204
Phase: valid, metric: concordance_q75: 0.666602
Phase: test, metric: survival_loss: 0.141593
Phase: test, metric: concordance_q25: 0.637137
Phase: test, metric: concordance_q50: 0.634862
Phase: test, metric: concordance_q75: 0.631588
--- 2023-08-08 23:15:45.176393 ---
epoch 4
early stop metric: 0.131216
Phase: valid, metric: survival_loss: 0.131216
Phase: valid, metric: concordance_q25: 0.667664
Phase: valid, metric: concordance_q50: 0.666537
Phase: valid, metric: concordance_q75: 0.664953
Phase: test, metric: survival_loss: 0.133133
Phase: test, metric: concordance_q25: 0.639887
Phase: test, metric: concordance_q50: 0.637301
Phase: test, metric: concordance_q75: 0.632554
--- 2023-08-08 23:15:59.755117 ---
epoch 5
early stop metric: 0.123791
Phase: valid, metric: survival_loss: 0.123791
Phase: valid, metric: concordance_q25: 0.666710
Phase: valid, metric: concordance_q50: 0.666103
Phase: valid, metric: concordance_q75: 0.663609
Phase: test, metric: survival_loss: 0.127356
Phase: test, metric: concordance_q25: 0.638823
Phase: test, metric: concordance_q50: 0.635370
Phase: test, metric: concordance_q75: 0.629182
--- 2023-08-08 23:16:20.508969 ---
epoch 6
early stop metric: 0.122624
Phase: valid, metric: survival_loss: 0.122624
Phase: valid, metric: concordance_q25: 0.668272
Phase: valid, metric: concordance_q50: 0.666775
Phase: valid, metric: concordance_q75: 0.663565
Phase: test, metric: survival_loss: 0.130841
Phase: test, metric: concordance_q25: 0.638414
Phase: test, metric: concordance_q50: 0.635321
Phase: test, metric: concordance_q75: 0.629657
--- 2023-08-08 23:16:36.296866 ---
epoch 7
early stop metric: 0.130392
Phase: valid, metric: survival_loss: 0.130392
Phase: valid, metric: concordance_q25: 0.667794
Phase: valid, metric: concordance_q50: 0.668272
Phase: valid, metric: concordance_q75: 0.664953
Phase: test, metric: survival_loss: 0.133875
Phase: test, metric: concordance_q25: 0.643849
Phase: test, metric: concordance_q50: 0.642637
Phase: test, metric: concordance_q75: 0.639282
--- 2023-08-08 23:16:52.863752 ---
epoch 8
early stop metric: 0.121628
Phase: valid, metric: survival_loss: 0.121628
Phase: valid, metric: concordance_q25: 0.668749
Phase: valid, metric: concordance_q50: 0.667903
Phase: valid, metric: concordance_q75: 0.663847
Phase: test, metric: survival_loss: 0.128307
Phase: test, metric: concordance_q25: 0.642785
Phase: test, metric: concordance_q50: 0.640493
Phase: test, metric: concordance_q75: 0.634191
--- 2023-08-08 23:17:08.950509 ---
epoch 9
early stop metric: 0.115926
Phase: valid, metric: survival_loss: 0.115926
Phase: valid, metric: concordance_q25: 0.666797
Phase: valid, metric: concordance_q50: 0.664411
Phase: valid, metric: concordance_q75: 0.659944
Phase: test, metric: survival_loss: 0.118493
Phase: test, metric: concordance_q25: 0.640215
Phase: test, metric: concordance_q50: 0.636352
Phase: test, metric: concordance_q75: 0.628560
--- 2023-08-08 23:17:24.968247 ---
epoch 10
early stop metric: 0.121592
Phase: valid, metric: survival_loss: 0.121592
Phase: valid, metric: concordance_q25: 0.663652
Phase: valid, metric: concordance_q50: 0.664216
Phase: valid, metric: concordance_q75: 0.659965
Phase: test, metric: survival_loss: 0.121858
Phase: test, metric: concordance_q25: 0.642441
Phase: test, metric: concordance_q50: 0.641541
Phase: test, metric: concordance_q75: 0.633635
--- 2023-08-08 23:17:42.196871 ---
epoch 11
early stop metric: 0.113828
Phase: valid, metric: survival_loss: 0.113828
Phase: valid, metric: concordance_q25: 0.667859
Phase: valid, metric: concordance_q50: 0.666059
Phase: valid, metric: concordance_q75: 0.661548
Phase: test, metric: survival_loss: 0.119246
Phase: test, metric: concordance_q25: 0.642916
Phase: test, metric: concordance_q50: 0.639871
Phase: test, metric: concordance_q75: 0.630917
--- 2023-08-08 23:17:58.774551 ---
epoch 12
early stop metric: 0.114847
Phase: valid, metric: survival_loss: 0.114847
Phase: valid, metric: concordance_q25: 0.666341
Phase: valid, metric: concordance_q50: 0.666797
Phase: valid, metric: concordance_q75: 0.661527
Phase: test, metric: survival_loss: 0.113861
Phase: test, metric: concordance_q25: 0.644700
Phase: test, metric: concordance_q50: 0.642392
Phase: test, metric: concordance_q75: 0.634944
--- 2023-08-08 23:18:15.861415 ---
epoch 13
early stop metric: 0.114858
Phase: valid, metric: survival_loss: 0.114858
Phase: valid, metric: concordance_q25: 0.665864
Phase: valid, metric: concordance_q50: 0.665170
Phase: valid, metric: concordance_q75: 0.660551
Phase: test, metric: survival_loss: 0.117219
Phase: test, metric: concordance_q25: 0.643194
Phase: test, metric: concordance_q50: 0.641000
Phase: test, metric: concordance_q75: 0.631605
--- 2023-08-08 23:18:34.405963 ---
epoch 14
step    10 total loss: 0.171246
early stop metric: 0.108893
Phase: valid, metric: survival_loss: 0.108893
Phase: valid, metric: concordance_q25: 0.669031
Phase: valid, metric: concordance_q50: 0.666667
Phase: valid, metric: concordance_q75: 0.660399
Phase: test, metric: survival_loss: 0.115585
Phase: test, metric: concordance_q25: 0.642637
Phase: test, metric: concordance_q50: 0.638578
Phase: test, metric: concordance_q75: 0.630164
--- 2023-08-08 23:18:51.872162 ---
epoch 15
early stop metric: 0.113472
Phase: valid, metric: survival_loss: 0.113472
Phase: valid, metric: concordance_q25: 0.665235
Phase: valid, metric: concordance_q50: 0.664129
Phase: valid, metric: concordance_q75: 0.658556
Phase: test, metric: survival_loss: 0.113539
Phase: test, metric: concordance_q25: 0.643292
Phase: test, metric: concordance_q50: 0.640264
Phase: test, metric: concordance_q75: 0.630050
--- 2023-08-08 23:19:11.081799 ---
epoch 16
early stop metric: 0.113125
Phase: valid, metric: survival_loss: 0.113125
Phase: valid, metric: concordance_q25: 0.664346
Phase: valid, metric: concordance_q50: 0.665756
Phase: valid, metric: concordance_q75: 0.659727
Phase: test, metric: survival_loss: 0.110895
Phase: test, metric: concordance_q25: 0.643194
Phase: test, metric: concordance_q50: 0.642212
Phase: test, metric: concordance_q75: 0.631277
--- 2023-08-08 23:19:29.959409 ---
epoch 17
early stop metric: 0.108678
Phase: valid, metric: survival_loss: 0.108678
Phase: valid, metric: concordance_q25: 0.665430
Phase: valid, metric: concordance_q50: 0.664476
Phase: valid, metric: concordance_q75: 0.659510
Phase: test, metric: survival_loss: 0.112247
Phase: test, metric: concordance_q25: 0.643178
Phase: test, metric: concordance_q50: 0.638971
Phase: test, metric: concordance_q75: 0.624583
--- 2023-08-08 23:19:48.999912 ---
epoch 18
early stop metric: 0.112255
Phase: valid, metric: survival_loss: 0.112255
Phase: valid, metric: concordance_q25: 0.668879
Phase: valid, metric: concordance_q50: 0.667014
Phase: valid, metric: concordance_q75: 0.660269
Phase: test, metric: survival_loss: 0.112467
Phase: test, metric: concordance_q25: 0.643947
Phase: test, metric: concordance_q50: 0.639265
Phase: test, metric: concordance_q75: 0.624730
--- 2023-08-08 23:20:08.440818 ---
epoch 19
early stop metric: 0.109057
Phase: valid, metric: survival_loss: 0.109057
Phase: valid, metric: concordance_q25: 0.667296
Phase: valid, metric: concordance_q50: 0.666884
Phase: valid, metric: concordance_q75: 0.659727
Phase: test, metric: survival_loss: 0.112640
Phase: test, metric: concordance_q25: 0.645273
Phase: test, metric: concordance_q50: 0.641311
Phase: test, metric: concordance_q75: 0.627594
--- 2023-08-08 23:20:28.870587 ---
epoch 20
early stop metric: 0.110243
Phase: valid, metric: survival_loss: 0.110243
Phase: valid, metric: concordance_q25: 0.665322
Phase: valid, metric: concordance_q50: 0.666450
Phase: valid, metric: concordance_q75: 0.659466
Phase: test, metric: survival_loss: 0.111219
Phase: test, metric: concordance_q25: 0.642883
Phase: test, metric: concordance_q50: 0.641033
Phase: test, metric: concordance_q75: 0.627202
--- 2023-08-08 23:20:48.173322 ---
epoch 21
early stop metric: 0.110482
Phase: valid, metric: survival_loss: 0.110482
Phase: valid, metric: concordance_q25: 0.665777
Phase: valid, metric: concordance_q50: 0.666450
Phase: valid, metric: concordance_q75: 0.660920
Phase: test, metric: survival_loss: 0.110233
Phase: test, metric: concordance_q25: 0.642523
Phase: test, metric: concordance_q50: 0.640084
Phase: test, metric: concordance_q75: 0.628282
--- 2023-08-08 23:21:08.145142 ---
epoch 22
early stop metric: 0.126455
Phase: valid, metric: survival_loss: 0.126455
Phase: valid, metric: concordance_q25: 0.661505
Phase: valid, metric: concordance_q50: 0.664368
Phase: valid, metric: concordance_q75: 0.662676
Phase: test, metric: survival_loss: 0.123469
Phase: test, metric: concordance_q25: 0.643767
Phase: test, metric: concordance_q50: 0.644487
Phase: test, metric: concordance_q75: 0.638300
--- 2023-08-08 23:21:27.650189 ---
epoch 23
early stop metric: 0.116689
Phase: valid, metric: survival_loss: 0.116689
Phase: valid, metric: concordance_q25: 0.663132
Phase: valid, metric: concordance_q50: 0.664194
Phase: valid, metric: concordance_q75: 0.658794
Phase: test, metric: survival_loss: 0.111751
Phase: test, metric: concordance_q25: 0.641508
Phase: test, metric: concordance_q50: 0.640166
Phase: test, metric: concordance_q75: 0.631474
--- 2023-08-08 23:21:47.725923 ---
epoch 24
early stop metric: 0.107654
Phase: valid, metric: survival_loss: 0.107654
Phase: valid, metric: concordance_q25: 0.666558
Phase: valid, metric: concordance_q50: 0.667079
Phase: valid, metric: concordance_q75: 0.661136
Phase: test, metric: survival_loss: 0.114714
Phase: test, metric: concordance_q25: 0.640771
Phase: test, metric: concordance_q50: 0.637579
Phase: test, metric: concordance_q75: 0.624697
--- 2023-08-08 23:22:08.889049 ---
epoch 25
early stop metric: 0.109878
Phase: valid, metric: survival_loss: 0.109878
Phase: valid, metric: concordance_q25: 0.666580
Phase: valid, metric: concordance_q50: 0.666623
Phase: valid, metric: concordance_q75: 0.659033
Phase: test, metric: survival_loss: 0.113519
Phase: test, metric: concordance_q25: 0.640951
Phase: test, metric: concordance_q50: 0.635877
Phase: test, metric: concordance_q75: 0.622225
--- 2023-08-08 23:22:28.832762 ---
epoch 26
early stop metric: 0.106678
Phase: valid, metric: survival_loss: 0.106678
Phase: valid, metric: concordance_q25: 0.668944
Phase: valid, metric: concordance_q50: 0.669052
Phase: valid, metric: concordance_q75: 0.660681
Phase: test, metric: survival_loss: 0.112827
Phase: test, metric: concordance_q25: 0.643489
Phase: test, metric: concordance_q50: 0.637416
Phase: test, metric: concordance_q75: 0.620900
--- 2023-08-08 23:22:49.824001 ---
epoch 27
early stop metric: 0.114407
Phase: valid, metric: survival_loss: 0.114407
Phase: valid, metric: concordance_q25: 0.665886
Phase: valid, metric: concordance_q50: 0.667534
Phase: valid, metric: concordance_q75: 0.658881
Phase: test, metric: survival_loss: 0.121196
Phase: test, metric: concordance_q25: 0.640820
Phase: test, metric: concordance_q50: 0.638185
Phase: test, metric: concordance_q75: 0.624844
--- 2023-08-08 23:23:13.093727 ---
epoch 28
step    20 total loss: 0.118944
early stop metric: 0.125053
Phase: valid, metric: survival_loss: 0.125053
Phase: valid, metric: concordance_q25: 0.661830
Phase: valid, metric: concordance_q50: 0.665300
Phase: valid, metric: concordance_q75: 0.660898
Phase: test, metric: survival_loss: 0.124942
Phase: test, metric: concordance_q25: 0.640624
Phase: test, metric: concordance_q50: 0.640788
Phase: test, metric: concordance_q75: 0.631441
--- 2023-08-08 23:23:34.404998 ---
epoch 29
early stop metric: 0.113101
Phase: valid, metric: survival_loss: 0.113101
Phase: valid, metric: concordance_q25: 0.666580
Phase: valid, metric: concordance_q50: 0.666341
Phase: valid, metric: concordance_q75: 0.655758
Phase: test, metric: survival_loss: 0.116010
Phase: test, metric: concordance_q25: 0.639855
Phase: test, metric: concordance_q50: 0.633438
Phase: test, metric: concordance_q75: 0.616938
--- 2023-08-08 23:23:55.886412 ---
epoch 30
early stop metric: 0.118878
Phase: valid, metric: survival_loss: 0.118878
Phase: valid, metric: concordance_q25: 0.667491
Phase: valid, metric: concordance_q50: 0.668879
Phase: valid, metric: concordance_q75: 0.662112
Phase: test, metric: survival_loss: 0.126217
Phase: test, metric: concordance_q25: 0.643521
Phase: test, metric: concordance_q50: 0.639887
Phase: test, metric: concordance_q75: 0.627496
--- 2023-08-08 23:24:17.586053 ---
epoch 31
early stop metric: 0.111225
Phase: valid, metric: survival_loss: 0.111225
Phase: valid, metric: concordance_q25: 0.665994
Phase: valid, metric: concordance_q50: 0.667556
Phase: valid, metric: concordance_q75: 0.660182
Phase: test, metric: survival_loss: 0.110486
Phase: test, metric: concordance_q25: 0.641933
Phase: test, metric: concordance_q50: 0.639134
Phase: test, metric: concordance_q75: 0.625303
--- 2023-08-08 23:24:39.153204 ---
epoch 32
early stop metric: 0.119380
Phase: valid, metric: survival_loss: 0.119380
Phase: valid, metric: concordance_q25: 0.664455
Phase: valid, metric: concordance_q50: 0.668272
Phase: valid, metric: concordance_q75: 0.662763
Phase: test, metric: survival_loss: 0.122862
Phase: test, metric: concordance_q25: 0.641639
Phase: test, metric: concordance_q50: 0.641688
Phase: test, metric: concordance_q75: 0.631588
--- 2023-08-08 23:25:00.669821 ---
epoch 33
early stop metric: 0.115962
Phase: valid, metric: survival_loss: 0.115962
Phase: valid, metric: concordance_q25: 0.665170
Phase: valid, metric: concordance_q50: 0.666406
Phase: valid, metric: concordance_q75: 0.658274
Phase: test, metric: survival_loss: 0.117142
Phase: test, metric: concordance_q25: 0.641393
Phase: test, metric: concordance_q50: 0.637825
Phase: test, metric: concordance_q75: 0.625892
--- 2023-08-08 23:25:23.164895 ---
epoch 34
early stop metric: 0.113901
Phase: valid, metric: survival_loss: 0.113901
Phase: valid, metric: concordance_q25: 0.665777
Phase: valid, metric: concordance_q50: 0.666255
Phase: valid, metric: concordance_q75: 0.656907
Phase: test, metric: survival_loss: 0.117746
Phase: test, metric: concordance_q25: 0.639806
Phase: test, metric: concordance_q50: 0.635173
Phase: test, metric: concordance_q75: 0.620343
--- 2023-08-08 23:25:45.912719 ---
epoch 35
early stop metric: 0.113465
Phase: valid, metric: survival_loss: 0.113465
Phase: valid, metric: concordance_q25: 0.667859
Phase: valid, metric: concordance_q50: 0.667100
Phase: valid, metric: concordance_q75: 0.657124
Phase: test, metric: survival_loss: 0.119153
Phase: test, metric: concordance_q25: 0.641181
Phase: test, metric: concordance_q50: 0.632898
Phase: test, metric: concordance_q75: 0.615842
--- 2023-08-08 23:26:08.288284 ---
epoch 36
early stop metric: 0.116735
Phase: valid, metric: survival_loss: 0.116735
Phase: valid, metric: concordance_q25: 0.668922
Phase: valid, metric: concordance_q50: 0.671264
Phase: valid, metric: concordance_q75: 0.664021
Phase: test, metric: survival_loss: 0.125515
Phase: test, metric: concordance_q25: 0.641819
Phase: test, metric: concordance_q50: 0.638545
Phase: test, metric: concordance_q75: 0.627251
--- 2023-08-13 13:05:20.519203 ---
epoch 0
early stop metric: 0.162180
Phase: valid, metric: survival_loss: 0.162180
Phase: valid, metric: concordance_q25: 0.669139
Phase: valid, metric: concordance_q50: 0.668944
Phase: valid, metric: concordance_q75: 0.669378
Phase: test, metric: survival_loss: 0.168805
Phase: test, metric: concordance_q25: 0.625565
Phase: test, metric: concordance_q50: 0.623846
Phase: test, metric: concordance_q75: 0.622111
--- 2023-08-13 13:05:30.367077 ---
epoch 1
early stop metric: 0.141224
Phase: valid, metric: survival_loss: 0.141224
Phase: valid, metric: concordance_q25: 0.669074
Phase: valid, metric: concordance_q50: 0.668835
Phase: valid, metric: concordance_q75: 0.666124
Phase: test, metric: survival_loss: 0.149906
Phase: test, metric: concordance_q25: 0.625221
Phase: test, metric: concordance_q50: 0.622471
Phase: test, metric: concordance_q75: 0.618592
--- 2023-08-13 13:05:41.088901 ---
epoch 2
early stop metric: 0.137440
Phase: valid, metric: survival_loss: 0.137440
Phase: valid, metric: concordance_q25: 0.670093
Phase: valid, metric: concordance_q50: 0.669052
Phase: valid, metric: concordance_q75: 0.667165
Phase: test, metric: survival_loss: 0.146803
Phase: test, metric: concordance_q25: 0.632243
Phase: test, metric: concordance_q50: 0.630705
Phase: test, metric: concordance_q75: 0.626612
--- 2023-08-13 13:05:53.670473 ---
epoch 3
early stop metric: 0.135122
Phase: valid, metric: survival_loss: 0.135122
Phase: valid, metric: concordance_q25: 0.668922
Phase: valid, metric: concordance_q50: 0.669204
Phase: valid, metric: concordance_q75: 0.666602
Phase: test, metric: survival_loss: 0.141593
Phase: test, metric: concordance_q25: 0.637137
Phase: test, metric: concordance_q50: 0.634862
Phase: test, metric: concordance_q75: 0.631588
--- 2023-08-13 13:06:06.784697 ---
epoch 4
early stop metric: 0.131216
Phase: valid, metric: survival_loss: 0.131216
Phase: valid, metric: concordance_q25: 0.667664
Phase: valid, metric: concordance_q50: 0.666537
Phase: valid, metric: concordance_q75: 0.664953
Phase: test, metric: survival_loss: 0.133133
Phase: test, metric: concordance_q25: 0.639887
Phase: test, metric: concordance_q50: 0.637301
Phase: test, metric: concordance_q75: 0.632554
--- 2023-08-13 13:06:20.766902 ---
epoch 5
early stop metric: 0.123791
Phase: valid, metric: survival_loss: 0.123791
Phase: valid, metric: concordance_q25: 0.666710
Phase: valid, metric: concordance_q50: 0.666103
Phase: valid, metric: concordance_q75: 0.663609
Phase: test, metric: survival_loss: 0.127356
Phase: test, metric: concordance_q25: 0.638823
Phase: test, metric: concordance_q50: 0.635370
Phase: test, metric: concordance_q75: 0.629182
--- 2023-08-13 13:06:38.591526 ---
epoch 6
early stop metric: 0.122624
Phase: valid, metric: survival_loss: 0.122624
Phase: valid, metric: concordance_q25: 0.668272
Phase: valid, metric: concordance_q50: 0.666775
Phase: valid, metric: concordance_q75: 0.663565
Phase: test, metric: survival_loss: 0.130841
Phase: test, metric: concordance_q25: 0.638414
Phase: test, metric: concordance_q50: 0.635321
Phase: test, metric: concordance_q75: 0.629657
--- 2023-08-13 13:06:55.299483 ---
epoch 7
early stop metric: 0.130392
Phase: valid, metric: survival_loss: 0.130392
Phase: valid, metric: concordance_q25: 0.667794
Phase: valid, metric: concordance_q50: 0.668272
Phase: valid, metric: concordance_q75: 0.664953
Phase: test, metric: survival_loss: 0.133875
Phase: test, metric: concordance_q25: 0.643849
Phase: test, metric: concordance_q50: 0.642637
Phase: test, metric: concordance_q75: 0.639282
--- 2023-08-13 13:07:12.353271 ---
epoch 8
early stop metric: 0.121628
Phase: valid, metric: survival_loss: 0.121628
Phase: valid, metric: concordance_q25: 0.668749
Phase: valid, metric: concordance_q50: 0.667903
Phase: valid, metric: concordance_q75: 0.663847
Phase: test, metric: survival_loss: 0.128307
Phase: test, metric: concordance_q25: 0.642785
Phase: test, metric: concordance_q50: 0.640493
Phase: test, metric: concordance_q75: 0.634191
--- 2023-08-13 13:07:29.717541 ---
epoch 9
early stop metric: 0.115926
Phase: valid, metric: survival_loss: 0.115926
Phase: valid, metric: concordance_q25: 0.666797
Phase: valid, metric: concordance_q50: 0.664411
Phase: valid, metric: concordance_q75: 0.659944
Phase: test, metric: survival_loss: 0.118493
Phase: test, metric: concordance_q25: 0.640215
Phase: test, metric: concordance_q50: 0.636352
Phase: test, metric: concordance_q75: 0.628560
--- 2023-08-13 13:07:49.120487 ---
epoch 10
early stop metric: 0.121592
Phase: valid, metric: survival_loss: 0.121592
Phase: valid, metric: concordance_q25: 0.663652
Phase: valid, metric: concordance_q50: 0.664216
Phase: valid, metric: concordance_q75: 0.659965
Phase: test, metric: survival_loss: 0.121858
Phase: test, metric: concordance_q25: 0.642441
Phase: test, metric: concordance_q50: 0.641541
Phase: test, metric: concordance_q75: 0.633635
--- 2023-08-13 13:08:06.645430 ---
epoch 11
early stop metric: 0.113828
Phase: valid, metric: survival_loss: 0.113828
Phase: valid, metric: concordance_q25: 0.667859
Phase: valid, metric: concordance_q50: 0.666059
Phase: valid, metric: concordance_q75: 0.661548
Phase: test, metric: survival_loss: 0.119246
Phase: test, metric: concordance_q25: 0.642916
Phase: test, metric: concordance_q50: 0.639871
Phase: test, metric: concordance_q75: 0.630917
--- 2023-08-13 13:08:26.141937 ---
epoch 12
early stop metric: 0.114847
Phase: valid, metric: survival_loss: 0.114847
Phase: valid, metric: concordance_q25: 0.666341
Phase: valid, metric: concordance_q50: 0.666797
Phase: valid, metric: concordance_q75: 0.661527
Phase: test, metric: survival_loss: 0.113861
Phase: test, metric: concordance_q25: 0.644700
Phase: test, metric: concordance_q50: 0.642392
Phase: test, metric: concordance_q75: 0.634944
--- 2023-08-13 13:08:44.178008 ---
epoch 13
early stop metric: 0.114858
Phase: valid, metric: survival_loss: 0.114858
Phase: valid, metric: concordance_q25: 0.665864
Phase: valid, metric: concordance_q50: 0.665170
Phase: valid, metric: concordance_q75: 0.660551
Phase: test, metric: survival_loss: 0.117219
Phase: test, metric: concordance_q25: 0.643194
Phase: test, metric: concordance_q50: 0.641000
Phase: test, metric: concordance_q75: 0.631605
--- 2023-08-13 13:09:03.869937 ---
epoch 14
step    10 total loss: 0.171246
early stop metric: 0.108893
Phase: valid, metric: survival_loss: 0.108893
Phase: valid, metric: concordance_q25: 0.669031
Phase: valid, metric: concordance_q50: 0.666667
Phase: valid, metric: concordance_q75: 0.660399
Phase: test, metric: survival_loss: 0.115585
Phase: test, metric: concordance_q25: 0.642637
Phase: test, metric: concordance_q50: 0.638578
Phase: test, metric: concordance_q75: 0.630164
--- 2023-08-13 13:09:22.720358 ---
epoch 15
early stop metric: 0.113472
Phase: valid, metric: survival_loss: 0.113472
Phase: valid, metric: concordance_q25: 0.665235
Phase: valid, metric: concordance_q50: 0.664129
Phase: valid, metric: concordance_q75: 0.658556
Phase: test, metric: survival_loss: 0.113539
Phase: test, metric: concordance_q25: 0.643292
Phase: test, metric: concordance_q50: 0.640264
Phase: test, metric: concordance_q75: 0.630050
--- 2023-08-13 13:09:41.370619 ---
epoch 16
early stop metric: 0.113125
Phase: valid, metric: survival_loss: 0.113125
Phase: valid, metric: concordance_q25: 0.664346
Phase: valid, metric: concordance_q50: 0.665756
Phase: valid, metric: concordance_q75: 0.659727
Phase: test, metric: survival_loss: 0.110895
Phase: test, metric: concordance_q25: 0.643194
Phase: test, metric: concordance_q50: 0.642212
Phase: test, metric: concordance_q75: 0.631277
--- 2023-08-13 13:10:00.838707 ---
epoch 17
early stop metric: 0.108678
Phase: valid, metric: survival_loss: 0.108678
Phase: valid, metric: concordance_q25: 0.665430
Phase: valid, metric: concordance_q50: 0.664476
Phase: valid, metric: concordance_q75: 0.659510
Phase: test, metric: survival_loss: 0.112247
Phase: test, metric: concordance_q25: 0.643178
Phase: test, metric: concordance_q50: 0.638971
Phase: test, metric: concordance_q75: 0.624583
--- 2023-08-13 13:10:20.549241 ---
epoch 18
early stop metric: 0.112255
Phase: valid, metric: survival_loss: 0.112255
Phase: valid, metric: concordance_q25: 0.668879
Phase: valid, metric: concordance_q50: 0.667014
Phase: valid, metric: concordance_q75: 0.660269
Phase: test, metric: survival_loss: 0.112467
Phase: test, metric: concordance_q25: 0.643947
Phase: test, metric: concordance_q50: 0.639265
Phase: test, metric: concordance_q75: 0.624730
--- 2023-08-13 13:10:40.441332 ---
epoch 19
early stop metric: 0.109057
Phase: valid, metric: survival_loss: 0.109057
Phase: valid, metric: concordance_q25: 0.667296
Phase: valid, metric: concordance_q50: 0.666884
Phase: valid, metric: concordance_q75: 0.659727
Phase: test, metric: survival_loss: 0.112640
Phase: test, metric: concordance_q25: 0.645273
Phase: test, metric: concordance_q50: 0.641311
Phase: test, metric: concordance_q75: 0.627594
--- 2023-08-13 13:11:01.769156 ---
epoch 20
early stop metric: 0.110243
Phase: valid, metric: survival_loss: 0.110243
Phase: valid, metric: concordance_q25: 0.665322
Phase: valid, metric: concordance_q50: 0.666450
Phase: valid, metric: concordance_q75: 0.659466
Phase: test, metric: survival_loss: 0.111219
Phase: test, metric: concordance_q25: 0.642883
Phase: test, metric: concordance_q50: 0.641033
Phase: test, metric: concordance_q75: 0.627202
--- 2023-08-13 13:11:22.403956 ---
epoch 21
early stop metric: 0.110482
Phase: valid, metric: survival_loss: 0.110482
Phase: valid, metric: concordance_q25: 0.665777
Phase: valid, metric: concordance_q50: 0.666450
Phase: valid, metric: concordance_q75: 0.660920
Phase: test, metric: survival_loss: 0.110233
Phase: test, metric: concordance_q25: 0.642523
Phase: test, metric: concordance_q50: 0.640084
Phase: test, metric: concordance_q75: 0.628282
--- 2023-08-13 13:11:44.479685 ---
epoch 22
early stop metric: 0.126455
Phase: valid, metric: survival_loss: 0.126455
Phase: valid, metric: concordance_q25: 0.661505
Phase: valid, metric: concordance_q50: 0.664368
Phase: valid, metric: concordance_q75: 0.662676
Phase: test, metric: survival_loss: 0.123469
Phase: test, metric: concordance_q25: 0.643767
Phase: test, metric: concordance_q50: 0.644487
Phase: test, metric: concordance_q75: 0.638300
--- 2023-08-13 13:12:05.699762 ---
epoch 23
early stop metric: 0.116689
Phase: valid, metric: survival_loss: 0.116689
Phase: valid, metric: concordance_q25: 0.663132
Phase: valid, metric: concordance_q50: 0.664194
Phase: valid, metric: concordance_q75: 0.658794
Phase: test, metric: survival_loss: 0.111751
Phase: test, metric: concordance_q25: 0.641508
Phase: test, metric: concordance_q50: 0.640166
Phase: test, metric: concordance_q75: 0.631474
--- 2023-08-13 13:12:27.255465 ---
epoch 24
early stop metric: 0.107654
Phase: valid, metric: survival_loss: 0.107654
Phase: valid, metric: concordance_q25: 0.666558
Phase: valid, metric: concordance_q50: 0.667079
Phase: valid, metric: concordance_q75: 0.661136
Phase: test, metric: survival_loss: 0.114714
Phase: test, metric: concordance_q25: 0.640771
Phase: test, metric: concordance_q50: 0.637579
Phase: test, metric: concordance_q75: 0.624697
--- 2023-08-13 13:12:50.017453 ---
epoch 25
early stop metric: 0.109878
Phase: valid, metric: survival_loss: 0.109878
Phase: valid, metric: concordance_q25: 0.666580
Phase: valid, metric: concordance_q50: 0.666623
Phase: valid, metric: concordance_q75: 0.659033
Phase: test, metric: survival_loss: 0.113519
Phase: test, metric: concordance_q25: 0.640951
Phase: test, metric: concordance_q50: 0.635877
Phase: test, metric: concordance_q75: 0.622225
--- 2023-08-13 13:13:12.107839 ---
epoch 26
early stop metric: 0.106678
Phase: valid, metric: survival_loss: 0.106678
Phase: valid, metric: concordance_q25: 0.668944
Phase: valid, metric: concordance_q50: 0.669052
Phase: valid, metric: concordance_q75: 0.660681
Phase: test, metric: survival_loss: 0.112827
Phase: test, metric: concordance_q25: 0.643489
Phase: test, metric: concordance_q50: 0.637416
Phase: test, metric: concordance_q75: 0.620900
--- 2023-08-13 13:13:34.483638 ---
epoch 27
early stop metric: 0.114407
Phase: valid, metric: survival_loss: 0.114407
Phase: valid, metric: concordance_q25: 0.665886
Phase: valid, metric: concordance_q50: 0.667534
Phase: valid, metric: concordance_q75: 0.658881
Phase: test, metric: survival_loss: 0.121196
Phase: test, metric: concordance_q25: 0.640820
Phase: test, metric: concordance_q50: 0.638185
Phase: test, metric: concordance_q75: 0.624844
--- 2023-08-13 13:13:56.915735 ---
epoch 28
step    20 total loss: 0.118944
early stop metric: 0.125053
Phase: valid, metric: survival_loss: 0.125053
Phase: valid, metric: concordance_q25: 0.661830
Phase: valid, metric: concordance_q50: 0.665300
Phase: valid, metric: concordance_q75: 0.660898
Phase: test, metric: survival_loss: 0.124942
Phase: test, metric: concordance_q25: 0.640624
Phase: test, metric: concordance_q50: 0.640788
Phase: test, metric: concordance_q75: 0.631441
--- 2023-08-13 13:14:21.225334 ---
epoch 29
early stop metric: 0.113101
Phase: valid, metric: survival_loss: 0.113101
Phase: valid, metric: concordance_q25: 0.666580
Phase: valid, metric: concordance_q50: 0.666341
Phase: valid, metric: concordance_q75: 0.655758
Phase: test, metric: survival_loss: 0.116010
Phase: test, metric: concordance_q25: 0.639855
Phase: test, metric: concordance_q50: 0.633438
Phase: test, metric: concordance_q75: 0.616938
--- 2023-08-13 13:14:46.257057 ---
epoch 30
early stop metric: 0.118878
Phase: valid, metric: survival_loss: 0.118878
Phase: valid, metric: concordance_q25: 0.667491
Phase: valid, metric: concordance_q50: 0.668879
Phase: valid, metric: concordance_q75: 0.662112
Phase: test, metric: survival_loss: 0.126217
Phase: test, metric: concordance_q25: 0.643521
Phase: test, metric: concordance_q50: 0.639887
Phase: test, metric: concordance_q75: 0.627496
--- 2023-08-13 13:15:08.850903 ---
epoch 31
early stop metric: 0.111225
Phase: valid, metric: survival_loss: 0.111225
Phase: valid, metric: concordance_q25: 0.665994
Phase: valid, metric: concordance_q50: 0.667556
Phase: valid, metric: concordance_q75: 0.660182
Phase: test, metric: survival_loss: 0.110486
Phase: test, metric: concordance_q25: 0.641933
Phase: test, metric: concordance_q50: 0.639134
Phase: test, metric: concordance_q75: 0.625303
--- 2023-08-13 13:15:34.016759 ---
epoch 32
early stop metric: 0.119380
Phase: valid, metric: survival_loss: 0.119380
Phase: valid, metric: concordance_q25: 0.664455
Phase: valid, metric: concordance_q50: 0.668272
Phase: valid, metric: concordance_q75: 0.662763
Phase: test, metric: survival_loss: 0.122862
Phase: test, metric: concordance_q25: 0.641639
Phase: test, metric: concordance_q50: 0.641688
Phase: test, metric: concordance_q75: 0.631588
--- 2023-08-13 13:16:00.921733 ---
epoch 33
early stop metric: 0.115962
Phase: valid, metric: survival_loss: 0.115962
Phase: valid, metric: concordance_q25: 0.665170
Phase: valid, metric: concordance_q50: 0.666406
Phase: valid, metric: concordance_q75: 0.658274
Phase: test, metric: survival_loss: 0.117142
Phase: test, metric: concordance_q25: 0.641393
Phase: test, metric: concordance_q50: 0.637825
Phase: test, metric: concordance_q75: 0.625892
--- 2023-08-13 13:16:28.373556 ---
epoch 34
early stop metric: 0.113901
Phase: valid, metric: survival_loss: 0.113901
Phase: valid, metric: concordance_q25: 0.665777
Phase: valid, metric: concordance_q50: 0.666255
Phase: valid, metric: concordance_q75: 0.656907
Phase: test, metric: survival_loss: 0.117746
Phase: test, metric: concordance_q25: 0.639806
Phase: test, metric: concordance_q50: 0.635173
Phase: test, metric: concordance_q75: 0.620343
--- 2023-08-13 13:16:53.700067 ---
epoch 35
early stop metric: 0.113465
Phase: valid, metric: survival_loss: 0.113465
Phase: valid, metric: concordance_q25: 0.667859
Phase: valid, metric: concordance_q50: 0.667100
Phase: valid, metric: concordance_q75: 0.657124
Phase: test, metric: survival_loss: 0.119153
Phase: test, metric: concordance_q25: 0.641181
Phase: test, metric: concordance_q50: 0.632898
Phase: test, metric: concordance_q75: 0.615842
--- 2023-08-13 13:17:18.343852 ---
epoch 36
early stop metric: 0.116735
Phase: valid, metric: survival_loss: 0.116735
Phase: valid, metric: concordance_q25: 0.668922
Phase: valid, metric: concordance_q50: 0.671264
Phase: valid, metric: concordance_q75: 0.664021
Phase: test, metric: survival_loss: 0.125515
Phase: test, metric: concordance_q25: 0.641819
Phase: test, metric: concordance_q50: 0.638545
Phase: test, metric: concordance_q75: 0.627251
--- 2023-08-15 22:39:06.932900 ---
epoch 0
early stop metric: 0.162276
Phase: valid, metric: survival_loss: 0.162276
Phase: valid, metric: concordance_q25: 0.668488
Phase: valid, metric: concordance_q50: 0.668619
Phase: valid, metric: concordance_q75: 0.669074
Phase: test, metric: survival_loss: 0.168567
Phase: test, metric: concordance_q25: 0.625450
Phase: test, metric: concordance_q50: 0.623944
Phase: test, metric: concordance_q75: 0.622062
--- 2023-08-15 22:39:27.368799 ---
epoch 1
early stop metric: 0.140842
Phase: valid, metric: survival_loss: 0.140842
Phase: valid, metric: concordance_q25: 0.669204
Phase: valid, metric: concordance_q50: 0.668770
Phase: valid, metric: concordance_q75: 0.666753
Phase: test, metric: survival_loss: 0.149630
Phase: test, metric: concordance_q25: 0.626039
Phase: test, metric: concordance_q50: 0.622913
Phase: test, metric: concordance_q75: 0.619017
--- 2023-08-15 22:39:49.189528 ---
epoch 2
early stop metric: 0.137348
Phase: valid, metric: survival_loss: 0.137348
Phase: valid, metric: concordance_q25: 0.669941
Phase: valid, metric: concordance_q50: 0.668857
Phase: valid, metric: concordance_q75: 0.667274
Phase: test, metric: survival_loss: 0.146793
Phase: test, metric: concordance_q25: 0.632030
Phase: test, metric: concordance_q50: 0.630475
Phase: test, metric: concordance_q75: 0.625925
--- 2023-08-15 22:40:13.682313 ---
epoch 3
early stop metric: 0.135347
Phase: valid, metric: survival_loss: 0.135347
Phase: valid, metric: concordance_q25: 0.669161
Phase: valid, metric: concordance_q50: 0.668857
Phase: valid, metric: concordance_q75: 0.666949
Phase: test, metric: survival_loss: 0.141928
Phase: test, metric: concordance_q25: 0.637301
Phase: test, metric: concordance_q50: 0.634600
Phase: test, metric: concordance_q75: 0.631507
--- 2023-08-15 22:40:38.044207 ---
epoch 4
early stop metric: 0.130906
Phase: valid, metric: survival_loss: 0.130906
Phase: valid, metric: concordance_q25: 0.667447
Phase: valid, metric: concordance_q50: 0.666602
Phase: valid, metric: concordance_q75: 0.665214
Phase: test, metric: survival_loss: 0.132998
Phase: test, metric: concordance_q25: 0.640117
Phase: test, metric: concordance_q50: 0.637498
Phase: test, metric: concordance_q75: 0.633143
--- 2023-08-15 22:41:03.937396 ---
epoch 5
early stop metric: 0.123585
Phase: valid, metric: survival_loss: 0.123585
Phase: valid, metric: concordance_q25: 0.666406
Phase: valid, metric: concordance_q50: 0.665214
Phase: valid, metric: concordance_q75: 0.663218
Phase: test, metric: survival_loss: 0.127216
Phase: test, metric: concordance_q25: 0.638758
Phase: test, metric: concordance_q50: 0.635435
Phase: test, metric: concordance_q75: 0.629231
--- 2023-08-15 22:41:31.372727 ---
epoch 6
early stop metric: 0.122314
Phase: valid, metric: survival_loss: 0.122314
Phase: valid, metric: concordance_q25: 0.668705
Phase: valid, metric: concordance_q50: 0.666818
Phase: valid, metric: concordance_q75: 0.664086
Phase: test, metric: survival_loss: 0.130586
Phase: test, metric: concordance_q25: 0.638987
Phase: test, metric: concordance_q50: 0.635975
Phase: test, metric: concordance_q75: 0.629542
--- 2023-08-15 22:41:58.197393 ---
epoch 7
early stop metric: 0.131197
Phase: valid, metric: survival_loss: 0.131197
Phase: valid, metric: concordance_q25: 0.666732
Phase: valid, metric: concordance_q50: 0.668098
Phase: valid, metric: concordance_q75: 0.665344
Phase: test, metric: survival_loss: 0.134103
Phase: test, metric: concordance_q25: 0.643685
Phase: test, metric: concordance_q50: 0.643423
Phase: test, metric: concordance_q75: 0.639986
--- 2023-08-15 22:42:26.248849 ---
epoch 8
early stop metric: 0.121068
Phase: valid, metric: survival_loss: 0.121068
Phase: valid, metric: concordance_q25: 0.668814
Phase: valid, metric: concordance_q50: 0.667859
Phase: valid, metric: concordance_q75: 0.664259
Phase: test, metric: survival_loss: 0.127409
Phase: test, metric: concordance_q25: 0.643292
Phase: test, metric: concordance_q50: 0.641606
Phase: test, metric: concordance_q75: 0.634911
--- 2023-08-15 22:42:55.651360 ---
epoch 9
early stop metric: 0.114807
Phase: valid, metric: survival_loss: 0.114807
Phase: valid, metric: concordance_q25: 0.666949
Phase: valid, metric: concordance_q50: 0.664433
Phase: valid, metric: concordance_q75: 0.660117
Phase: test, metric: survival_loss: 0.117262
Phase: test, metric: concordance_q25: 0.641164
Phase: test, metric: concordance_q50: 0.637383
Phase: test, metric: concordance_q75: 0.629346
--- 2023-08-15 22:43:25.649274 ---
epoch 10
early stop metric: 0.120446
Phase: valid, metric: survival_loss: 0.120446
Phase: valid, metric: concordance_q25: 0.664086
Phase: valid, metric: concordance_q50: 0.664324
Phase: valid, metric: concordance_q75: 0.660117
Phase: test, metric: survival_loss: 0.120772
Phase: test, metric: concordance_q25: 0.643161
Phase: test, metric: concordance_q50: 0.643014
Phase: test, metric: concordance_q75: 0.635664
--- 2023-08-15 22:43:55.632625 ---
epoch 11
early stop metric: 0.111920
Phase: valid, metric: survival_loss: 0.111920
Phase: valid, metric: concordance_q25: 0.669378
Phase: valid, metric: concordance_q50: 0.666840
Phase: valid, metric: concordance_q75: 0.662047
Phase: test, metric: survival_loss: 0.118125
Phase: test, metric: concordance_q25: 0.644176
Phase: test, metric: concordance_q50: 0.641131
Phase: test, metric: concordance_q75: 0.632210
--- 2023-08-15 22:44:27.142746 ---
epoch 12
early stop metric: 0.113436
Phase: valid, metric: survival_loss: 0.113436
Phase: valid, metric: concordance_q25: 0.666840
Phase: valid, metric: concordance_q50: 0.667165
Phase: valid, metric: concordance_q75: 0.661657
Phase: test, metric: survival_loss: 0.112491
Phase: test, metric: concordance_q25: 0.645142
Phase: test, metric: concordance_q50: 0.643718
Phase: test, metric: concordance_q75: 0.636630
--- 2023-08-15 22:44:58.805266 ---
epoch 13
early stop metric: 0.113282
Phase: valid, metric: survival_loss: 0.113282
Phase: valid, metric: concordance_q25: 0.666146
Phase: valid, metric: concordance_q50: 0.665018
Phase: valid, metric: concordance_q75: 0.660160
Phase: test, metric: survival_loss: 0.115538
Phase: test, metric: concordance_q25: 0.643865
Phase: test, metric: concordance_q50: 0.641672
Phase: test, metric: concordance_q75: 0.632309
--- 2023-08-15 22:45:32.910647 ---
epoch 14
step    10 total loss: 0.170664
early stop metric: 0.106401
Phase: valid, metric: survival_loss: 0.106401
Phase: valid, metric: concordance_q25: 0.670202
Phase: valid, metric: concordance_q50: 0.667708
Phase: valid, metric: concordance_q75: 0.661982
Phase: test, metric: survival_loss: 0.113121
Phase: test, metric: concordance_q25: 0.644962
Phase: test, metric: concordance_q50: 0.641508
Phase: test, metric: concordance_q75: 0.631850
--- 2023-08-15 22:46:05.253427 ---
epoch 15
early stop metric: 0.112737
Phase: valid, metric: survival_loss: 0.112737
Phase: valid, metric: concordance_q25: 0.665083
Phase: valid, metric: concordance_q50: 0.663956
Phase: valid, metric: concordance_q75: 0.658881
Phase: test, metric: survival_loss: 0.112813
Phase: test, metric: concordance_q25: 0.644127
Phase: test, metric: concordance_q50: 0.640542
Phase: test, metric: concordance_q75: 0.629837
--- 2023-08-15 22:46:40.910650 ---
epoch 16
early stop metric: 0.111486
Phase: valid, metric: survival_loss: 0.111486
Phase: valid, metric: concordance_q25: 0.664541
Phase: valid, metric: concordance_q50: 0.665669
Phase: valid, metric: concordance_q75: 0.660703
Phase: test, metric: survival_loss: 0.108228
Phase: test, metric: concordance_q25: 0.645387
Phase: test, metric: concordance_q50: 0.643865
Phase: test, metric: concordance_q75: 0.632882
--- 2023-08-15 22:47:15.054463 ---
epoch 17
early stop metric: 0.107958
Phase: valid, metric: survival_loss: 0.107958
Phase: valid, metric: concordance_q25: 0.665799
Phase: valid, metric: concordance_q50: 0.665691
Phase: valid, metric: concordance_q75: 0.658773
Phase: test, metric: survival_loss: 0.109689
Phase: test, metric: concordance_q25: 0.644831
Phase: test, metric: concordance_q50: 0.640264
Phase: test, metric: concordance_q75: 0.626891
--- 2023-08-15 22:47:49.783960 ---
epoch 18
early stop metric: 0.111479
Phase: valid, metric: survival_loss: 0.111479
Phase: valid, metric: concordance_q25: 0.668857
Phase: valid, metric: concordance_q50: 0.667339
Phase: valid, metric: concordance_q75: 0.659532
Phase: test, metric: survival_loss: 0.109770
Phase: test, metric: concordance_q25: 0.645338
Phase: test, metric: concordance_q50: 0.640264
Phase: test, metric: concordance_q75: 0.626530
--- 2023-08-15 22:48:26.412361 ---
epoch 19
early stop metric: 0.108001
Phase: valid, metric: survival_loss: 0.108001
Phase: valid, metric: concordance_q25: 0.667144
Phase: valid, metric: concordance_q50: 0.666623
Phase: valid, metric: concordance_q75: 0.659271
Phase: test, metric: survival_loss: 0.110507
Phase: test, metric: concordance_q25: 0.646779
Phase: test, metric: concordance_q50: 0.643128
Phase: test, metric: concordance_q75: 0.628446
--- 2023-08-15 22:49:02.691243 ---
epoch 20
early stop metric: 0.109393
Phase: valid, metric: survival_loss: 0.109393
Phase: valid, metric: concordance_q25: 0.665300
Phase: valid, metric: concordance_q50: 0.666428
Phase: valid, metric: concordance_q75: 0.659076
Phase: test, metric: survival_loss: 0.108991
Phase: test, metric: concordance_q25: 0.644978
Phase: test, metric: concordance_q50: 0.642048
Phase: test, metric: concordance_q75: 0.628167
--- 2023-08-15 22:49:37.926532 ---
epoch 21
early stop metric: 0.109502
Phase: valid, metric: survival_loss: 0.109502
Phase: valid, metric: concordance_q25: 0.665170
Phase: valid, metric: concordance_q50: 0.666320
Phase: valid, metric: concordance_q75: 0.659922
Phase: test, metric: survival_loss: 0.107475
Phase: test, metric: concordance_q25: 0.645436
Phase: test, metric: concordance_q50: 0.643145
Phase: test, metric: concordance_q75: 0.630213
--- 2023-08-15 22:50:14.446200 ---
epoch 22
early stop metric: 0.126389
Phase: valid, metric: survival_loss: 0.126389
Phase: valid, metric: concordance_q25: 0.662069
Phase: valid, metric: concordance_q50: 0.665452
Phase: valid, metric: concordance_q75: 0.661462
Phase: test, metric: survival_loss: 0.123276
Phase: test, metric: concordance_q25: 0.645273
Phase: test, metric: concordance_q50: 0.645436
Phase: test, metric: concordance_q75: 0.637792
--- 2023-08-15 22:50:52.453046 ---
epoch 23
early stop metric: 0.116444
Phase: valid, metric: survival_loss: 0.116444
Phase: valid, metric: concordance_q25: 0.662936
Phase: valid, metric: concordance_q50: 0.664433
Phase: valid, metric: concordance_q75: 0.657211
Phase: test, metric: survival_loss: 0.109328
Phase: test, metric: concordance_q25: 0.644012
Phase: test, metric: concordance_q50: 0.642064
Phase: test, metric: concordance_q75: 0.633062
--- 2023-08-15 22:51:30.439510 ---
epoch 24
early stop metric: 0.107673
Phase: valid, metric: survival_loss: 0.107673
Phase: valid, metric: concordance_q25: 0.667361
Phase: valid, metric: concordance_q50: 0.668120
Phase: valid, metric: concordance_q75: 0.660529
Phase: test, metric: survival_loss: 0.111945
Phase: test, metric: concordance_q25: 0.642801
Phase: test, metric: concordance_q50: 0.639429
Phase: test, metric: concordance_q75: 0.625908
