--- 2023-08-17 19:15:05.647495 ---
epoch 0
early stop metric: 0.416632
Phase: valid, metric: survival_loss: 0.416632
Phase: valid, metric: concordance_q25: 0.500000
Phase: valid, metric: concordance_q50: 0.500000
Phase: valid, metric: concordance_q75: 0.500000
Phase: test, metric: survival_loss: 1.260817
Phase: test, metric: concordance_q25: 0.498989
Phase: test, metric: concordance_q50: 0.501011
Phase: test, metric: concordance_q75: 0.498989
--- 2023-08-17 19:15:23.762828 ---
epoch 1
early stop metric: 0.416844
Phase: valid, metric: survival_loss: 0.416844
Phase: valid, metric: concordance_q25: 0.500000
Phase: valid, metric: concordance_q50: 0.500000
Phase: valid, metric: concordance_q75: 0.500000
Phase: test, metric: survival_loss: 1.269255
Phase: test, metric: concordance_q25: 0.501011
Phase: test, metric: concordance_q50: 0.498989
Phase: test, metric: concordance_q75: 0.498989
--- 2023-08-17 19:15:53.261676 ---
epoch 2
early stop metric: 0.416856
Phase: valid, metric: survival_loss: 0.416856
Phase: valid, metric: concordance_q25: 0.500000
Phase: valid, metric: concordance_q50: 0.500000
Phase: valid, metric: concordance_q75: 0.500000
Phase: test, metric: survival_loss: 1.266708
Phase: test, metric: concordance_q25: 0.501011
Phase: test, metric: concordance_q50: 0.501011
Phase: test, metric: concordance_q75: 0.501011
--- 2023-08-17 19:16:21.717221 ---
epoch 3
early stop metric: 0.416740
Phase: valid, metric: survival_loss: 0.416740
Phase: valid, metric: concordance_q25: 0.500000
Phase: valid, metric: concordance_q50: 0.500000
Phase: valid, metric: concordance_q75: 0.500000
Phase: test, metric: survival_loss: 1.263347
Phase: test, metric: concordance_q25: 0.498989
Phase: test, metric: concordance_q50: 0.498989
Phase: test, metric: concordance_q75: 0.501011
--- 2023-08-17 19:16:52.170907 ---
epoch 4
early stop metric: 0.416668
Phase: valid, metric: survival_loss: 0.416668
Phase: valid, metric: concordance_q25: 0.500000
Phase: valid, metric: concordance_q50: 0.500000
Phase: valid, metric: concordance_q75: 0.500000
Phase: test, metric: survival_loss: 1.256570
Phase: test, metric: concordance_q25: 0.498989
Phase: test, metric: concordance_q50: 0.501011
Phase: test, metric: concordance_q75: 0.501011
--- 2023-08-17 19:17:22.761437 ---
epoch 5
early stop metric: 0.416729
Phase: valid, metric: survival_loss: 0.416729
Phase: valid, metric: concordance_q25: 0.500000
Phase: valid, metric: concordance_q50: 0.500000
Phase: valid, metric: concordance_q75: 0.500000
Phase: test, metric: survival_loss: 1.262723
Phase: test, metric: concordance_q25: 0.498989
Phase: test, metric: concordance_q50: 0.501011
Phase: test, metric: concordance_q75: 0.501011
--- 2023-08-17 19:17:51.277460 ---
epoch 6
early stop metric: 0.416902
Phase: valid, metric: survival_loss: 0.416902
Phase: valid, metric: concordance_q25: 0.500000
Phase: valid, metric: concordance_q50: 0.500000
Phase: valid, metric: concordance_q75: 0.500000
Phase: test, metric: survival_loss: 1.268621
Phase: test, metric: concordance_q25: 0.498989
Phase: test, metric: concordance_q50: 0.498989
Phase: test, metric: concordance_q75: 0.498989
--- 2023-08-17 19:18:05.766017 ---
epoch 7
early stop metric: 0.416749
Phase: valid, metric: survival_loss: 0.416749
Phase: valid, metric: concordance_q25: 0.500000
Phase: valid, metric: concordance_q50: 0.500000
Phase: valid, metric: concordance_q75: 0.500000
Phase: test, metric: survival_loss: 1.257836
Phase: test, metric: concordance_q25: 0.498989
Phase: test, metric: concordance_q50: 0.498989
Phase: test, metric: concordance_q75: 0.501011
--- 2023-08-17 19:18:16.429428 ---
epoch 8
early stop metric: 0.416714
Phase: valid, metric: survival_loss: 0.416714
Phase: valid, metric: concordance_q25: 0.500000
Phase: valid, metric: concordance_q50: 0.500000
Phase: valid, metric: concordance_q75: 0.500000
Phase: test, metric: survival_loss: 1.252920
Phase: test, metric: concordance_q25: 0.501011
Phase: test, metric: concordance_q50: 0.498989
Phase: test, metric: concordance_q75: 0.501011
--- 2023-08-17 19:18:26.733823 ---
epoch 9
early stop metric: 0.416988
Phase: valid, metric: survival_loss: 0.416988
Phase: valid, metric: concordance_q25: 0.500000
Phase: valid, metric: concordance_q50: 0.500000
Phase: valid, metric: concordance_q75: 0.500000
Phase: test, metric: survival_loss: 1.272432
Phase: test, metric: concordance_q25: 0.501011
Phase: test, metric: concordance_q50: 0.501011
Phase: test, metric: concordance_q75: 0.501011
--- 2023-08-17 19:18:37.503154 ---
epoch 10
early stop metric: 0.416804
Phase: valid, metric: survival_loss: 0.416804
Phase: valid, metric: concordance_q25: 0.500000
Phase: valid, metric: concordance_q50: 0.500000
Phase: valid, metric: concordance_q75: 0.500000
Phase: test, metric: survival_loss: 1.262793
Phase: test, metric: concordance_q25: 0.498989
Phase: test, metric: concordance_q50: 0.498989
Phase: test, metric: concordance_q75: 0.498989
--- 2023-08-18 00:17:59.669185 ---
epoch 0
early stop metric: 0.529836
Phase: valid, metric: survival_loss: 0.529836
Phase: valid, metric: concordance_q25: 0.500000
Phase: valid, metric: concordance_q50: 0.500000
Phase: valid, metric: concordance_q75: 0.500000
Phase: test, metric: survival_loss: 10.350581
Phase: test, metric: concordance_q25: 0.500986
Phase: test, metric: concordance_q50: 0.500986
Phase: test, metric: concordance_q75: 0.499014
--- 2023-08-18 00:18:12.786100 ---
epoch 1
early stop metric: 0.504543
Phase: valid, metric: survival_loss: 0.504543
Phase: valid, metric: concordance_q25: 0.500000
Phase: valid, metric: concordance_q50: 0.500000
Phase: valid, metric: concordance_q75: 0.500000
Phase: test, metric: survival_loss: 11.649374
Phase: test, metric: concordance_q25: 0.500986
Phase: test, metric: concordance_q50: 0.499014
Phase: test, metric: concordance_q75: 0.500986
--- 2023-08-18 00:18:24.041236 ---
epoch 2
early stop metric: 0.488400
Phase: valid, metric: survival_loss: 0.488400
Phase: valid, metric: concordance_q25: 0.500000
Phase: valid, metric: concordance_q50: 0.500000
Phase: valid, metric: concordance_q75: 0.500000
Phase: test, metric: survival_loss: 8.289342
Phase: test, metric: concordance_q25: 0.499014
Phase: test, metric: concordance_q50: 0.500986
Phase: test, metric: concordance_q75: 0.499014
--- 2023-08-18 00:18:37.687775 ---
epoch 3
early stop metric: 0.481174
Phase: valid, metric: survival_loss: 0.481174
Phase: valid, metric: concordance_q25: 0.500000
Phase: valid, metric: concordance_q50: 0.500000
Phase: valid, metric: concordance_q75: 0.500000
Phase: test, metric: survival_loss: 6.511737
Phase: test, metric: concordance_q25: 0.500986
Phase: test, metric: concordance_q50: 0.500986
Phase: test, metric: concordance_q75: 0.500986
--- 2023-08-18 00:18:49.187464 ---
epoch 4
early stop metric: 0.478466
Phase: valid, metric: survival_loss: 0.478466
Phase: valid, metric: concordance_q25: 0.500000
Phase: valid, metric: concordance_q50: 0.500000
Phase: valid, metric: concordance_q75: 0.500000
Phase: test, metric: survival_loss: 5.669371
Phase: test, metric: concordance_q25: 0.499014
Phase: test, metric: concordance_q50: 0.500986
Phase: test, metric: concordance_q75: 0.499014
--- 2023-08-18 00:19:00.448948 ---
epoch 5
early stop metric: 0.479607
Phase: valid, metric: survival_loss: 0.479607
Phase: valid, metric: concordance_q25: 0.500000
Phase: valid, metric: concordance_q50: 0.500000
Phase: valid, metric: concordance_q75: 0.500000
Phase: test, metric: survival_loss: 6.032915
Phase: test, metric: concordance_q25: 0.500986
Phase: test, metric: concordance_q50: 0.499014
Phase: test, metric: concordance_q75: 0.499014
--- 2023-08-18 00:19:11.671083 ---
epoch 6
early stop metric: 0.477665
Phase: valid, metric: survival_loss: 0.477665
Phase: valid, metric: concordance_q25: 0.500000
Phase: valid, metric: concordance_q50: 0.500000
Phase: valid, metric: concordance_q75: 0.500000
Phase: test, metric: survival_loss: 5.483789
Phase: test, metric: concordance_q25: 0.499014
Phase: test, metric: concordance_q50: 0.500986
Phase: test, metric: concordance_q75: 0.499014
--- 2023-08-18 00:19:22.752587 ---
epoch 7
early stop metric: 0.477403
Phase: valid, metric: survival_loss: 0.477403
Phase: valid, metric: concordance_q25: 0.500000
Phase: valid, metric: concordance_q50: 0.500000
Phase: valid, metric: concordance_q75: 0.500000
Phase: test, metric: survival_loss: 5.390323
Phase: test, metric: concordance_q25: 0.500986
Phase: test, metric: concordance_q50: 0.500986
Phase: test, metric: concordance_q75: 0.499014
--- 2023-08-18 00:19:34.070840 ---
epoch 8
early stop metric: 0.478997
Phase: valid, metric: survival_loss: 0.478997
Phase: valid, metric: concordance_q25: 0.500000
Phase: valid, metric: concordance_q50: 0.500000
Phase: valid, metric: concordance_q75: 0.500000
Phase: test, metric: survival_loss: 5.799643
Phase: test, metric: concordance_q25: 0.500986
Phase: test, metric: concordance_q50: 0.500986
Phase: test, metric: concordance_q75: 0.499014
--- 2023-08-18 00:19:45.564191 ---
epoch 9
early stop metric: 0.477783
Phase: valid, metric: survival_loss: 0.477783
Phase: valid, metric: concordance_q25: 0.500000
Phase: valid, metric: concordance_q50: 0.500000
Phase: valid, metric: concordance_q75: 0.500000
Phase: test, metric: survival_loss: 5.500482
Phase: test, metric: concordance_q25: 0.500986
Phase: test, metric: concordance_q50: 0.499014
Phase: test, metric: concordance_q75: 0.500986
--- 2023-08-18 00:19:57.859376 ---
epoch 10
early stop metric: 0.476835
Phase: valid, metric: survival_loss: 0.476835
Phase: valid, metric: concordance_q25: 0.500000
Phase: valid, metric: concordance_q50: 0.500000
Phase: valid, metric: concordance_q75: 0.500000
Phase: test, metric: survival_loss: 5.150539
Phase: test, metric: concordance_q25: 0.499014
Phase: test, metric: concordance_q50: 0.500986
Phase: test, metric: concordance_q75: 0.499014
--- 2023-08-18 00:20:11.713467 ---
epoch 11
early stop metric: 0.476754
Phase: valid, metric: survival_loss: 0.476754
Phase: valid, metric: concordance_q25: 0.500000
Phase: valid, metric: concordance_q50: 0.500000
Phase: valid, metric: concordance_q75: 0.500000
Phase: test, metric: survival_loss: 5.125038
Phase: test, metric: concordance_q25: 0.500986
Phase: test, metric: concordance_q50: 0.500986
Phase: test, metric: concordance_q75: 0.500986
--- 2023-08-18 00:20:25.567552 ---
epoch 12
early stop metric: 0.478013
Phase: valid, metric: survival_loss: 0.478013
Phase: valid, metric: concordance_q25: 0.500000
Phase: valid, metric: concordance_q50: 0.500000
Phase: valid, metric: concordance_q75: 0.500000
Phase: test, metric: survival_loss: 5.490948
Phase: test, metric: concordance_q25: 0.499014
Phase: test, metric: concordance_q50: 0.500986
Phase: test, metric: concordance_q75: 0.499014
--- 2023-08-18 00:20:38.371034 ---
epoch 13
early stop metric: 0.478954
Phase: valid, metric: survival_loss: 0.478954
Phase: valid, metric: concordance_q25: 0.500000
Phase: valid, metric: concordance_q50: 0.500000
Phase: valid, metric: concordance_q75: 0.500000
Phase: test, metric: survival_loss: 5.661541
Phase: test, metric: concordance_q25: 0.500986
Phase: test, metric: concordance_q50: 0.499014
Phase: test, metric: concordance_q75: 0.499014
--- 2023-08-18 00:20:50.755385 ---
epoch 14
early stop metric: 0.476863
Phase: valid, metric: survival_loss: 0.476863
Phase: valid, metric: concordance_q25: 0.500000
Phase: valid, metric: concordance_q50: 0.500000
Phase: valid, metric: concordance_q75: 0.500000
Phase: test, metric: survival_loss: 5.186045
Phase: test, metric: concordance_q25: 0.499014
Phase: test, metric: concordance_q50: 0.500986
Phase: test, metric: concordance_q75: 0.500986
--- 2023-08-18 00:21:01.652150 ---
epoch 15
early stop metric: 0.476609
Phase: valid, metric: survival_loss: 0.476609
Phase: valid, metric: concordance_q25: 0.500000
Phase: valid, metric: concordance_q50: 0.500000
Phase: valid, metric: concordance_q75: 0.500000
Phase: test, metric: survival_loss: 5.072467
Phase: test, metric: concordance_q25: 0.499014
Phase: test, metric: concordance_q50: 0.499014
Phase: test, metric: concordance_q75: 0.499014
--- 2023-08-18 00:21:13.635067 ---
epoch 16
early stop metric: 0.476533
Phase: valid, metric: survival_loss: 0.476533
Phase: valid, metric: concordance_q25: 0.500000
Phase: valid, metric: concordance_q50: 0.500000
Phase: valid, metric: concordance_q75: 0.500000
Phase: test, metric: survival_loss: 5.007488
Phase: test, metric: concordance_q25: 0.499014
Phase: test, metric: concordance_q50: 0.500986
Phase: test, metric: concordance_q75: 0.499014
--- 2023-08-18 00:21:25.412553 ---
epoch 17
early stop metric: 0.477104
Phase: valid, metric: survival_loss: 0.477104
Phase: valid, metric: concordance_q25: 0.500000
Phase: valid, metric: concordance_q50: 0.500000
Phase: valid, metric: concordance_q75: 0.500000
Phase: test, metric: survival_loss: 5.250569
Phase: test, metric: concordance_q25: 0.499014
Phase: test, metric: concordance_q50: 0.499014
Phase: test, metric: concordance_q75: 0.500986
--- 2023-08-18 00:21:38.184858 ---
epoch 18
early stop metric: 0.476365
Phase: valid, metric: survival_loss: 0.476365
Phase: valid, metric: concordance_q25: 0.500000
Phase: valid, metric: concordance_q50: 0.500000
Phase: valid, metric: concordance_q75: 0.500000
Phase: test, metric: survival_loss: 4.919363
Phase: test, metric: concordance_q25: 0.500986
Phase: test, metric: concordance_q50: 0.500986
Phase: test, metric: concordance_q75: 0.500986
--- 2023-08-18 00:21:50.956886 ---
epoch 19
early stop metric: 0.476785
Phase: valid, metric: survival_loss: 0.476785
Phase: valid, metric: concordance_q25: 0.500000
Phase: valid, metric: concordance_q50: 0.500000
Phase: valid, metric: concordance_q75: 0.500000
Phase: test, metric: survival_loss: 5.137825
Phase: test, metric: concordance_q25: 0.500986
Phase: test, metric: concordance_q50: 0.500986
Phase: test, metric: concordance_q75: 0.499014
--- 2023-08-18 00:22:03.500259 ---
epoch 20
early stop metric: 0.477130
Phase: valid, metric: survival_loss: 0.477130
Phase: valid, metric: concordance_q25: 0.500000
Phase: valid, metric: concordance_q50: 0.500000
Phase: valid, metric: concordance_q75: 0.500000
Phase: test, metric: survival_loss: 5.238922
Phase: test, metric: concordance_q25: 0.500986
Phase: test, metric: concordance_q50: 0.500986
Phase: test, metric: concordance_q75: 0.500986
--- 2023-08-18 00:22:15.060412 ---
epoch 21
step    17 total loss: 0.456328
early stop metric: 0.477596
Phase: valid, metric: survival_loss: 0.477596
Phase: valid, metric: concordance_q25: 0.500000
Phase: valid, metric: concordance_q50: 0.500000
Phase: valid, metric: concordance_q75: 0.500000
Phase: test, metric: survival_loss: 5.370616
Phase: test, metric: concordance_q25: 0.500986
Phase: test, metric: concordance_q50: 0.500986
Phase: test, metric: concordance_q75: 0.499014
--- 2023-08-18 00:22:27.647424 ---
epoch 22
early stop metric: 0.476400
Phase: valid, metric: survival_loss: 0.476400
Phase: valid, metric: concordance_q25: 0.500000
Phase: valid, metric: concordance_q50: 0.500000
Phase: valid, metric: concordance_q75: 0.500000
Phase: test, metric: survival_loss: 4.973155
Phase: test, metric: concordance_q25: 0.500986
Phase: test, metric: concordance_q50: 0.499014
Phase: test, metric: concordance_q75: 0.499014
--- 2023-08-18 00:22:39.742794 ---
epoch 23
early stop metric: 0.476643
Phase: valid, metric: survival_loss: 0.476643
Phase: valid, metric: concordance_q25: 0.500000
Phase: valid, metric: concordance_q50: 0.500000
Phase: valid, metric: concordance_q75: 0.500000
Phase: test, metric: survival_loss: 5.084430
Phase: test, metric: concordance_q25: 0.499014
Phase: test, metric: concordance_q50: 0.500986
Phase: test, metric: concordance_q75: 0.499014
--- 2023-08-18 00:22:50.897787 ---
epoch 24
early stop metric: 0.478269
Phase: valid, metric: survival_loss: 0.478269
Phase: valid, metric: concordance_q25: 0.500000
Phase: valid, metric: concordance_q50: 0.500000
Phase: valid, metric: concordance_q75: 0.500000
Phase: test, metric: survival_loss: 5.482541
Phase: test, metric: concordance_q25: 0.500986
Phase: test, metric: concordance_q50: 0.500986
Phase: test, metric: concordance_q75: 0.500986
--- 2023-08-18 00:23:02.733379 ---
epoch 25
early stop metric: 0.476717
Phase: valid, metric: survival_loss: 0.476717
Phase: valid, metric: concordance_q25: 0.500000
Phase: valid, metric: concordance_q50: 0.500000
Phase: valid, metric: concordance_q75: 0.500000
Phase: test, metric: survival_loss: 5.115260
Phase: test, metric: concordance_q25: 0.500986
Phase: test, metric: concordance_q50: 0.499014
Phase: test, metric: concordance_q75: 0.500986
--- 2023-08-18 00:23:14.492220 ---
epoch 26
early stop metric: 0.476578
Phase: valid, metric: survival_loss: 0.476578
Phase: valid, metric: concordance_q25: 0.500000
Phase: valid, metric: concordance_q50: 0.500000
Phase: valid, metric: concordance_q75: 0.500000
Phase: test, metric: survival_loss: 5.049581
Phase: test, metric: concordance_q25: 0.500986
Phase: test, metric: concordance_q50: 0.499014
Phase: test, metric: concordance_q75: 0.499014
--- 2023-08-18 00:23:26.071554 ---
epoch 27
early stop metric: 0.476580
Phase: valid, metric: survival_loss: 0.476580
Phase: valid, metric: concordance_q25: 0.500000
Phase: valid, metric: concordance_q50: 0.500000
Phase: valid, metric: concordance_q75: 0.500000
Phase: test, metric: survival_loss: 5.023667
Phase: test, metric: concordance_q25: 0.499014
Phase: test, metric: concordance_q50: 0.499014
Phase: test, metric: concordance_q75: 0.500986
--- 2023-08-18 00:23:37.646627 ---
epoch 28
early stop metric: 0.476554
Phase: valid, metric: survival_loss: 0.476554
Phase: valid, metric: concordance_q25: 0.500000
Phase: valid, metric: concordance_q50: 0.500000
Phase: valid, metric: concordance_q75: 0.500000
Phase: test, metric: survival_loss: 5.037283
Phase: test, metric: concordance_q25: 0.499014
Phase: test, metric: concordance_q50: 0.499014
Phase: test, metric: concordance_q75: 0.499014
--- 2023-08-24 17:15:17.683574 ---
epoch 0
early stop metric: 0.220551
Phase: valid, metric: survival_loss: 0.220551
Phase: valid, metric: concordance_q25: 0.500000
Phase: valid, metric: concordance_q50: 0.500000
Phase: valid, metric: concordance_q75: 0.500000
Phase: test, metric: survival_loss: 0.238533
Phase: test, metric: concordance_q25: 0.500000
Phase: test, metric: concordance_q50: 0.500000
Phase: test, metric: concordance_q75: 0.500000
--- 2023-08-24 17:15:32.792015 ---
epoch 1
early stop metric: 0.195461
Phase: valid, metric: survival_loss: 0.195461
Phase: valid, metric: concordance_q25: 0.500000
Phase: valid, metric: concordance_q50: 0.500000
Phase: valid, metric: concordance_q75: 0.500000
Phase: test, metric: survival_loss: 0.213841
Phase: test, metric: concordance_q25: 0.500000
Phase: test, metric: concordance_q50: 0.500000
Phase: test, metric: concordance_q75: 0.500000
--- 2023-08-24 17:15:44.476966 ---
epoch 2
early stop metric: 0.185195
Phase: valid, metric: survival_loss: 0.185195
Phase: valid, metric: concordance_q25: 0.500000
Phase: valid, metric: concordance_q50: 0.500000
Phase: valid, metric: concordance_q75: 0.500000
Phase: test, metric: survival_loss: 0.202205
Phase: test, metric: concordance_q25: 0.500000
Phase: test, metric: concordance_q50: 0.500000
Phase: test, metric: concordance_q75: 0.500000
--- 2023-08-24 17:15:55.856795 ---
epoch 3
early stop metric: 0.183694
Phase: valid, metric: survival_loss: 0.183694
Phase: valid, metric: concordance_q25: 0.500000
Phase: valid, metric: concordance_q50: 0.500000
Phase: valid, metric: concordance_q75: 0.500000
Phase: test, metric: survival_loss: 0.198729
Phase: test, metric: concordance_q25: 0.500000
Phase: test, metric: concordance_q50: 0.500000
Phase: test, metric: concordance_q75: 0.500000
--- 2023-08-24 17:16:06.136799 ---
epoch 4
early stop metric: 0.180309
Phase: valid, metric: survival_loss: 0.180309
Phase: valid, metric: concordance_q25: 0.500000
Phase: valid, metric: concordance_q50: 0.500000
Phase: valid, metric: concordance_q75: 0.500000
Phase: test, metric: survival_loss: 0.196261
Phase: test, metric: concordance_q25: 0.500000
Phase: test, metric: concordance_q50: 0.500000
Phase: test, metric: concordance_q75: 0.500000
--- 2023-08-24 17:16:16.488928 ---
epoch 5
early stop metric: 0.180126
Phase: valid, metric: survival_loss: 0.180126
Phase: valid, metric: concordance_q25: 0.500000
Phase: valid, metric: concordance_q50: 0.500000
Phase: valid, metric: concordance_q75: 0.500000
Phase: test, metric: survival_loss: 0.195651
Phase: test, metric: concordance_q25: 0.500000
Phase: test, metric: concordance_q50: 0.500000
Phase: test, metric: concordance_q75: 0.500000
--- 2023-08-24 17:16:27.440290 ---
epoch 6
early stop metric: 0.180943
Phase: valid, metric: survival_loss: 0.180943
Phase: valid, metric: concordance_q25: 0.500000
Phase: valid, metric: concordance_q50: 0.500000
Phase: valid, metric: concordance_q75: 0.500000
Phase: test, metric: survival_loss: 0.195764
Phase: test, metric: concordance_q25: 0.500000
Phase: test, metric: concordance_q50: 0.500000
Phase: test, metric: concordance_q75: 0.500000
--- 2023-08-24 17:16:39.301441 ---
epoch 7
early stop metric: 0.181831
Phase: valid, metric: survival_loss: 0.181831
Phase: valid, metric: concordance_q25: 0.500000
Phase: valid, metric: concordance_q50: 0.500000
Phase: valid, metric: concordance_q75: 0.500000
Phase: test, metric: survival_loss: 0.196105
Phase: test, metric: concordance_q25: 0.500000
Phase: test, metric: concordance_q50: 0.500000
Phase: test, metric: concordance_q75: 0.500000
--- 2023-08-24 17:16:51.573870 ---
epoch 8
early stop metric: 0.181372
Phase: valid, metric: survival_loss: 0.181372
Phase: valid, metric: concordance_q25: 0.500000
Phase: valid, metric: concordance_q50: 0.500000
Phase: valid, metric: concordance_q75: 0.500000
Phase: test, metric: survival_loss: 0.195830
Phase: test, metric: concordance_q25: 0.500000
Phase: test, metric: concordance_q50: 0.500000
Phase: test, metric: concordance_q75: 0.500000
--- 2023-08-24 17:17:02.911228 ---
epoch 9
early stop metric: 0.180215
Phase: valid, metric: survival_loss: 0.180215
Phase: valid, metric: concordance_q25: 0.500000
Phase: valid, metric: concordance_q50: 0.500000
Phase: valid, metric: concordance_q75: 0.500000
Phase: test, metric: survival_loss: 0.195411
Phase: test, metric: concordance_q25: 0.500000
Phase: test, metric: concordance_q50: 0.500000
Phase: test, metric: concordance_q75: 0.500000
--- 2023-08-24 17:17:14.325326 ---
epoch 10
early stop metric: 0.182898
Phase: valid, metric: survival_loss: 0.182898
Phase: valid, metric: concordance_q25: 0.500000
Phase: valid, metric: concordance_q50: 0.500000
Phase: valid, metric: concordance_q75: 0.500000
Phase: test, metric: survival_loss: 0.196676
Phase: test, metric: concordance_q25: 0.500000
Phase: test, metric: concordance_q50: 0.500000
Phase: test, metric: concordance_q75: 0.500000
--- 2023-08-24 17:17:25.368851 ---
epoch 11
early stop metric: 0.180552
Phase: valid, metric: survival_loss: 0.180552
Phase: valid, metric: concordance_q25: 0.500000
Phase: valid, metric: concordance_q50: 0.500000
Phase: valid, metric: concordance_q75: 0.500000
Phase: test, metric: survival_loss: 0.195459
Phase: test, metric: concordance_q25: 0.500000
Phase: test, metric: concordance_q50: 0.500000
Phase: test, metric: concordance_q75: 0.500000
--- 2023-08-24 17:17:37.627895 ---
epoch 12
step    32 total loss: 0.235524
early stop metric: 0.180639
Phase: valid, metric: survival_loss: 0.180639
Phase: valid, metric: concordance_q25: 0.500000
Phase: valid, metric: concordance_q50: 0.500000
Phase: valid, metric: concordance_q75: 0.500000
Phase: test, metric: survival_loss: 0.195510
Phase: test, metric: concordance_q25: 0.500000
Phase: test, metric: concordance_q50: 0.500000
Phase: test, metric: concordance_q75: 0.500000
--- 2023-08-24 17:17:49.501710 ---
epoch 13
early stop metric: 0.180335
Phase: valid, metric: survival_loss: 0.180335
Phase: valid, metric: concordance_q25: 0.500000
Phase: valid, metric: concordance_q50: 0.500000
Phase: valid, metric: concordance_q75: 0.500000
Phase: test, metric: survival_loss: 0.195260
Phase: test, metric: concordance_q25: 0.500000
Phase: test, metric: concordance_q50: 0.500000
Phase: test, metric: concordance_q75: 0.500000
--- 2023-08-24 17:18:01.524049 ---
epoch 14
early stop metric: 0.179726
Phase: valid, metric: survival_loss: 0.179726
Phase: valid, metric: concordance_q25: 0.500000
Phase: valid, metric: concordance_q50: 0.500000
Phase: valid, metric: concordance_q75: 0.500000
Phase: test, metric: survival_loss: 0.195249
Phase: test, metric: concordance_q25: 0.500000
Phase: test, metric: concordance_q50: 0.500000
Phase: test, metric: concordance_q75: 0.500000
--- 2023-08-24 17:18:14.240225 ---
epoch 15
early stop metric: 0.181617
Phase: valid, metric: survival_loss: 0.181617
Phase: valid, metric: concordance_q25: 0.500000
Phase: valid, metric: concordance_q50: 0.500000
Phase: valid, metric: concordance_q75: 0.500000
Phase: test, metric: survival_loss: 0.196033
Phase: test, metric: concordance_q25: 0.500000
Phase: test, metric: concordance_q50: 0.500000
Phase: test, metric: concordance_q75: 0.500000
--- 2023-08-24 17:18:26.493826 ---
epoch 16
early stop metric: 0.180204
Phase: valid, metric: survival_loss: 0.180204
Phase: valid, metric: concordance_q25: 0.500000
Phase: valid, metric: concordance_q50: 0.500000
Phase: valid, metric: concordance_q75: 0.500000
Phase: test, metric: survival_loss: 0.195511
Phase: test, metric: concordance_q25: 0.500000
Phase: test, metric: concordance_q50: 0.500000
Phase: test, metric: concordance_q75: 0.500000
--- 2023-08-24 17:18:39.293679 ---
epoch 17
early stop metric: 0.181605
Phase: valid, metric: survival_loss: 0.181605
Phase: valid, metric: concordance_q25: 0.500000
Phase: valid, metric: concordance_q50: 0.500000
Phase: valid, metric: concordance_q75: 0.500000
Phase: test, metric: survival_loss: 0.196059
Phase: test, metric: concordance_q25: 0.500000
Phase: test, metric: concordance_q50: 0.500000
Phase: test, metric: concordance_q75: 0.500000
--- 2023-08-24 17:18:51.899293 ---
epoch 18
early stop metric: 0.180526
Phase: valid, metric: survival_loss: 0.180526
Phase: valid, metric: concordance_q25: 0.500000
Phase: valid, metric: concordance_q50: 0.500000
Phase: valid, metric: concordance_q75: 0.500000
Phase: test, metric: survival_loss: 0.195576
Phase: test, metric: concordance_q25: 0.500000
Phase: test, metric: concordance_q50: 0.500000
Phase: test, metric: concordance_q75: 0.500000
--- 2023-08-24 17:19:04.328037 ---
epoch 19
early stop metric: 0.179137
Phase: valid, metric: survival_loss: 0.179137
Phase: valid, metric: concordance_q25: 0.500000
Phase: valid, metric: concordance_q50: 0.500000
Phase: valid, metric: concordance_q75: 0.500000
Phase: test, metric: survival_loss: 0.195470
Phase: test, metric: concordance_q25: 0.500000
Phase: test, metric: concordance_q50: 0.500000
Phase: test, metric: concordance_q75: 0.500000
--- 2023-08-24 17:19:16.366192 ---
epoch 20
early stop metric: 0.182553
Phase: valid, metric: survival_loss: 0.182553
Phase: valid, metric: concordance_q25: 0.500000
Phase: valid, metric: concordance_q50: 0.500000
Phase: valid, metric: concordance_q75: 0.500000
Phase: test, metric: survival_loss: 0.196594
Phase: test, metric: concordance_q25: 0.500000
Phase: test, metric: concordance_q50: 0.500000
Phase: test, metric: concordance_q75: 0.500000
--- 2023-08-24 17:19:28.673929 ---
epoch 21
early stop metric: 0.180013
Phase: valid, metric: survival_loss: 0.180013
Phase: valid, metric: concordance_q25: 0.500000
Phase: valid, metric: concordance_q50: 0.500000
Phase: valid, metric: concordance_q75: 0.500000
Phase: test, metric: survival_loss: 0.195324
Phase: test, metric: concordance_q25: 0.500000
Phase: test, metric: concordance_q50: 0.500000
Phase: test, metric: concordance_q75: 0.500000
--- 2023-08-24 17:19:40.724641 ---
epoch 22
early stop metric: 0.179287
Phase: valid, metric: survival_loss: 0.179287
Phase: valid, metric: concordance_q25: 0.500000
Phase: valid, metric: concordance_q50: 0.500000
Phase: valid, metric: concordance_q75: 0.500000
Phase: test, metric: survival_loss: 0.195250
Phase: test, metric: concordance_q25: 0.500000
Phase: test, metric: concordance_q50: 0.500000
Phase: test, metric: concordance_q75: 0.500000
--- 2023-08-24 17:19:52.557817 ---
epoch 23
early stop metric: 0.180083
Phase: valid, metric: survival_loss: 0.180083
Phase: valid, metric: concordance_q25: 0.500000
Phase: valid, metric: concordance_q50: 0.500000
Phase: valid, metric: concordance_q75: 0.500000
Phase: test, metric: survival_loss: 0.195445
Phase: test, metric: concordance_q25: 0.500000
Phase: test, metric: concordance_q50: 0.500000
Phase: test, metric: concordance_q75: 0.500000
--- 2023-08-24 17:20:06.618392 ---
epoch 24
early stop metric: 0.180366
Phase: valid, metric: survival_loss: 0.180366
Phase: valid, metric: concordance_q25: 0.500000
Phase: valid, metric: concordance_q50: 0.500000
Phase: valid, metric: concordance_q75: 0.500000
Phase: test, metric: survival_loss: 0.195421
Phase: test, metric: concordance_q25: 0.500000
Phase: test, metric: concordance_q50: 0.500000
Phase: test, metric: concordance_q75: 0.500000
--- 2023-08-24 17:20:18.245147 ---
epoch 25
step    25 total loss: 0.221688
early stop metric: 0.180267
Phase: valid, metric: survival_loss: 0.180267
Phase: valid, metric: concordance_q25: 0.500000
Phase: valid, metric: concordance_q50: 0.500000
Phase: valid, metric: concordance_q75: 0.500000
Phase: test, metric: survival_loss: 0.195257
Phase: test, metric: concordance_q25: 0.500000
Phase: test, metric: concordance_q50: 0.500000
Phase: test, metric: concordance_q75: 0.500000
--- 2023-08-24 17:20:30.518861 ---
epoch 26
early stop metric: 0.179523
Phase: valid, metric: survival_loss: 0.179523
Phase: valid, metric: concordance_q25: 0.500000
Phase: valid, metric: concordance_q50: 0.500000
Phase: valid, metric: concordance_q75: 0.500000
Phase: test, metric: survival_loss: 0.195006
Phase: test, metric: concordance_q25: 0.500000
Phase: test, metric: concordance_q50: 0.500000
Phase: test, metric: concordance_q75: 0.500000
--- 2023-08-24 17:20:43.587792 ---
epoch 27
early stop metric: 0.180248
Phase: valid, metric: survival_loss: 0.180248
Phase: valid, metric: concordance_q25: 0.500000
Phase: valid, metric: concordance_q50: 0.500000
Phase: valid, metric: concordance_q75: 0.500000
Phase: test, metric: survival_loss: 0.195184
Phase: test, metric: concordance_q25: 0.500000
Phase: test, metric: concordance_q50: 0.500000
Phase: test, metric: concordance_q75: 0.500000
--- 2023-08-24 17:20:57.102759 ---
epoch 28
early stop metric: 0.180050
Phase: valid, metric: survival_loss: 0.180050
Phase: valid, metric: concordance_q25: 0.500000
Phase: valid, metric: concordance_q50: 0.500000
Phase: valid, metric: concordance_q75: 0.500000
Phase: test, metric: survival_loss: 0.195168
Phase: test, metric: concordance_q25: 0.500000
Phase: test, metric: concordance_q50: 0.500000
Phase: test, metric: concordance_q75: 0.500000
--- 2023-08-24 17:21:09.429489 ---
epoch 29
early stop metric: 0.181878
Phase: valid, metric: survival_loss: 0.181878
Phase: valid, metric: concordance_q25: 0.500000
Phase: valid, metric: concordance_q50: 0.500000
Phase: valid, metric: concordance_q75: 0.500000
Phase: test, metric: survival_loss: 0.196012
Phase: test, metric: concordance_q25: 0.500000
Phase: test, metric: concordance_q50: 0.500000
Phase: test, metric: concordance_q75: 0.500000
