--- 2023-08-25 21:26:02.532096 ---
epoch 0
early stop metric: 0.257898
Phase: valid, metric: survival_loss: 0.257898
Phase: valid, metric: concordance_q25: 0.500236
Phase: valid, metric: concordance_q50: 0.626851
Phase: valid, metric: concordance_q75: 0.500236
Phase: test, metric: survival_loss: 0.259264
Phase: test, metric: concordance_q25: 0.724389
Phase: test, metric: concordance_q50: 0.588122
Phase: test, metric: concordance_q75: 0.637068
--- 2023-08-25 21:26:58.142411 ---
epoch 1
early stop metric: 0.249931
Phase: valid, metric: survival_loss: 0.249931
Phase: valid, metric: concordance_q25: 0.500236
Phase: valid, metric: concordance_q50: 0.594605
Phase: valid, metric: concordance_q75: 0.594605
Phase: test, metric: survival_loss: 0.246827
Phase: test, metric: concordance_q25: 0.588122
Phase: test, metric: concordance_q50: 0.500801
Phase: test, metric: concordance_q75: 0.588122
--- 2023-08-25 21:28:07.245902 ---
epoch 2
early stop metric: 0.249843
Phase: valid, metric: survival_loss: 0.249843
Phase: valid, metric: concordance_q25: 0.500236
Phase: valid, metric: concordance_q50: 0.626851
Phase: valid, metric: concordance_q75: 0.594605
Phase: test, metric: survival_loss: 0.247807
Phase: test, metric: concordance_q25: 0.500801
Phase: test, metric: concordance_q50: 0.588122
Phase: test, metric: concordance_q75: 0.588122
--- 2023-08-25 21:29:20.795967 ---
epoch 3
early stop metric: 0.248206
Phase: valid, metric: survival_loss: 0.248206
Phase: valid, metric: concordance_q25: 0.721221
Phase: valid, metric: concordance_q50: 0.626851
Phase: valid, metric: concordance_q75: 0.594605
Phase: test, metric: survival_loss: 0.244840
Phase: test, metric: concordance_q25: 0.500801
Phase: test, metric: concordance_q50: 0.500801
Phase: test, metric: concordance_q75: 0.637068
--- 2023-08-25 21:30:32.424754 ---
epoch 4
early stop metric: 0.248103
Phase: valid, metric: survival_loss: 0.248103
Phase: valid, metric: concordance_q25: 0.594605
Phase: valid, metric: concordance_q50: 0.500236
Phase: valid, metric: concordance_q75: 0.721221
Phase: test, metric: survival_loss: 0.244978
Phase: test, metric: concordance_q25: 0.724389
Phase: test, metric: concordance_q50: 0.724389
Phase: test, metric: concordance_q75: 0.637068
--- 2023-08-25 21:31:40.953600 ---
epoch 5
early stop metric: 0.248826
Phase: valid, metric: survival_loss: 0.248826
Phase: valid, metric: concordance_q25: 0.594605
Phase: valid, metric: concordance_q50: 0.500236
Phase: valid, metric: concordance_q75: 0.594605
Phase: test, metric: survival_loss: 0.244408
Phase: test, metric: concordance_q25: 0.637068
Phase: test, metric: concordance_q50: 0.588122
Phase: test, metric: concordance_q75: 0.637068
--- 2023-08-25 21:32:51.146922 ---
epoch 6
step    32 total loss: 0.262941
early stop metric: 0.252177
Phase: valid, metric: survival_loss: 0.252177
Phase: valid, metric: concordance_q25: 0.594605
Phase: valid, metric: concordance_q50: 0.594605
Phase: valid, metric: concordance_q75: 0.626851
Phase: test, metric: survival_loss: 0.248264
Phase: test, metric: concordance_q25: 0.724389
Phase: test, metric: concordance_q50: 0.637068
Phase: test, metric: concordance_q75: 0.588122
--- 2023-08-25 21:34:00.289020 ---
epoch 7
early stop metric: 0.248240
Phase: valid, metric: survival_loss: 0.248240
Phase: valid, metric: concordance_q25: 0.626851
Phase: valid, metric: concordance_q50: 0.500236
Phase: valid, metric: concordance_q75: 0.626851
Phase: test, metric: survival_loss: 0.244108
Phase: test, metric: concordance_q25: 0.500801
Phase: test, metric: concordance_q50: 0.500801
Phase: test, metric: concordance_q75: 0.637068
--- 2023-08-25 21:35:08.818234 ---
epoch 8
early stop metric: 0.247776
Phase: valid, metric: survival_loss: 0.247776
Phase: valid, metric: concordance_q25: 0.626851
Phase: valid, metric: concordance_q50: 0.594605
Phase: valid, metric: concordance_q75: 0.594605
Phase: test, metric: survival_loss: 0.242782
Phase: test, metric: concordance_q25: 0.588122
Phase: test, metric: concordance_q50: 0.588122
Phase: test, metric: concordance_q75: 0.724389
--- 2023-08-25 21:36:15.571598 ---
epoch 9
early stop metric: 0.252073
Phase: valid, metric: survival_loss: 0.252073
Phase: valid, metric: concordance_q25: 0.594605
Phase: valid, metric: concordance_q50: 0.626851
Phase: valid, metric: concordance_q75: 0.721221
Phase: test, metric: survival_loss: 0.247282
Phase: test, metric: concordance_q25: 0.637068
Phase: test, metric: concordance_q50: 0.588122
Phase: test, metric: concordance_q75: 0.500801
--- 2023-08-25 21:37:25.523526 ---
epoch 10
early stop metric: 0.249197
Phase: valid, metric: survival_loss: 0.249197
Phase: valid, metric: concordance_q25: 0.594605
Phase: valid, metric: concordance_q50: 0.626851
Phase: valid, metric: concordance_q75: 0.626851
Phase: test, metric: survival_loss: 0.243206
Phase: test, metric: concordance_q25: 0.637068
Phase: test, metric: concordance_q50: 0.637068
Phase: test, metric: concordance_q75: 0.588122
--- 2023-08-25 21:38:34.421632 ---
epoch 11
early stop metric: 0.250007
Phase: valid, metric: survival_loss: 0.250007
Phase: valid, metric: concordance_q25: 0.626851
Phase: valid, metric: concordance_q50: 0.500236
Phase: valid, metric: concordance_q75: 0.721221
Phase: test, metric: survival_loss: 0.244882
Phase: test, metric: concordance_q25: 0.724389
Phase: test, metric: concordance_q50: 0.588122
Phase: test, metric: concordance_q75: 0.637068
--- 2023-08-25 21:39:40.584550 ---
epoch 12
step    64 total loss: 0.252641
early stop metric: 0.251526
Phase: valid, metric: survival_loss: 0.251526
Phase: valid, metric: concordance_q25: 0.721221
Phase: valid, metric: concordance_q50: 0.721221
Phase: valid, metric: concordance_q75: 0.626851
Phase: test, metric: survival_loss: 0.246493
Phase: test, metric: concordance_q25: 0.588122
Phase: test, metric: concordance_q50: 0.588122
Phase: test, metric: concordance_q75: 0.637068
--- 2023-08-25 21:40:48.035960 ---
epoch 13
early stop metric: 0.252175
Phase: valid, metric: survival_loss: 0.252175
Phase: valid, metric: concordance_q25: 0.594605
Phase: valid, metric: concordance_q50: 0.626851
Phase: valid, metric: concordance_q75: 0.500236
Phase: test, metric: survival_loss: 0.247124
Phase: test, metric: concordance_q25: 0.637068
Phase: test, metric: concordance_q50: 0.724389
Phase: test, metric: concordance_q75: 0.724389
--- 2023-08-25 21:41:53.514339 ---
epoch 14
early stop metric: 0.247608
Phase: valid, metric: survival_loss: 0.247608
Phase: valid, metric: concordance_q25: 0.500236
Phase: valid, metric: concordance_q50: 0.721221
Phase: valid, metric: concordance_q75: 0.721221
Phase: test, metric: survival_loss: 0.242006
Phase: test, metric: concordance_q25: 0.588122
Phase: test, metric: concordance_q50: 0.724389
Phase: test, metric: concordance_q75: 0.500801
--- 2023-08-25 21:42:59.660630 ---
epoch 15
early stop metric: 0.248691
Phase: valid, metric: survival_loss: 0.248691
Phase: valid, metric: concordance_q25: 0.721221
Phase: valid, metric: concordance_q50: 0.626851
Phase: valid, metric: concordance_q75: 0.594605
Phase: test, metric: survival_loss: 0.243492
Phase: test, metric: concordance_q25: 0.724389
Phase: test, metric: concordance_q50: 0.724389
Phase: test, metric: concordance_q75: 0.500801
--- 2023-08-25 21:44:02.762359 ---
epoch 16
early stop metric: 0.248641
Phase: valid, metric: survival_loss: 0.248641
Phase: valid, metric: concordance_q25: 0.721221
Phase: valid, metric: concordance_q50: 0.626851
Phase: valid, metric: concordance_q75: 0.626851
Phase: test, metric: survival_loss: 0.242727
Phase: test, metric: concordance_q25: 0.637068
Phase: test, metric: concordance_q50: 0.500801
Phase: test, metric: concordance_q75: 0.500801
--- 2023-08-25 21:45:08.431172 ---
epoch 17
early stop metric: 0.248208
Phase: valid, metric: survival_loss: 0.248208
Phase: valid, metric: concordance_q25: 0.721221
Phase: valid, metric: concordance_q50: 0.500236
Phase: valid, metric: concordance_q75: 0.500236
Phase: test, metric: survival_loss: 0.243060
Phase: test, metric: concordance_q25: 0.500801
Phase: test, metric: concordance_q50: 0.637068
Phase: test, metric: concordance_q75: 0.588122
--- 2023-08-25 21:46:13.787339 ---
epoch 18
early stop metric: 0.247921
Phase: valid, metric: survival_loss: 0.247921
Phase: valid, metric: concordance_q25: 0.626851
Phase: valid, metric: concordance_q50: 0.626851
Phase: valid, metric: concordance_q75: 0.721221
Phase: test, metric: survival_loss: 0.242490
Phase: test, metric: concordance_q25: 0.637068
Phase: test, metric: concordance_q50: 0.500801
Phase: test, metric: concordance_q75: 0.637068
--- 2023-08-25 21:47:18.664853 ---
epoch 19
step    18 total loss: 0.251601
early stop metric: 0.248510
Phase: valid, metric: survival_loss: 0.248510
Phase: valid, metric: concordance_q25: 0.721221
Phase: valid, metric: concordance_q50: 0.500236
Phase: valid, metric: concordance_q75: 0.721221
Phase: test, metric: survival_loss: 0.242442
Phase: test, metric: concordance_q25: 0.588122
Phase: test, metric: concordance_q50: 0.500801
Phase: test, metric: concordance_q75: 0.724389
--- 2023-08-25 21:48:23.213081 ---
epoch 20
early stop metric: 0.247919
Phase: valid, metric: survival_loss: 0.247919
Phase: valid, metric: concordance_q25: 0.500236
Phase: valid, metric: concordance_q50: 0.594605
Phase: valid, metric: concordance_q75: 0.657913
Phase: test, metric: survival_loss: 0.242202
Phase: test, metric: concordance_q25: 0.588122
Phase: test, metric: concordance_q50: 0.724389
Phase: test, metric: concordance_q75: 0.637068
--- 2023-08-25 21:49:28.250983 ---
epoch 21
early stop metric: 0.247976
Phase: valid, metric: survival_loss: 0.247976
Phase: valid, metric: concordance_q25: 0.721221
Phase: valid, metric: concordance_q50: 0.500236
Phase: valid, metric: concordance_q75: 0.721221
Phase: test, metric: survival_loss: 0.242343
Phase: test, metric: concordance_q25: 0.724389
Phase: test, metric: concordance_q50: 0.724389
Phase: test, metric: concordance_q75: 0.500801
--- 2023-08-25 21:50:34.383987 ---
epoch 22
early stop metric: 0.249180
Phase: valid, metric: survival_loss: 0.249180
Phase: valid, metric: concordance_q25: 0.626851
Phase: valid, metric: concordance_q50: 0.500236
Phase: valid, metric: concordance_q75: 0.594605
Phase: test, metric: survival_loss: 0.243163
Phase: test, metric: concordance_q25: 0.637068
Phase: test, metric: concordance_q50: 0.724389
Phase: test, metric: concordance_q75: 0.588122
--- 2023-08-25 21:51:38.110555 ---
epoch 23
early stop metric: 0.248321
Phase: valid, metric: survival_loss: 0.248321
Phase: valid, metric: concordance_q25: 0.594605
Phase: valid, metric: concordance_q50: 0.626851
Phase: valid, metric: concordance_q75: 0.721221
Phase: test, metric: survival_loss: 0.242960
Phase: test, metric: concordance_q25: 0.637068
Phase: test, metric: concordance_q50: 0.724389
Phase: test, metric: concordance_q75: 0.500801
--- 2023-08-25 21:52:41.663226 ---
epoch 24
early stop metric: 0.250850
Phase: valid, metric: survival_loss: 0.250850
Phase: valid, metric: concordance_q25: 0.500236
Phase: valid, metric: concordance_q50: 0.721221
Phase: valid, metric: concordance_q75: 0.500236
Phase: test, metric: survival_loss: 0.243996
Phase: test, metric: concordance_q25: 0.724389
Phase: test, metric: concordance_q50: 0.724389
Phase: test, metric: concordance_q75: 0.637068
