--- 2023-08-17 19:03:14.105429 ---
epoch 0
early stop metric: 0.433041
Phase: valid, metric: survival_loss: 0.433041
Phase: valid, metric: concordance_q25: 0.500000
Phase: valid, metric: concordance_q50: 0.500000
Phase: valid, metric: concordance_q75: 0.500000
Phase: test, metric: survival_loss: 1.641642
Phase: test, metric: concordance_q25: 0.501011
Phase: test, metric: concordance_q50: 0.501011
Phase: test, metric: concordance_q75: 0.498989
--- 2023-08-17 19:03:21.887743 ---
epoch 1
early stop metric: 0.428044
Phase: valid, metric: survival_loss: 0.428044
Phase: valid, metric: concordance_q25: 0.500000
Phase: valid, metric: concordance_q50: 0.500000
Phase: valid, metric: concordance_q75: 0.500000
Phase: test, metric: survival_loss: 1.521288
Phase: test, metric: concordance_q25: 0.498989
Phase: test, metric: concordance_q50: 0.501011
Phase: test, metric: concordance_q75: 0.501011
--- 2023-08-17 19:03:29.841530 ---
epoch 2
early stop metric: 0.424912
Phase: valid, metric: survival_loss: 0.424912
Phase: valid, metric: concordance_q25: 0.500000
Phase: valid, metric: concordance_q50: 0.500000
Phase: valid, metric: concordance_q75: 0.500000
Phase: test, metric: survival_loss: 1.445164
Phase: test, metric: concordance_q25: 0.498989
Phase: test, metric: concordance_q50: 0.498989
Phase: test, metric: concordance_q75: 0.501011
--- 2023-08-17 19:03:38.293636 ---
epoch 3
early stop metric: 0.422513
Phase: valid, metric: survival_loss: 0.422513
Phase: valid, metric: concordance_q25: 0.500000
Phase: valid, metric: concordance_q50: 0.500000
Phase: valid, metric: concordance_q75: 0.500000
Phase: test, metric: survival_loss: 1.382364
Phase: test, metric: concordance_q25: 0.501011
Phase: test, metric: concordance_q50: 0.498989
Phase: test, metric: concordance_q75: 0.498989
--- 2023-08-17 19:03:46.109406 ---
epoch 4
early stop metric: 0.421043
Phase: valid, metric: survival_loss: 0.421043
Phase: valid, metric: concordance_q25: 0.500000
Phase: valid, metric: concordance_q50: 0.500000
Phase: valid, metric: concordance_q75: 0.500000
Phase: test, metric: survival_loss: 1.338645
Phase: test, metric: concordance_q25: 0.498989
Phase: test, metric: concordance_q50: 0.498989
Phase: test, metric: concordance_q75: 0.498989
--- 2023-08-17 19:03:53.959425 ---
epoch 5
early stop metric: 0.419923
Phase: valid, metric: survival_loss: 0.419923
Phase: valid, metric: concordance_q25: 0.500000
Phase: valid, metric: concordance_q50: 0.500000
Phase: valid, metric: concordance_q75: 0.500000
Phase: test, metric: survival_loss: 1.304467
Phase: test, metric: concordance_q25: 0.501011
Phase: test, metric: concordance_q50: 0.498989
Phase: test, metric: concordance_q75: 0.501011
--- 2023-08-17 19:04:01.701406 ---
epoch 6
early stop metric: 0.419081
Phase: valid, metric: survival_loss: 0.419081
Phase: valid, metric: concordance_q25: 0.500000
Phase: valid, metric: concordance_q50: 0.500000
Phase: valid, metric: concordance_q75: 0.500000
Phase: test, metric: survival_loss: 1.274984
Phase: test, metric: concordance_q25: 0.498989
Phase: test, metric: concordance_q50: 0.498989
Phase: test, metric: concordance_q75: 0.501011
--- 2023-08-17 19:04:09.446980 ---
epoch 7
early stop metric: 0.418412
Phase: valid, metric: survival_loss: 0.418412
Phase: valid, metric: concordance_q25: 0.500000
Phase: valid, metric: concordance_q50: 0.500000
Phase: valid, metric: concordance_q75: 0.500000
Phase: test, metric: survival_loss: 1.248687
Phase: test, metric: concordance_q25: 0.501011
Phase: test, metric: concordance_q50: 0.498989
Phase: test, metric: concordance_q75: 0.498989
--- 2023-08-17 19:04:17.135826 ---
epoch 8
early stop metric: 0.417832
Phase: valid, metric: survival_loss: 0.417832
Phase: valid, metric: concordance_q25: 0.500000
Phase: valid, metric: concordance_q50: 0.500000
Phase: valid, metric: concordance_q75: 0.500000
Phase: test, metric: survival_loss: 1.227100
Phase: test, metric: concordance_q25: 0.501011
Phase: test, metric: concordance_q50: 0.498989
Phase: test, metric: concordance_q75: 0.498989
--- 2023-08-17 19:04:25.153393 ---
epoch 9
early stop metric: 0.417591
Phase: valid, metric: survival_loss: 0.417591
Phase: valid, metric: concordance_q25: 0.500000
Phase: valid, metric: concordance_q50: 0.500000
Phase: valid, metric: concordance_q75: 0.500000
Phase: test, metric: survival_loss: 1.217862
Phase: test, metric: concordance_q25: 0.501011
Phase: test, metric: concordance_q50: 0.498989
Phase: test, metric: concordance_q75: 0.501011
--- 2023-08-17 19:04:33.300304 ---
epoch 10
early stop metric: 0.417321
Phase: valid, metric: survival_loss: 0.417321
Phase: valid, metric: concordance_q25: 0.500000
Phase: valid, metric: concordance_q50: 0.500000
Phase: valid, metric: concordance_q75: 0.500000
Phase: test, metric: survival_loss: 1.206325
Phase: test, metric: concordance_q25: 0.498989
Phase: test, metric: concordance_q50: 0.498989
Phase: test, metric: concordance_q75: 0.501011
--- 2023-08-17 19:04:41.186338 ---
epoch 11
early stop metric: 0.417166
Phase: valid, metric: survival_loss: 0.417166
Phase: valid, metric: concordance_q25: 0.500000
Phase: valid, metric: concordance_q50: 0.500000
Phase: valid, metric: concordance_q75: 0.500000
Phase: test, metric: survival_loss: 1.201768
Phase: test, metric: concordance_q25: 0.498989
Phase: test, metric: concordance_q50: 0.501011
Phase: test, metric: concordance_q75: 0.501011
--- 2023-08-17 19:04:49.261574 ---
epoch 12
early stop metric: 0.416950
Phase: valid, metric: survival_loss: 0.416950
Phase: valid, metric: concordance_q25: 0.500000
Phase: valid, metric: concordance_q50: 0.500000
Phase: valid, metric: concordance_q75: 0.500000
Phase: test, metric: survival_loss: 1.191306
Phase: test, metric: concordance_q25: 0.498989
Phase: test, metric: concordance_q50: 0.501011
Phase: test, metric: concordance_q75: 0.498989
--- 2023-08-17 19:04:57.168279 ---
epoch 13
early stop metric: 0.416870
Phase: valid, metric: survival_loss: 0.416870
Phase: valid, metric: concordance_q25: 0.500000
Phase: valid, metric: concordance_q50: 0.500000
Phase: valid, metric: concordance_q75: 0.500000
Phase: test, metric: survival_loss: 1.190911
Phase: test, metric: concordance_q25: 0.498989
Phase: test, metric: concordance_q50: 0.498989
Phase: test, metric: concordance_q75: 0.501011
--- 2023-08-17 19:05:04.570969 ---
epoch 14
early stop metric: 0.416746
Phase: valid, metric: survival_loss: 0.416746
Phase: valid, metric: concordance_q25: 0.500000
Phase: valid, metric: concordance_q50: 0.500000
Phase: valid, metric: concordance_q75: 0.500000
Phase: test, metric: survival_loss: 1.185103
Phase: test, metric: concordance_q25: 0.498989
Phase: test, metric: concordance_q50: 0.498989
Phase: test, metric: concordance_q75: 0.498989
--- 2023-08-17 19:05:12.083062 ---
epoch 15
early stop metric: 0.416711
Phase: valid, metric: survival_loss: 0.416711
Phase: valid, metric: concordance_q25: 0.500000
Phase: valid, metric: concordance_q50: 0.500000
Phase: valid, metric: concordance_q75: 0.500000
Phase: test, metric: survival_loss: 1.186184
Phase: test, metric: concordance_q25: 0.501011
Phase: test, metric: concordance_q50: 0.498989
Phase: test, metric: concordance_q75: 0.498989
--- 2023-08-17 19:05:19.641521 ---
epoch 16
early stop metric: 0.416617
Phase: valid, metric: survival_loss: 0.416617
Phase: valid, metric: concordance_q25: 0.500000
Phase: valid, metric: concordance_q50: 0.500000
Phase: valid, metric: concordance_q75: 0.500000
Phase: test, metric: survival_loss: 1.179078
Phase: test, metric: concordance_q25: 0.498989
Phase: test, metric: concordance_q50: 0.498989
Phase: test, metric: concordance_q75: 0.501011
--- 2023-08-17 19:05:27.184693 ---
epoch 17
early stop metric: 0.416607
Phase: valid, metric: survival_loss: 0.416607
Phase: valid, metric: concordance_q25: 0.500000
Phase: valid, metric: concordance_q50: 0.500000
Phase: valid, metric: concordance_q75: 0.500000
Phase: test, metric: survival_loss: 1.180591
Phase: test, metric: concordance_q25: 0.498989
Phase: test, metric: concordance_q50: 0.501011
Phase: test, metric: concordance_q75: 0.498989
--- 2023-08-17 19:05:34.637303 ---
epoch 18
early stop metric: 0.416572
Phase: valid, metric: survival_loss: 0.416572
Phase: valid, metric: concordance_q25: 0.500000
Phase: valid, metric: concordance_q50: 0.500000
Phase: valid, metric: concordance_q75: 0.500000
Phase: test, metric: survival_loss: 1.183711
Phase: test, metric: concordance_q25: 0.498989
Phase: test, metric: concordance_q50: 0.501011
Phase: test, metric: concordance_q75: 0.498989
--- 2023-08-17 19:05:42.011744 ---
epoch 19
early stop metric: 0.416601
Phase: valid, metric: survival_loss: 0.416601
Phase: valid, metric: concordance_q25: 0.500000
Phase: valid, metric: concordance_q50: 0.500000
Phase: valid, metric: concordance_q75: 0.500000
Phase: test, metric: survival_loss: 1.190612
Phase: test, metric: concordance_q25: 0.501011
Phase: test, metric: concordance_q50: 0.501011
Phase: test, metric: concordance_q75: 0.501011
--- 2023-08-17 19:05:49.354124 ---
epoch 20
early stop metric: 0.416601
Phase: valid, metric: survival_loss: 0.416601
Phase: valid, metric: concordance_q25: 0.500000
Phase: valid, metric: concordance_q50: 0.500000
Phase: valid, metric: concordance_q75: 0.500000
Phase: test, metric: survival_loss: 1.192843
Phase: test, metric: concordance_q25: 0.498989
Phase: test, metric: concordance_q50: 0.501011
Phase: test, metric: concordance_q75: 0.498989
--- 2023-08-17 19:05:56.791266 ---
epoch 21
early stop metric: 0.416623
Phase: valid, metric: survival_loss: 0.416623
Phase: valid, metric: concordance_q25: 0.500000
Phase: valid, metric: concordance_q50: 0.500000
Phase: valid, metric: concordance_q75: 0.500000
Phase: test, metric: survival_loss: 1.197716
Phase: test, metric: concordance_q25: 0.498989
Phase: test, metric: concordance_q50: 0.498989
Phase: test, metric: concordance_q75: 0.498989
--- 2023-08-17 19:06:04.482175 ---
epoch 22
early stop metric: 0.416564
Phase: valid, metric: survival_loss: 0.416564
Phase: valid, metric: concordance_q25: 0.500000
Phase: valid, metric: concordance_q50: 0.500000
Phase: valid, metric: concordance_q75: 0.500000
Phase: test, metric: survival_loss: 1.195399
Phase: test, metric: concordance_q25: 0.501011
Phase: test, metric: concordance_q50: 0.501011
Phase: test, metric: concordance_q75: 0.498989
--- 2023-08-17 19:06:11.718089 ---
epoch 23
early stop metric: 0.416568
Phase: valid, metric: survival_loss: 0.416568
Phase: valid, metric: concordance_q25: 0.500000
Phase: valid, metric: concordance_q50: 0.500000
Phase: valid, metric: concordance_q75: 0.500000
Phase: test, metric: survival_loss: 1.200138
Phase: test, metric: concordance_q25: 0.501011
Phase: test, metric: concordance_q50: 0.498989
Phase: test, metric: concordance_q75: 0.501011
--- 2023-08-17 19:06:19.200134 ---
epoch 24
early stop metric: 0.416566
Phase: valid, metric: survival_loss: 0.416566
Phase: valid, metric: concordance_q25: 0.500000
Phase: valid, metric: concordance_q50: 0.500000
Phase: valid, metric: concordance_q75: 0.500000
Phase: test, metric: survival_loss: 1.200841
Phase: test, metric: concordance_q25: 0.501011
Phase: test, metric: concordance_q50: 0.501011
Phase: test, metric: concordance_q75: 0.501011
--- 2023-08-17 19:06:26.733736 ---
epoch 25
early stop metric: 0.416569
Phase: valid, metric: survival_loss: 0.416569
Phase: valid, metric: concordance_q25: 0.500000
Phase: valid, metric: concordance_q50: 0.500000
Phase: valid, metric: concordance_q75: 0.500000
Phase: test, metric: survival_loss: 1.201372
Phase: test, metric: concordance_q25: 0.498989
Phase: test, metric: concordance_q50: 0.501011
Phase: test, metric: concordance_q75: 0.498989
--- 2023-08-17 19:06:34.486100 ---
epoch 26
early stop metric: 0.416637
Phase: valid, metric: survival_loss: 0.416637
Phase: valid, metric: concordance_q25: 0.500000
Phase: valid, metric: concordance_q50: 0.500000
Phase: valid, metric: concordance_q75: 0.500000
Phase: test, metric: survival_loss: 1.209003
Phase: test, metric: concordance_q25: 0.500000
Phase: test, metric: concordance_q50: 0.498989
Phase: test, metric: concordance_q75: 0.501011
--- 2023-08-17 19:06:41.891625 ---
epoch 27
early stop metric: 0.416604
Phase: valid, metric: survival_loss: 0.416604
Phase: valid, metric: concordance_q25: 0.500000
Phase: valid, metric: concordance_q50: 0.500000
Phase: valid, metric: concordance_q75: 0.500000
Phase: test, metric: survival_loss: 1.204149
Phase: test, metric: concordance_q25: 0.501011
Phase: test, metric: concordance_q50: 0.498989
Phase: test, metric: concordance_q75: 0.501011
--- 2023-08-17 19:06:49.728766 ---
epoch 28
early stop metric: 0.416595
Phase: valid, metric: survival_loss: 0.416595
Phase: valid, metric: concordance_q25: 0.500000
Phase: valid, metric: concordance_q50: 0.500000
Phase: valid, metric: concordance_q75: 0.500000
Phase: test, metric: survival_loss: 1.203497
Phase: test, metric: concordance_q25: 0.498989
Phase: test, metric: concordance_q50: 0.498989
Phase: test, metric: concordance_q75: 0.498989
--- 2023-08-17 19:06:57.053195 ---
epoch 29
early stop metric: 0.416598
Phase: valid, metric: survival_loss: 0.416598
Phase: valid, metric: concordance_q25: 0.500000
Phase: valid, metric: concordance_q50: 0.500000
Phase: valid, metric: concordance_q75: 0.500000
Phase: test, metric: survival_loss: 1.207412
Phase: test, metric: concordance_q25: 0.498989
Phase: test, metric: concordance_q50: 0.501011
Phase: test, metric: concordance_q75: 0.498989
--- 2023-08-17 19:07:04.526194 ---
epoch 30
early stop metric: 0.416606
Phase: valid, metric: survival_loss: 0.416606
Phase: valid, metric: concordance_q25: 0.500000
Phase: valid, metric: concordance_q50: 0.500000
Phase: valid, metric: concordance_q75: 0.500000
Phase: test, metric: survival_loss: 1.211221
Phase: test, metric: concordance_q25: 0.501011
Phase: test, metric: concordance_q50: 0.498989
Phase: test, metric: concordance_q75: 0.501011
--- 2023-08-17 19:07:11.556053 ---
epoch 31
early stop metric: 0.416549
Phase: valid, metric: survival_loss: 0.416549
Phase: valid, metric: concordance_q25: 0.500000
Phase: valid, metric: concordance_q50: 0.500000
Phase: valid, metric: concordance_q75: 0.500000
Phase: test, metric: survival_loss: 1.206289
Phase: test, metric: concordance_q25: 0.498989
Phase: test, metric: concordance_q50: 0.498989
Phase: test, metric: concordance_q75: 0.501011
--- 2023-08-17 19:07:18.902275 ---
epoch 32
early stop metric: 0.416569
Phase: valid, metric: survival_loss: 0.416569
Phase: valid, metric: concordance_q25: 0.500000
Phase: valid, metric: concordance_q50: 0.500000
Phase: valid, metric: concordance_q75: 0.500000
Phase: test, metric: survival_loss: 1.209680
Phase: test, metric: concordance_q25: 0.500000
Phase: test, metric: concordance_q50: 0.501011
Phase: test, metric: concordance_q75: 0.498989
--- 2023-08-17 19:07:26.145526 ---
epoch 33
early stop metric: 0.416538
Phase: valid, metric: survival_loss: 0.416538
Phase: valid, metric: concordance_q25: 0.500000
Phase: valid, metric: concordance_q50: 0.500000
Phase: valid, metric: concordance_q75: 0.500000
Phase: test, metric: survival_loss: 1.205975
Phase: test, metric: concordance_q25: 0.501011
Phase: test, metric: concordance_q50: 0.498989
Phase: test, metric: concordance_q75: 0.501011
--- 2023-08-17 19:07:33.812940 ---
epoch 34
early stop metric: 0.416501
Phase: valid, metric: survival_loss: 0.416501
Phase: valid, metric: concordance_q25: 0.500000
Phase: valid, metric: concordance_q50: 0.500000
Phase: valid, metric: concordance_q75: 0.500000
Phase: test, metric: survival_loss: 1.202997
Phase: test, metric: concordance_q25: 0.498989
Phase: test, metric: concordance_q50: 0.501011
Phase: test, metric: concordance_q75: 0.501011
--- 2023-08-17 19:07:40.774969 ---
epoch 35
early stop metric: 0.416545
Phase: valid, metric: survival_loss: 0.416545
Phase: valid, metric: concordance_q25: 0.500000
Phase: valid, metric: concordance_q50: 0.500000
Phase: valid, metric: concordance_q75: 0.500000
Phase: test, metric: survival_loss: 1.209363
Phase: test, metric: concordance_q25: 0.501011
Phase: test, metric: concordance_q50: 0.498989
Phase: test, metric: concordance_q75: 0.498989
--- 2023-08-17 19:07:47.783799 ---
epoch 36
early stop metric: 0.416559
Phase: valid, metric: survival_loss: 0.416559
Phase: valid, metric: concordance_q25: 0.500000
Phase: valid, metric: concordance_q50: 0.500000
Phase: valid, metric: concordance_q75: 0.500000
Phase: test, metric: survival_loss: 1.211622
Phase: test, metric: concordance_q25: 0.501011
Phase: test, metric: concordance_q50: 0.498989
Phase: test, metric: concordance_q75: 0.501011
--- 2023-08-17 19:07:55.309272 ---
epoch 37
early stop metric: 0.416598
Phase: valid, metric: survival_loss: 0.416598
Phase: valid, metric: concordance_q25: 0.500000
Phase: valid, metric: concordance_q50: 0.500000
Phase: valid, metric: concordance_q75: 0.500000
Phase: test, metric: survival_loss: 1.217482
Phase: test, metric: concordance_q25: 0.498989
Phase: test, metric: concordance_q50: 0.501011
Phase: test, metric: concordance_q75: 0.498989
--- 2023-08-17 19:08:02.537963 ---
epoch 38
early stop metric: 0.416609
Phase: valid, metric: survival_loss: 0.416609
Phase: valid, metric: concordance_q25: 0.500000
Phase: valid, metric: concordance_q50: 0.500000
Phase: valid, metric: concordance_q75: 0.500000
Phase: test, metric: survival_loss: 1.219735
Phase: test, metric: concordance_q25: 0.501011
Phase: test, metric: concordance_q50: 0.498989
Phase: test, metric: concordance_q75: 0.498989
--- 2023-08-17 19:08:10.056994 ---
epoch 39
early stop metric: 0.416630
Phase: valid, metric: survival_loss: 0.416630
Phase: valid, metric: concordance_q25: 0.500000
Phase: valid, metric: concordance_q50: 0.500000
Phase: valid, metric: concordance_q75: 0.500000
Phase: test, metric: survival_loss: 1.221082
Phase: test, metric: concordance_q25: 0.498989
Phase: test, metric: concordance_q50: 0.501011
Phase: test, metric: concordance_q75: 0.501011
--- 2023-08-17 19:08:17.209300 ---
epoch 40
early stop metric: 0.416705
Phase: valid, metric: survival_loss: 0.416705
Phase: valid, metric: concordance_q25: 0.500000
Phase: valid, metric: concordance_q50: 0.500000
Phase: valid, metric: concordance_q75: 0.500000
Phase: test, metric: survival_loss: 1.231591
Phase: test, metric: concordance_q25: 0.501011
Phase: test, metric: concordance_q50: 0.498989
Phase: test, metric: concordance_q75: 0.498989
--- 2023-08-17 19:08:24.942785 ---
epoch 41
early stop metric: 0.416662
Phase: valid, metric: survival_loss: 0.416662
Phase: valid, metric: concordance_q25: 0.500000
Phase: valid, metric: concordance_q50: 0.500000
Phase: valid, metric: concordance_q75: 0.500000
Phase: test, metric: survival_loss: 1.228222
Phase: test, metric: concordance_q25: 0.500000
Phase: test, metric: concordance_q50: 0.498989
Phase: test, metric: concordance_q75: 0.501011
--- 2023-08-17 19:08:33.025629 ---
epoch 42
early stop metric: 0.416735
Phase: valid, metric: survival_loss: 0.416735
Phase: valid, metric: concordance_q25: 0.500000
Phase: valid, metric: concordance_q50: 0.500000
Phase: valid, metric: concordance_q75: 0.500000
Phase: test, metric: survival_loss: 1.236132
Phase: test, metric: concordance_q25: 0.498989
Phase: test, metric: concordance_q50: 0.498989
Phase: test, metric: concordance_q75: 0.498989
--- 2023-08-17 19:08:40.854545 ---
epoch 43
early stop metric: 0.416728
Phase: valid, metric: survival_loss: 0.416728
Phase: valid, metric: concordance_q25: 0.500000
Phase: valid, metric: concordance_q50: 0.500000
Phase: valid, metric: concordance_q75: 0.500000
Phase: test, metric: survival_loss: 1.235892
Phase: test, metric: concordance_q25: 0.498989
Phase: test, metric: concordance_q50: 0.501011
Phase: test, metric: concordance_q75: 0.501011
--- 2023-08-17 19:08:48.810015 ---
epoch 44
early stop metric: 0.416725
Phase: valid, metric: survival_loss: 0.416725
Phase: valid, metric: concordance_q25: 0.500000
Phase: valid, metric: concordance_q50: 0.500000
Phase: valid, metric: concordance_q75: 0.500000
Phase: test, metric: survival_loss: 1.235440
Phase: test, metric: concordance_q25: 0.501011
Phase: test, metric: concordance_q50: 0.498989
Phase: test, metric: concordance_q75: 0.501011
--- 2023-08-18 00:00:57.755255 ---
epoch 0
early stop metric: 0.572392
Phase: valid, metric: survival_loss: 0.572392
Phase: valid, metric: concordance_q25: 0.500000
Phase: valid, metric: concordance_q50: 0.500000
Phase: valid, metric: concordance_q75: 0.500000
Phase: test, metric: survival_loss: 6.607080
Phase: test, metric: concordance_q25: 0.499014
Phase: test, metric: concordance_q50: 0.499014
Phase: test, metric: concordance_q75: 0.499014
--- 2023-08-18 00:01:05.585659 ---
epoch 1
early stop metric: 0.557428
Phase: valid, metric: survival_loss: 0.557428
Phase: valid, metric: concordance_q25: 0.500000
Phase: valid, metric: concordance_q50: 0.500000
Phase: valid, metric: concordance_q75: 0.500000
Phase: test, metric: survival_loss: 8.340686
Phase: test, metric: concordance_q25: 0.500986
Phase: test, metric: concordance_q50: 0.500986
Phase: test, metric: concordance_q75: 0.500986
--- 2023-08-18 00:01:13.648574 ---
epoch 2
early stop metric: 0.548330
Phase: valid, metric: survival_loss: 0.548330
Phase: valid, metric: concordance_q25: 0.500000
Phase: valid, metric: concordance_q50: 0.500000
Phase: valid, metric: concordance_q75: 0.500000
Phase: test, metric: survival_loss: 9.682023
Phase: test, metric: concordance_q25: 0.500986
Phase: test, metric: concordance_q50: 0.499014
Phase: test, metric: concordance_q75: 0.499014
--- 2023-08-18 00:01:21.478707 ---
epoch 3
early stop metric: 0.542036
Phase: valid, metric: survival_loss: 0.542036
Phase: valid, metric: concordance_q25: 0.500000
Phase: valid, metric: concordance_q50: 0.500000
Phase: valid, metric: concordance_q75: 0.500000
Phase: test, metric: survival_loss: 10.593451
Phase: test, metric: concordance_q25: 0.500986
Phase: test, metric: concordance_q50: 0.499014
Phase: test, metric: concordance_q75: 0.499014
--- 2023-08-18 00:01:29.513876 ---
epoch 4
early stop metric: 0.536863
Phase: valid, metric: survival_loss: 0.536863
Phase: valid, metric: concordance_q25: 0.500000
Phase: valid, metric: concordance_q50: 0.500000
Phase: valid, metric: concordance_q75: 0.500000
Phase: test, metric: survival_loss: 11.191062
Phase: test, metric: concordance_q25: 0.500986
Phase: test, metric: concordance_q50: 0.500986
Phase: test, metric: concordance_q75: 0.500986
--- 2023-08-18 00:01:37.435994 ---
epoch 5
early stop metric: 0.532591
Phase: valid, metric: survival_loss: 0.532591
Phase: valid, metric: concordance_q25: 0.500000
Phase: valid, metric: concordance_q50: 0.500000
Phase: valid, metric: concordance_q75: 0.500000
Phase: test, metric: survival_loss: 11.657349
Phase: test, metric: concordance_q25: 0.500986
Phase: test, metric: concordance_q50: 0.499014
Phase: test, metric: concordance_q75: 0.499014
--- 2023-08-18 00:01:45.187245 ---
epoch 6
early stop metric: 0.528881
Phase: valid, metric: survival_loss: 0.528881
Phase: valid, metric: concordance_q25: 0.500000
Phase: valid, metric: concordance_q50: 0.500000
Phase: valid, metric: concordance_q75: 0.500000
Phase: test, metric: survival_loss: 11.837980
Phase: test, metric: concordance_q25: 0.499014
Phase: test, metric: concordance_q50: 0.499014
Phase: test, metric: concordance_q75: 0.500986
--- 2023-08-18 00:01:53.282548 ---
epoch 7
early stop metric: 0.525296
Phase: valid, metric: survival_loss: 0.525296
Phase: valid, metric: concordance_q25: 0.500000
Phase: valid, metric: concordance_q50: 0.500000
Phase: valid, metric: concordance_q75: 0.500000
Phase: test, metric: survival_loss: 11.756991
Phase: test, metric: concordance_q25: 0.499014
Phase: test, metric: concordance_q50: 0.500986
Phase: test, metric: concordance_q75: 0.500986
--- 2023-08-18 00:02:00.813242 ---
epoch 8
early stop metric: 0.522660
Phase: valid, metric: survival_loss: 0.522660
Phase: valid, metric: concordance_q25: 0.500000
Phase: valid, metric: concordance_q50: 0.500000
Phase: valid, metric: concordance_q75: 0.500000
Phase: test, metric: survival_loss: 11.858293
Phase: test, metric: concordance_q25: 0.499014
Phase: test, metric: concordance_q50: 0.500986
Phase: test, metric: concordance_q75: 0.500986
--- 2023-08-18 00:02:08.155154 ---
epoch 9
early stop metric: 0.520045
Phase: valid, metric: survival_loss: 0.520045
Phase: valid, metric: concordance_q25: 0.500000
Phase: valid, metric: concordance_q50: 0.500000
Phase: valid, metric: concordance_q75: 0.500000
Phase: test, metric: survival_loss: 11.837003
Phase: test, metric: concordance_q25: 0.500986
Phase: test, metric: concordance_q50: 0.499014
Phase: test, metric: concordance_q75: 0.499014
--- 2023-08-18 00:02:16.156814 ---
epoch 10
early stop metric: 0.516894
Phase: valid, metric: survival_loss: 0.516894
Phase: valid, metric: concordance_q25: 0.500000
Phase: valid, metric: concordance_q50: 0.500000
Phase: valid, metric: concordance_q75: 0.500000
Phase: test, metric: survival_loss: 11.521850
Phase: test, metric: concordance_q25: 0.500986
Phase: test, metric: concordance_q50: 0.500986
Phase: test, metric: concordance_q75: 0.499014
--- 2023-08-18 00:02:23.835972 ---
epoch 11
early stop metric: 0.514282
Phase: valid, metric: survival_loss: 0.514282
Phase: valid, metric: concordance_q25: 0.500000
Phase: valid, metric: concordance_q50: 0.500000
Phase: valid, metric: concordance_q75: 0.500000
Phase: test, metric: survival_loss: 11.310715
Phase: test, metric: concordance_q25: 0.500986
Phase: test, metric: concordance_q50: 0.500986
Phase: test, metric: concordance_q75: 0.500986
--- 2023-08-18 00:02:31.501238 ---
epoch 12
early stop metric: 0.511647
Phase: valid, metric: survival_loss: 0.511647
Phase: valid, metric: concordance_q25: 0.500000
Phase: valid, metric: concordance_q50: 0.500000
Phase: valid, metric: concordance_q75: 0.500000
Phase: test, metric: survival_loss: 10.978264
Phase: test, metric: concordance_q25: 0.500986
Phase: test, metric: concordance_q50: 0.500986
Phase: test, metric: concordance_q75: 0.499014
--- 2023-08-18 00:02:39.255204 ---
epoch 13
early stop metric: 0.509205
Phase: valid, metric: survival_loss: 0.509205
Phase: valid, metric: concordance_q25: 0.500000
Phase: valid, metric: concordance_q50: 0.500000
Phase: valid, metric: concordance_q75: 0.500000
Phase: test, metric: survival_loss: 10.713046
Phase: test, metric: concordance_q25: 0.499014
Phase: test, metric: concordance_q50: 0.499014
Phase: test, metric: concordance_q75: 0.500986
--- 2023-08-18 00:02:46.733103 ---
epoch 14
early stop metric: 0.507094
Phase: valid, metric: survival_loss: 0.507094
Phase: valid, metric: concordance_q25: 0.500000
Phase: valid, metric: concordance_q50: 0.500000
Phase: valid, metric: concordance_q75: 0.500000
Phase: test, metric: survival_loss: 10.467415
Phase: test, metric: concordance_q25: 0.500986
Phase: test, metric: concordance_q50: 0.500986
Phase: test, metric: concordance_q75: 0.499014
--- 2023-08-18 00:02:54.442390 ---
epoch 15
early stop metric: 0.504640
Phase: valid, metric: survival_loss: 0.504640
Phase: valid, metric: concordance_q25: 0.500000
Phase: valid, metric: concordance_q50: 0.500000
Phase: valid, metric: concordance_q75: 0.500000
Phase: test, metric: survival_loss: 10.113260
Phase: test, metric: concordance_q25: 0.499014
Phase: test, metric: concordance_q50: 0.499014
Phase: test, metric: concordance_q75: 0.499014
--- 2023-08-18 00:03:02.139416 ---
epoch 16
early stop metric: 0.502361
Phase: valid, metric: survival_loss: 0.502361
Phase: valid, metric: concordance_q25: 0.500000
Phase: valid, metric: concordance_q50: 0.500000
Phase: valid, metric: concordance_q75: 0.500000
Phase: test, metric: survival_loss: 9.741450
Phase: test, metric: concordance_q25: 0.500986
Phase: test, metric: concordance_q50: 0.499014
Phase: test, metric: concordance_q75: 0.500986
--- 2023-08-18 00:03:09.829294 ---
epoch 17
early stop metric: 0.500784
Phase: valid, metric: survival_loss: 0.500784
Phase: valid, metric: concordance_q25: 0.500000
Phase: valid, metric: concordance_q50: 0.500000
Phase: valid, metric: concordance_q75: 0.500000
Phase: test, metric: survival_loss: 9.590872
Phase: test, metric: concordance_q25: 0.499014
Phase: test, metric: concordance_q50: 0.500986
Phase: test, metric: concordance_q75: 0.499014
--- 2023-08-18 00:03:17.462006 ---
epoch 18
early stop metric: 0.499241
Phase: valid, metric: survival_loss: 0.499241
Phase: valid, metric: concordance_q25: 0.500000
Phase: valid, metric: concordance_q50: 0.500000
Phase: valid, metric: concordance_q75: 0.500000
Phase: test, metric: survival_loss: 9.391952
Phase: test, metric: concordance_q25: 0.499014
Phase: test, metric: concordance_q50: 0.500986
Phase: test, metric: concordance_q75: 0.500986
--- 2023-08-18 00:03:25.447989 ---
epoch 19
early stop metric: 0.497976
Phase: valid, metric: survival_loss: 0.497976
Phase: valid, metric: concordance_q25: 0.500000
Phase: valid, metric: concordance_q50: 0.500000
Phase: valid, metric: concordance_q75: 0.500000
Phase: test, metric: survival_loss: 9.284102
Phase: test, metric: concordance_q25: 0.500986
Phase: test, metric: concordance_q50: 0.500986
Phase: test, metric: concordance_q75: 0.500986
--- 2023-08-18 00:03:32.867228 ---
epoch 20
early stop metric: 0.496787
Phase: valid, metric: survival_loss: 0.496787
Phase: valid, metric: concordance_q25: 0.500000
Phase: valid, metric: concordance_q50: 0.500000
Phase: valid, metric: concordance_q75: 0.500000
Phase: test, metric: survival_loss: 9.125474
Phase: test, metric: concordance_q25: 0.500986
Phase: test, metric: concordance_q50: 0.499014
Phase: test, metric: concordance_q75: 0.499014
--- 2023-08-18 00:03:40.567651 ---
epoch 21
early stop metric: 0.495550
Phase: valid, metric: survival_loss: 0.495550
Phase: valid, metric: concordance_q25: 0.500000
Phase: valid, metric: concordance_q50: 0.500000
Phase: valid, metric: concordance_q75: 0.500000
Phase: test, metric: survival_loss: 8.962561
Phase: test, metric: concordance_q25: 0.499014
Phase: test, metric: concordance_q50: 0.500986
Phase: test, metric: concordance_q75: 0.499014
--- 2023-08-18 00:03:47.918702 ---
epoch 22
early stop metric: 0.493668
Phase: valid, metric: survival_loss: 0.493668
Phase: valid, metric: concordance_q25: 0.500000
Phase: valid, metric: concordance_q50: 0.500000
Phase: valid, metric: concordance_q75: 0.500000
Phase: test, metric: survival_loss: 8.608391
Phase: test, metric: concordance_q25: 0.499014
Phase: test, metric: concordance_q50: 0.499014
Phase: test, metric: concordance_q75: 0.499014
--- 2023-08-18 00:03:56.006546 ---
epoch 23
early stop metric: 0.492293
Phase: valid, metric: survival_loss: 0.492293
Phase: valid, metric: concordance_q25: 0.500000
Phase: valid, metric: concordance_q50: 0.500000
Phase: valid, metric: concordance_q75: 0.500000
Phase: test, metric: survival_loss: 8.368037
Phase: test, metric: concordance_q25: 0.500986
Phase: test, metric: concordance_q50: 0.499014
Phase: test, metric: concordance_q75: 0.499014
--- 2023-08-18 00:04:03.184172 ---
epoch 24
early stop metric: 0.491033
Phase: valid, metric: survival_loss: 0.491033
Phase: valid, metric: concordance_q25: 0.500000
Phase: valid, metric: concordance_q50: 0.500000
Phase: valid, metric: concordance_q75: 0.500000
Phase: test, metric: survival_loss: 8.160641
Phase: test, metric: concordance_q25: 0.499014
Phase: test, metric: concordance_q50: 0.500986
Phase: test, metric: concordance_q75: 0.500986
--- 2023-08-18 00:04:10.994690 ---
epoch 25
early stop metric: 0.489744
Phase: valid, metric: survival_loss: 0.489744
Phase: valid, metric: concordance_q25: 0.500000
Phase: valid, metric: concordance_q50: 0.500000
Phase: valid, metric: concordance_q75: 0.500000
Phase: test, metric: survival_loss: 7.918242
Phase: test, metric: concordance_q25: 0.500986
Phase: test, metric: concordance_q50: 0.499014
Phase: test, metric: concordance_q75: 0.500986
--- 2023-08-18 00:04:18.222939 ---
epoch 26
early stop metric: 0.489105
Phase: valid, metric: survival_loss: 0.489105
Phase: valid, metric: concordance_q25: 0.500000
Phase: valid, metric: concordance_q50: 0.500000
Phase: valid, metric: concordance_q75: 0.500000
Phase: test, metric: survival_loss: 7.865096
Phase: test, metric: concordance_q25: 0.500986
Phase: test, metric: concordance_q50: 0.500986
Phase: test, metric: concordance_q75: 0.499014
--- 2023-08-18 00:04:25.973163 ---
epoch 27
early stop metric: 0.487885
Phase: valid, metric: survival_loss: 0.487885
Phase: valid, metric: concordance_q25: 0.500000
Phase: valid, metric: concordance_q50: 0.500000
Phase: valid, metric: concordance_q75: 0.500000
Phase: test, metric: survival_loss: 7.622005
Phase: test, metric: concordance_q25: 0.500986
Phase: test, metric: concordance_q50: 0.500986
Phase: test, metric: concordance_q75: 0.500986
--- 2023-08-18 00:04:33.754052 ---
epoch 28
early stop metric: 0.486861
Phase: valid, metric: survival_loss: 0.486861
Phase: valid, metric: concordance_q25: 0.500000
Phase: valid, metric: concordance_q50: 0.500000
Phase: valid, metric: concordance_q75: 0.500000
Phase: test, metric: survival_loss: 7.434595
Phase: test, metric: concordance_q25: 0.500986
Phase: test, metric: concordance_q50: 0.500986
Phase: test, metric: concordance_q75: 0.499014
--- 2023-08-18 00:04:42.037118 ---
epoch 29
early stop metric: 0.485967
Phase: valid, metric: survival_loss: 0.485967
Phase: valid, metric: concordance_q25: 0.500000
Phase: valid, metric: concordance_q50: 0.500000
Phase: valid, metric: concordance_q75: 0.500000
Phase: test, metric: survival_loss: 7.268085
Phase: test, metric: concordance_q25: 0.499014
Phase: test, metric: concordance_q50: 0.499014
Phase: test, metric: concordance_q75: 0.499014
--- 2023-08-18 00:04:50.287235 ---
epoch 30
early stop metric: 0.485181
Phase: valid, metric: survival_loss: 0.485181
Phase: valid, metric: concordance_q25: 0.500000
Phase: valid, metric: concordance_q50: 0.500000
Phase: valid, metric: concordance_q75: 0.500000
Phase: test, metric: survival_loss: 7.126290
Phase: test, metric: concordance_q25: 0.499014
Phase: test, metric: concordance_q50: 0.500986
Phase: test, metric: concordance_q75: 0.500986
--- 2023-08-18 00:04:57.802318 ---
epoch 31
early stop metric: 0.484194
Phase: valid, metric: survival_loss: 0.484194
Phase: valid, metric: concordance_q25: 0.500000
Phase: valid, metric: concordance_q50: 0.500000
Phase: valid, metric: concordance_q75: 0.500000
Phase: test, metric: survival_loss: 6.912266
Phase: test, metric: concordance_q25: 0.499014
Phase: test, metric: concordance_q50: 0.500986
Phase: test, metric: concordance_q75: 0.500986
--- 2023-08-18 00:05:05.344399 ---
epoch 32
early stop metric: 0.483424
Phase: valid, metric: survival_loss: 0.483424
Phase: valid, metric: concordance_q25: 0.500000
Phase: valid, metric: concordance_q50: 0.500000
Phase: valid, metric: concordance_q75: 0.500000
Phase: test, metric: survival_loss: 6.763392
Phase: test, metric: concordance_q25: 0.500986
Phase: test, metric: concordance_q50: 0.500986
Phase: test, metric: concordance_q75: 0.499014
--- 2023-08-18 00:05:12.526049 ---
epoch 33
early stop metric: 0.482964
Phase: valid, metric: survival_loss: 0.482964
Phase: valid, metric: concordance_q25: 0.500000
Phase: valid, metric: concordance_q50: 0.500000
Phase: valid, metric: concordance_q75: 0.500000
Phase: test, metric: survival_loss: 6.687596
Phase: test, metric: concordance_q25: 0.500986
Phase: test, metric: concordance_q50: 0.500986
Phase: test, metric: concordance_q75: 0.500986
--- 2023-08-18 00:05:19.990335 ---
epoch 34
early stop metric: 0.482279
Phase: valid, metric: survival_loss: 0.482279
Phase: valid, metric: concordance_q25: 0.500000
Phase: valid, metric: concordance_q50: 0.500000
Phase: valid, metric: concordance_q75: 0.500000
Phase: test, metric: survival_loss: 6.542265
Phase: test, metric: concordance_q25: 0.500986
Phase: test, metric: concordance_q50: 0.500986
Phase: test, metric: concordance_q75: 0.500986
--- 2023-08-18 00:05:27.643131 ---
epoch 35
early stop metric: 0.481852
Phase: valid, metric: survival_loss: 0.481852
Phase: valid, metric: concordance_q25: 0.500000
Phase: valid, metric: concordance_q50: 0.500000
Phase: valid, metric: concordance_q75: 0.500000
Phase: test, metric: survival_loss: 6.460088
Phase: test, metric: concordance_q25: 0.499014
Phase: test, metric: concordance_q50: 0.500986
Phase: test, metric: concordance_q75: 0.499014
--- 2023-08-18 00:05:35.245916 ---
epoch 36
early stop metric: 0.481746
Phase: valid, metric: survival_loss: 0.481746
Phase: valid, metric: concordance_q25: 0.500000
Phase: valid, metric: concordance_q50: 0.500000
Phase: valid, metric: concordance_q75: 0.500000
Phase: test, metric: survival_loss: 6.466129
Phase: test, metric: concordance_q25: 0.500986
Phase: test, metric: concordance_q50: 0.499014
Phase: test, metric: concordance_q75: 0.499014
--- 2023-08-18 00:05:42.775825 ---
epoch 37
early stop metric: 0.481323
Phase: valid, metric: survival_loss: 0.481323
Phase: valid, metric: concordance_q25: 0.500000
Phase: valid, metric: concordance_q50: 0.500000
Phase: valid, metric: concordance_q75: 0.500000
Phase: test, metric: survival_loss: 6.378500
Phase: test, metric: concordance_q25: 0.499014
Phase: test, metric: concordance_q50: 0.499014
Phase: test, metric: concordance_q75: 0.499014
--- 2023-08-18 00:05:50.649763 ---
epoch 38
early stop metric: 0.480897
Phase: valid, metric: survival_loss: 0.480897
Phase: valid, metric: concordance_q25: 0.500000
Phase: valid, metric: concordance_q50: 0.500000
Phase: valid, metric: concordance_q75: 0.500000
Phase: test, metric: survival_loss: 6.284187
Phase: test, metric: concordance_q25: 0.500986
Phase: test, metric: concordance_q50: 0.500986
Phase: test, metric: concordance_q75: 0.500986
--- 2023-08-18 00:05:58.521907 ---
epoch 39
early stop metric: 0.480357
Phase: valid, metric: survival_loss: 0.480357
Phase: valid, metric: concordance_q25: 0.500000
Phase: valid, metric: concordance_q50: 0.500000
Phase: valid, metric: concordance_q75: 0.500000
Phase: test, metric: survival_loss: 6.153572
Phase: test, metric: concordance_q25: 0.499014
Phase: test, metric: concordance_q50: 0.499014
Phase: test, metric: concordance_q75: 0.500986
--- 2023-08-18 00:06:06.854919 ---
epoch 40
early stop metric: 0.480052
Phase: valid, metric: survival_loss: 0.480052
Phase: valid, metric: concordance_q25: 0.500000
Phase: valid, metric: concordance_q50: 0.500000
Phase: valid, metric: concordance_q75: 0.500000
Phase: test, metric: survival_loss: 6.085474
Phase: test, metric: concordance_q25: 0.499014
Phase: test, metric: concordance_q50: 0.499014
Phase: test, metric: concordance_q75: 0.500986
--- 2023-08-18 00:06:14.447327 ---
epoch 41
early stop metric: 0.479703
Phase: valid, metric: survival_loss: 0.479703
Phase: valid, metric: concordance_q25: 0.500000
Phase: valid, metric: concordance_q50: 0.500000
Phase: valid, metric: concordance_q75: 0.500000
Phase: test, metric: survival_loss: 6.002273
Phase: test, metric: concordance_q25: 0.500986
Phase: test, metric: concordance_q50: 0.500986
Phase: test, metric: concordance_q75: 0.499014
--- 2023-08-18 00:06:22.443196 ---
epoch 42
early stop metric: 0.479401
Phase: valid, metric: survival_loss: 0.479401
Phase: valid, metric: concordance_q25: 0.500000
Phase: valid, metric: concordance_q50: 0.500000
Phase: valid, metric: concordance_q75: 0.500000
Phase: test, metric: survival_loss: 5.928612
Phase: test, metric: concordance_q25: 0.500986
Phase: test, metric: concordance_q50: 0.500986
Phase: test, metric: concordance_q75: 0.500986
--- 2023-08-18 00:06:29.908595 ---
epoch 43
early stop metric: 0.479100
Phase: valid, metric: survival_loss: 0.479100
Phase: valid, metric: concordance_q25: 0.500000
Phase: valid, metric: concordance_q50: 0.500000
Phase: valid, metric: concordance_q75: 0.500000
Phase: test, metric: survival_loss: 5.848557
Phase: test, metric: concordance_q25: 0.500986
Phase: test, metric: concordance_q50: 0.499014
Phase: test, metric: concordance_q75: 0.500986
--- 2023-08-18 00:06:37.530896 ---
epoch 44
early stop metric: 0.478957
Phase: valid, metric: survival_loss: 0.478957
Phase: valid, metric: concordance_q25: 0.500000
Phase: valid, metric: concordance_q50: 0.500000
Phase: valid, metric: concordance_q75: 0.500000
Phase: test, metric: survival_loss: 5.818262
Phase: test, metric: concordance_q25: 0.500986
Phase: test, metric: concordance_q50: 0.500986
Phase: test, metric: concordance_q75: 0.499014
--- 2023-08-18 00:06:45.405946 ---
epoch 45
step     5 total loss: 0.467151
early stop metric: 0.478658
Phase: valid, metric: survival_loss: 0.478658
Phase: valid, metric: concordance_q25: 0.500000
Phase: valid, metric: concordance_q50: 0.500000
Phase: valid, metric: concordance_q75: 0.500000
Phase: test, metric: survival_loss: 5.738583
Phase: test, metric: concordance_q25: 0.499014
Phase: test, metric: concordance_q50: 0.499014
Phase: test, metric: concordance_q75: 0.500986
--- 2023-08-18 00:06:53.277803 ---
epoch 46
early stop metric: 0.478501
Phase: valid, metric: survival_loss: 0.478501
Phase: valid, metric: concordance_q25: 0.500000
Phase: valid, metric: concordance_q50: 0.500000
Phase: valid, metric: concordance_q75: 0.500000
Phase: test, metric: survival_loss: 5.699501
Phase: test, metric: concordance_q25: 0.499014
Phase: test, metric: concordance_q50: 0.499014
Phase: test, metric: concordance_q75: 0.499014
--- 2023-08-18 00:07:00.793100 ---
epoch 47
early stop metric: 0.478329
Phase: valid, metric: survival_loss: 0.478329
Phase: valid, metric: concordance_q25: 0.500000
Phase: valid, metric: concordance_q50: 0.500000
Phase: valid, metric: concordance_q75: 0.500000
Phase: test, metric: survival_loss: 5.650351
Phase: test, metric: concordance_q25: 0.500986
Phase: test, metric: concordance_q50: 0.499014
Phase: test, metric: concordance_q75: 0.499014
--- 2023-08-18 00:07:08.556572 ---
epoch 48
early stop metric: 0.478432
Phase: valid, metric: survival_loss: 0.478432
Phase: valid, metric: concordance_q25: 0.500000
Phase: valid, metric: concordance_q50: 0.500000
Phase: valid, metric: concordance_q75: 0.500000
Phase: test, metric: survival_loss: 5.685528
Phase: test, metric: concordance_q25: 0.500986
Phase: test, metric: concordance_q50: 0.500986
Phase: test, metric: concordance_q75: 0.500986
--- 2023-08-18 00:07:16.228838 ---
epoch 49
early stop metric: 0.478301
Phase: valid, metric: survival_loss: 0.478301
Phase: valid, metric: concordance_q25: 0.500000
Phase: valid, metric: concordance_q50: 0.500000
Phase: valid, metric: concordance_q75: 0.500000
Phase: test, metric: survival_loss: 5.644026
Phase: test, metric: concordance_q25: 0.500986
Phase: test, metric: concordance_q50: 0.499014
Phase: test, metric: concordance_q75: 0.500986
--- 2023-08-18 00:07:24.466390 ---
epoch 50
early stop metric: 0.478269
Phase: valid, metric: survival_loss: 0.478269
Phase: valid, metric: concordance_q25: 0.500000
Phase: valid, metric: concordance_q50: 0.500000
Phase: valid, metric: concordance_q75: 0.500000
Phase: test, metric: survival_loss: 5.637539
Phase: test, metric: concordance_q25: 0.499014
Phase: test, metric: concordance_q50: 0.499014
Phase: test, metric: concordance_q75: 0.500986
--- 2023-08-18 00:07:32.174068 ---
epoch 51
early stop metric: 0.478176
Phase: valid, metric: survival_loss: 0.478176
Phase: valid, metric: concordance_q25: 0.500000
Phase: valid, metric: concordance_q50: 0.500000
Phase: valid, metric: concordance_q75: 0.500000
Phase: test, metric: survival_loss: 5.606976
Phase: test, metric: concordance_q25: 0.500986
Phase: test, metric: concordance_q50: 0.499014
Phase: test, metric: concordance_q75: 0.500986
--- 2023-08-18 00:07:39.828825 ---
epoch 52
early stop metric: 0.477891
Phase: valid, metric: survival_loss: 0.477891
Phase: valid, metric: concordance_q25: 0.500000
Phase: valid, metric: concordance_q50: 0.500000
Phase: valid, metric: concordance_q75: 0.500000
Phase: test, metric: survival_loss: 5.527520
Phase: test, metric: concordance_q25: 0.499014
Phase: test, metric: concordance_q50: 0.500986
Phase: test, metric: concordance_q75: 0.500986
--- 2023-08-18 00:07:47.325029 ---
epoch 53
early stop metric: 0.477644
Phase: valid, metric: survival_loss: 0.477644
Phase: valid, metric: concordance_q25: 0.500000
Phase: valid, metric: concordance_q50: 0.500000
Phase: valid, metric: concordance_q75: 0.500000
Phase: test, metric: survival_loss: 5.455508
Phase: test, metric: concordance_q25: 0.499014
Phase: test, metric: concordance_q50: 0.499014
Phase: test, metric: concordance_q75: 0.499014
--- 2023-08-18 00:07:55.166248 ---
epoch 54
early stop metric: 0.477416
Phase: valid, metric: survival_loss: 0.477416
Phase: valid, metric: concordance_q25: 0.500000
Phase: valid, metric: concordance_q50: 0.500000
Phase: valid, metric: concordance_q75: 0.500000
Phase: test, metric: survival_loss: 5.385250
Phase: test, metric: concordance_q25: 0.500986
Phase: test, metric: concordance_q50: 0.499014
Phase: test, metric: concordance_q75: 0.499014
--- 2023-08-18 00:08:03.040073 ---
epoch 55
early stop metric: 0.477403
Phase: valid, metric: survival_loss: 0.477403
Phase: valid, metric: concordance_q25: 0.500000
Phase: valid, metric: concordance_q50: 0.500000
Phase: valid, metric: concordance_q75: 0.500000
Phase: test, metric: survival_loss: 5.380408
Phase: test, metric: concordance_q25: 0.500986
Phase: test, metric: concordance_q50: 0.499014
Phase: test, metric: concordance_q75: 0.499014
--- 2023-08-18 00:08:10.848728 ---
epoch 56
early stop metric: 0.477486
Phase: valid, metric: survival_loss: 0.477486
Phase: valid, metric: concordance_q25: 0.500000
Phase: valid, metric: concordance_q50: 0.500000
Phase: valid, metric: concordance_q75: 0.500000
Phase: test, metric: survival_loss: 5.404487
Phase: test, metric: concordance_q25: 0.500986
Phase: test, metric: concordance_q50: 0.500986
Phase: test, metric: concordance_q75: 0.500986
--- 2023-08-18 00:08:18.104870 ---
epoch 57
early stop metric: 0.477404
Phase: valid, metric: survival_loss: 0.477404
Phase: valid, metric: concordance_q25: 0.500000
Phase: valid, metric: concordance_q50: 0.500000
Phase: valid, metric: concordance_q75: 0.500000
Phase: test, metric: survival_loss: 5.376539
Phase: test, metric: concordance_q25: 0.499014
Phase: test, metric: concordance_q50: 0.500986
Phase: test, metric: concordance_q75: 0.499014
--- 2023-08-18 00:08:26.249397 ---
epoch 58
early stop metric: 0.477465
Phase: valid, metric: survival_loss: 0.477465
Phase: valid, metric: concordance_q25: 0.500000
Phase: valid, metric: concordance_q50: 0.500000
Phase: valid, metric: concordance_q75: 0.500000
Phase: test, metric: survival_loss: 5.392372
Phase: test, metric: concordance_q25: 0.500986
Phase: test, metric: concordance_q50: 0.500986
Phase: test, metric: concordance_q75: 0.500986
--- 2023-08-18 00:08:34.714293 ---
epoch 59
early stop metric: 0.477334
Phase: valid, metric: survival_loss: 0.477334
Phase: valid, metric: concordance_q25: 0.500000
Phase: valid, metric: concordance_q50: 0.500000
Phase: valid, metric: concordance_q75: 0.500000
Phase: test, metric: survival_loss: 5.352493
Phase: test, metric: concordance_q25: 0.499014
Phase: test, metric: concordance_q50: 0.500986
Phase: test, metric: concordance_q75: 0.500986
--- 2023-08-18 00:08:42.901092 ---
epoch 60
early stop metric: 0.477274
Phase: valid, metric: survival_loss: 0.477274
Phase: valid, metric: concordance_q25: 0.500000
Phase: valid, metric: concordance_q50: 0.500000
Phase: valid, metric: concordance_q75: 0.500000
Phase: test, metric: survival_loss: 5.331938
Phase: test, metric: concordance_q25: 0.500986
Phase: test, metric: concordance_q50: 0.499014
Phase: test, metric: concordance_q75: 0.499014
--- 2023-08-18 00:08:50.917910 ---
epoch 61
early stop metric: 0.477090
Phase: valid, metric: survival_loss: 0.477090
Phase: valid, metric: concordance_q25: 0.500000
Phase: valid, metric: concordance_q50: 0.500000
Phase: valid, metric: concordance_q75: 0.500000
Phase: test, metric: survival_loss: 5.278337
Phase: test, metric: concordance_q25: 0.499014
Phase: test, metric: concordance_q50: 0.500986
Phase: test, metric: concordance_q75: 0.500986
--- 2023-08-18 00:08:58.461910 ---
epoch 62
early stop metric: 0.477026
Phase: valid, metric: survival_loss: 0.477026
Phase: valid, metric: concordance_q25: 0.500000
Phase: valid, metric: concordance_q50: 0.500000
Phase: valid, metric: concordance_q75: 0.500000
Phase: test, metric: survival_loss: 5.256134
Phase: test, metric: concordance_q25: 0.499014
Phase: test, metric: concordance_q50: 0.499014
Phase: test, metric: concordance_q75: 0.499014
--- 2023-08-18 00:09:05.926085 ---
epoch 63
early stop metric: 0.477027
Phase: valid, metric: survival_loss: 0.477027
Phase: valid, metric: concordance_q25: 0.500000
Phase: valid, metric: concordance_q50: 0.500000
Phase: valid, metric: concordance_q75: 0.500000
Phase: test, metric: survival_loss: 5.255718
Phase: test, metric: concordance_q25: 0.499014
Phase: test, metric: concordance_q50: 0.500986
Phase: test, metric: concordance_q75: 0.499014
--- 2023-08-18 00:09:13.452050 ---
epoch 64
early stop metric: 0.477054
Phase: valid, metric: survival_loss: 0.477054
Phase: valid, metric: concordance_q25: 0.500000
Phase: valid, metric: concordance_q50: 0.500000
Phase: valid, metric: concordance_q75: 0.500000
Phase: test, metric: survival_loss: 5.261675
Phase: test, metric: concordance_q25: 0.500986
Phase: test, metric: concordance_q50: 0.500986
Phase: test, metric: concordance_q75: 0.500986
--- 2023-08-18 00:09:21.170592 ---
epoch 65
early stop metric: 0.477014
Phase: valid, metric: survival_loss: 0.477014
Phase: valid, metric: concordance_q25: 0.500000
Phase: valid, metric: concordance_q50: 0.500000
Phase: valid, metric: concordance_q75: 0.500000
Phase: test, metric: survival_loss: 5.247866
Phase: test, metric: concordance_q25: 0.500986
Phase: test, metric: concordance_q50: 0.499014
Phase: test, metric: concordance_q75: 0.500986
--- 2023-08-18 00:09:28.766037 ---
epoch 66
early stop metric: 0.477026
Phase: valid, metric: survival_loss: 0.477026
Phase: valid, metric: concordance_q25: 0.500000
Phase: valid, metric: concordance_q50: 0.500000
Phase: valid, metric: concordance_q75: 0.500000
Phase: test, metric: survival_loss: 5.248870
Phase: test, metric: concordance_q25: 0.499014
Phase: test, metric: concordance_q50: 0.500986
Phase: test, metric: concordance_q75: 0.500986
--- 2023-08-18 00:09:36.470987 ---
epoch 67
early stop metric: 0.476863
Phase: valid, metric: survival_loss: 0.476863
Phase: valid, metric: concordance_q25: 0.500000
Phase: valid, metric: concordance_q50: 0.500000
Phase: valid, metric: concordance_q75: 0.500000
Phase: test, metric: survival_loss: 5.202534
Phase: test, metric: concordance_q25: 0.500986
Phase: test, metric: concordance_q50: 0.500986
Phase: test, metric: concordance_q75: 0.500986
--- 2023-08-18 00:09:44.047432 ---
epoch 68
early stop metric: 0.476976
Phase: valid, metric: survival_loss: 0.476976
Phase: valid, metric: concordance_q25: 0.500000
Phase: valid, metric: concordance_q50: 0.500000
Phase: valid, metric: concordance_q75: 0.500000
Phase: test, metric: survival_loss: 5.232516
Phase: test, metric: concordance_q25: 0.499014
Phase: test, metric: concordance_q50: 0.499014
Phase: test, metric: concordance_q75: 0.500986
--- 2023-08-18 00:09:51.966921 ---
epoch 69
early stop metric: 0.476845
Phase: valid, metric: survival_loss: 0.476845
Phase: valid, metric: concordance_q25: 0.500000
Phase: valid, metric: concordance_q50: 0.500000
Phase: valid, metric: concordance_q75: 0.500000
Phase: test, metric: survival_loss: 5.192947
Phase: test, metric: concordance_q25: 0.499014
Phase: test, metric: concordance_q50: 0.500986
Phase: test, metric: concordance_q75: 0.500986
--- 2023-08-18 00:09:59.526530 ---
epoch 70
early stop metric: 0.476799
Phase: valid, metric: survival_loss: 0.476799
Phase: valid, metric: concordance_q25: 0.500000
Phase: valid, metric: concordance_q50: 0.500000
Phase: valid, metric: concordance_q75: 0.500000
Phase: test, metric: survival_loss: 5.181527
Phase: test, metric: concordance_q25: 0.500986
Phase: test, metric: concordance_q50: 0.500986
Phase: test, metric: concordance_q75: 0.499014
--- 2023-08-18 00:10:07.386969 ---
epoch 71
early stop metric: 0.476828
Phase: valid, metric: survival_loss: 0.476828
Phase: valid, metric: concordance_q25: 0.500000
Phase: valid, metric: concordance_q50: 0.500000
Phase: valid, metric: concordance_q75: 0.500000
Phase: test, metric: survival_loss: 5.191900
Phase: test, metric: concordance_q25: 0.500986
Phase: test, metric: concordance_q50: 0.500986
Phase: test, metric: concordance_q75: 0.500986
--- 2023-08-18 00:10:15.121952 ---
epoch 72
early stop metric: 0.476718
Phase: valid, metric: survival_loss: 0.476718
Phase: valid, metric: concordance_q25: 0.500000
Phase: valid, metric: concordance_q50: 0.500000
Phase: valid, metric: concordance_q75: 0.500000
Phase: test, metric: survival_loss: 5.153167
Phase: test, metric: concordance_q25: 0.500986
Phase: test, metric: concordance_q50: 0.499014
Phase: test, metric: concordance_q75: 0.500986
--- 2023-08-18 00:10:22.947600 ---
epoch 73
early stop metric: 0.476680
Phase: valid, metric: survival_loss: 0.476680
Phase: valid, metric: concordance_q25: 0.500000
Phase: valid, metric: concordance_q50: 0.500000
Phase: valid, metric: concordance_q75: 0.500000
Phase: test, metric: survival_loss: 5.134289
Phase: test, metric: concordance_q25: 0.500986
Phase: test, metric: concordance_q50: 0.499014
Phase: test, metric: concordance_q75: 0.499014
--- 2023-08-18 00:10:30.869702 ---
epoch 74
early stop metric: 0.476836
Phase: valid, metric: survival_loss: 0.476836
Phase: valid, metric: concordance_q25: 0.500000
Phase: valid, metric: concordance_q50: 0.500000
Phase: valid, metric: concordance_q75: 0.500000
Phase: test, metric: survival_loss: 5.182471
Phase: test, metric: concordance_q25: 0.499014
Phase: test, metric: concordance_q50: 0.499014
Phase: test, metric: concordance_q75: 0.499014
--- 2023-08-18 00:10:38.756071 ---
epoch 75
early stop metric: 0.476889
Phase: valid, metric: survival_loss: 0.476889
Phase: valid, metric: concordance_q25: 0.500000
Phase: valid, metric: concordance_q50: 0.500000
Phase: valid, metric: concordance_q75: 0.500000
Phase: test, metric: survival_loss: 5.192438
Phase: test, metric: concordance_q25: 0.500986
Phase: test, metric: concordance_q50: 0.499014
Phase: test, metric: concordance_q75: 0.500986
--- 2023-08-18 00:10:46.377401 ---
epoch 76
early stop metric: 0.476802
Phase: valid, metric: survival_loss: 0.476802
Phase: valid, metric: concordance_q25: 0.500000
Phase: valid, metric: concordance_q50: 0.500000
Phase: valid, metric: concordance_q75: 0.500000
Phase: test, metric: survival_loss: 5.172923
Phase: test, metric: concordance_q25: 0.499014
Phase: test, metric: concordance_q50: 0.500986
Phase: test, metric: concordance_q75: 0.500986
--- 2023-08-18 00:10:53.747020 ---
epoch 77
early stop metric: 0.476769
Phase: valid, metric: survival_loss: 0.476769
Phase: valid, metric: concordance_q25: 0.500000
Phase: valid, metric: concordance_q50: 0.500000
Phase: valid, metric: concordance_q75: 0.500000
Phase: test, metric: survival_loss: 5.160637
Phase: test, metric: concordance_q25: 0.500986
Phase: test, metric: concordance_q50: 0.500986
Phase: test, metric: concordance_q75: 0.499014
--- 2023-08-18 00:11:01.482242 ---
epoch 78
early stop metric: 0.476798
Phase: valid, metric: survival_loss: 0.476798
Phase: valid, metric: concordance_q25: 0.500000
Phase: valid, metric: concordance_q50: 0.500000
Phase: valid, metric: concordance_q75: 0.500000
Phase: test, metric: survival_loss: 5.171340
Phase: test, metric: concordance_q25: 0.500986
Phase: test, metric: concordance_q50: 0.499014
Phase: test, metric: concordance_q75: 0.499014
--- 2023-08-18 00:11:09.451777 ---
epoch 79
early stop metric: 0.476768
Phase: valid, metric: survival_loss: 0.476768
Phase: valid, metric: concordance_q25: 0.500000
Phase: valid, metric: concordance_q50: 0.500000
Phase: valid, metric: concordance_q75: 0.500000
Phase: test, metric: survival_loss: 5.159350
Phase: test, metric: concordance_q25: 0.499014
Phase: test, metric: concordance_q50: 0.500986
Phase: test, metric: concordance_q75: 0.500986
--- 2023-08-18 00:11:17.091315 ---
epoch 80
early stop metric: 0.476797
Phase: valid, metric: survival_loss: 0.476797
Phase: valid, metric: concordance_q25: 0.500000
Phase: valid, metric: concordance_q50: 0.500000
Phase: valid, metric: concordance_q75: 0.500000
Phase: test, metric: survival_loss: 5.170577
Phase: test, metric: concordance_q25: 0.500986
Phase: test, metric: concordance_q50: 0.499014
Phase: test, metric: concordance_q75: 0.499014
--- 2023-08-18 00:11:24.826417 ---
epoch 81
early stop metric: 0.476731
Phase: valid, metric: survival_loss: 0.476731
Phase: valid, metric: concordance_q25: 0.500000
Phase: valid, metric: concordance_q50: 0.500000
Phase: valid, metric: concordance_q75: 0.500000
Phase: test, metric: survival_loss: 5.152784
Phase: test, metric: concordance_q25: 0.499014
Phase: test, metric: concordance_q50: 0.499014
Phase: test, metric: concordance_q75: 0.500986
--- 2023-08-18 00:11:32.359557 ---
epoch 82
early stop metric: 0.476761
Phase: valid, metric: survival_loss: 0.476761
Phase: valid, metric: concordance_q25: 0.500000
Phase: valid, metric: concordance_q50: 0.500000
Phase: valid, metric: concordance_q75: 0.500000
Phase: test, metric: survival_loss: 5.158944
Phase: test, metric: concordance_q25: 0.499014
Phase: test, metric: concordance_q50: 0.500986
Phase: test, metric: concordance_q75: 0.499014
--- 2023-08-18 00:11:40.204358 ---
epoch 83
early stop metric: 0.476786
Phase: valid, metric: survival_loss: 0.476786
Phase: valid, metric: concordance_q25: 0.500000
Phase: valid, metric: concordance_q50: 0.500000
Phase: valid, metric: concordance_q75: 0.500000
Phase: test, metric: survival_loss: 5.169160
Phase: test, metric: concordance_q25: 0.499014
Phase: test, metric: concordance_q50: 0.500986
Phase: test, metric: concordance_q75: 0.499014
--- 2023-08-24 17:03:11.919573 ---
epoch 0
early stop metric: 0.404283
Phase: valid, metric: survival_loss: 0.404283
Phase: valid, metric: concordance_q25: 0.500000
Phase: valid, metric: concordance_q50: 0.500000
Phase: valid, metric: concordance_q75: 0.500000
Phase: test, metric: survival_loss: 0.404730
Phase: test, metric: concordance_q25: 0.500000
Phase: test, metric: concordance_q50: 0.500000
Phase: test, metric: concordance_q75: 0.500000
--- 2023-08-24 17:03:20.382101 ---
epoch 1
early stop metric: 0.356832
Phase: valid, metric: survival_loss: 0.356832
Phase: valid, metric: concordance_q25: 0.500000
Phase: valid, metric: concordance_q50: 0.500000
Phase: valid, metric: concordance_q75: 0.500000
Phase: test, metric: survival_loss: 0.361440
Phase: test, metric: concordance_q25: 0.500000
Phase: test, metric: concordance_q50: 0.500000
Phase: test, metric: concordance_q75: 0.500000
--- 2023-08-24 17:03:28.406076 ---
epoch 2
early stop metric: 0.321537
Phase: valid, metric: survival_loss: 0.321537
Phase: valid, metric: concordance_q25: 0.500000
Phase: valid, metric: concordance_q50: 0.500000
Phase: valid, metric: concordance_q75: 0.500000
Phase: test, metric: survival_loss: 0.329586
Phase: test, metric: concordance_q25: 0.500000
Phase: test, metric: concordance_q50: 0.500000
Phase: test, metric: concordance_q75: 0.500000
--- 2023-08-24 17:03:36.864998 ---
epoch 3
early stop metric: 0.294227
Phase: valid, metric: survival_loss: 0.294227
Phase: valid, metric: concordance_q25: 0.500000
Phase: valid, metric: concordance_q50: 0.500000
Phase: valid, metric: concordance_q75: 0.500000
Phase: test, metric: survival_loss: 0.305467
Phase: test, metric: concordance_q25: 0.500000
Phase: test, metric: concordance_q50: 0.500000
Phase: test, metric: concordance_q75: 0.500000
--- 2023-08-24 17:03:44.912726 ---
epoch 4
early stop metric: 0.274196
Phase: valid, metric: survival_loss: 0.274196
Phase: valid, metric: concordance_q25: 0.500000
Phase: valid, metric: concordance_q50: 0.500000
Phase: valid, metric: concordance_q75: 0.500000
Phase: test, metric: survival_loss: 0.288110
Phase: test, metric: concordance_q25: 0.500000
Phase: test, metric: concordance_q50: 0.500000
Phase: test, metric: concordance_q75: 0.500000
--- 2023-08-24 17:03:53.506711 ---
epoch 5
early stop metric: 0.259447
Phase: valid, metric: survival_loss: 0.259447
Phase: valid, metric: concordance_q25: 0.500000
Phase: valid, metric: concordance_q50: 0.500000
Phase: valid, metric: concordance_q75: 0.500000
Phase: test, metric: survival_loss: 0.275542
Phase: test, metric: concordance_q25: 0.500000
Phase: test, metric: concordance_q50: 0.500000
Phase: test, metric: concordance_q75: 0.500000
--- 2023-08-24 17:04:02.050701 ---
epoch 6
early stop metric: 0.248616
Phase: valid, metric: survival_loss: 0.248616
Phase: valid, metric: concordance_q25: 0.500000
Phase: valid, metric: concordance_q50: 0.500000
Phase: valid, metric: concordance_q75: 0.500000
Phase: test, metric: survival_loss: 0.266155
Phase: test, metric: concordance_q25: 0.500000
Phase: test, metric: concordance_q50: 0.500000
Phase: test, metric: concordance_q75: 0.500000
--- 2023-08-24 17:04:10.546814 ---
epoch 7
early stop metric: 0.239873
Phase: valid, metric: survival_loss: 0.239873
Phase: valid, metric: concordance_q25: 0.500000
Phase: valid, metric: concordance_q50: 0.500000
Phase: valid, metric: concordance_q75: 0.500000
Phase: test, metric: survival_loss: 0.258506
Phase: test, metric: concordance_q25: 0.500000
Phase: test, metric: concordance_q50: 0.500000
Phase: test, metric: concordance_q75: 0.500000
--- 2023-08-24 17:04:18.194276 ---
epoch 8
early stop metric: 0.232992
Phase: valid, metric: survival_loss: 0.232992
Phase: valid, metric: concordance_q25: 0.500000
Phase: valid, metric: concordance_q50: 0.500000
Phase: valid, metric: concordance_q75: 0.500000
Phase: test, metric: survival_loss: 0.252232
Phase: test, metric: concordance_q25: 0.500000
Phase: test, metric: concordance_q50: 0.500000
Phase: test, metric: concordance_q75: 0.500000
--- 2023-08-24 17:04:26.841640 ---
epoch 9
early stop metric: 0.227174
Phase: valid, metric: survival_loss: 0.227174
Phase: valid, metric: concordance_q25: 0.500000
Phase: valid, metric: concordance_q50: 0.500000
Phase: valid, metric: concordance_q75: 0.500000
Phase: test, metric: survival_loss: 0.246698
Phase: test, metric: concordance_q25: 0.500000
Phase: test, metric: concordance_q50: 0.500000
Phase: test, metric: concordance_q75: 0.500000
--- 2023-08-24 17:04:34.965800 ---
epoch 10
early stop metric: 0.222302
Phase: valid, metric: survival_loss: 0.222302
Phase: valid, metric: concordance_q25: 0.500000
Phase: valid, metric: concordance_q50: 0.500000
Phase: valid, metric: concordance_q75: 0.500000
Phase: test, metric: survival_loss: 0.241766
Phase: test, metric: concordance_q25: 0.500000
Phase: test, metric: concordance_q50: 0.500000
Phase: test, metric: concordance_q75: 0.500000
--- 2023-08-24 17:04:43.042990 ---
epoch 11
early stop metric: 0.217822
Phase: valid, metric: survival_loss: 0.217822
Phase: valid, metric: concordance_q25: 0.500000
Phase: valid, metric: concordance_q50: 0.500000
Phase: valid, metric: concordance_q75: 0.500000
Phase: test, metric: survival_loss: 0.237272
Phase: test, metric: concordance_q25: 0.500000
Phase: test, metric: concordance_q50: 0.500000
Phase: test, metric: concordance_q75: 0.500000
--- 2023-08-24 17:04:51.148354 ---
epoch 12
early stop metric: 0.213920
Phase: valid, metric: survival_loss: 0.213920
Phase: valid, metric: concordance_q25: 0.500000
Phase: valid, metric: concordance_q50: 0.500000
Phase: valid, metric: concordance_q75: 0.500000
Phase: test, metric: survival_loss: 0.233214
Phase: test, metric: concordance_q25: 0.500000
Phase: test, metric: concordance_q50: 0.500000
Phase: test, metric: concordance_q75: 0.500000
--- 2023-08-24 17:04:58.783561 ---
epoch 13
early stop metric: 0.210193
Phase: valid, metric: survival_loss: 0.210193
Phase: valid, metric: concordance_q25: 0.500000
Phase: valid, metric: concordance_q50: 0.500000
Phase: valid, metric: concordance_q75: 0.500000
Phase: test, metric: survival_loss: 0.229397
Phase: test, metric: concordance_q25: 0.500000
Phase: test, metric: concordance_q50: 0.500000
Phase: test, metric: concordance_q75: 0.500000
--- 2023-08-24 17:05:05.950600 ---
epoch 14
early stop metric: 0.207066
Phase: valid, metric: survival_loss: 0.207066
Phase: valid, metric: concordance_q25: 0.500000
Phase: valid, metric: concordance_q50: 0.500000
Phase: valid, metric: concordance_q75: 0.500000
Phase: test, metric: survival_loss: 0.225995
Phase: test, metric: concordance_q25: 0.500000
Phase: test, metric: concordance_q50: 0.500000
Phase: test, metric: concordance_q75: 0.500000
--- 2023-08-24 17:05:13.302190 ---
epoch 15
early stop metric: 0.204002
Phase: valid, metric: survival_loss: 0.204002
Phase: valid, metric: concordance_q25: 0.500000
Phase: valid, metric: concordance_q50: 0.500000
Phase: valid, metric: concordance_q75: 0.500000
Phase: test, metric: survival_loss: 0.222743
Phase: test, metric: concordance_q25: 0.500000
Phase: test, metric: concordance_q50: 0.500000
Phase: test, metric: concordance_q75: 0.500000
--- 2023-08-24 17:05:20.581453 ---
epoch 16
early stop metric: 0.201117
Phase: valid, metric: survival_loss: 0.201117
Phase: valid, metric: concordance_q25: 0.500000
Phase: valid, metric: concordance_q50: 0.500000
Phase: valid, metric: concordance_q75: 0.500000
Phase: test, metric: survival_loss: 0.219693
Phase: test, metric: concordance_q25: 0.500000
Phase: test, metric: concordance_q50: 0.500000
Phase: test, metric: concordance_q75: 0.500000
--- 2023-08-24 17:05:28.902738 ---
epoch 17
early stop metric: 0.198769
Phase: valid, metric: survival_loss: 0.198769
Phase: valid, metric: concordance_q25: 0.500000
Phase: valid, metric: concordance_q50: 0.500000
Phase: valid, metric: concordance_q75: 0.500000
Phase: test, metric: survival_loss: 0.217004
Phase: test, metric: concordance_q25: 0.500000
Phase: test, metric: concordance_q50: 0.500000
Phase: test, metric: concordance_q75: 0.500000
--- 2023-08-24 17:05:36.591366 ---
epoch 18
early stop metric: 0.196345
Phase: valid, metric: survival_loss: 0.196345
Phase: valid, metric: concordance_q25: 0.500000
Phase: valid, metric: concordance_q50: 0.500000
Phase: valid, metric: concordance_q75: 0.500000
Phase: test, metric: survival_loss: 0.214480
Phase: test, metric: concordance_q25: 0.500000
Phase: test, metric: concordance_q50: 0.500000
Phase: test, metric: concordance_q75: 0.500000
--- 2023-08-24 17:05:45.213778 ---
epoch 19
early stop metric: 0.194353
Phase: valid, metric: survival_loss: 0.194353
Phase: valid, metric: concordance_q25: 0.500000
Phase: valid, metric: concordance_q50: 0.500000
Phase: valid, metric: concordance_q75: 0.500000
Phase: test, metric: survival_loss: 0.212195
Phase: test, metric: concordance_q25: 0.500000
Phase: test, metric: concordance_q50: 0.500000
Phase: test, metric: concordance_q75: 0.500000
--- 2023-08-24 17:05:52.948216 ---
epoch 20
early stop metric: 0.192400
Phase: valid, metric: survival_loss: 0.192400
Phase: valid, metric: concordance_q25: 0.500000
Phase: valid, metric: concordance_q50: 0.500000
Phase: valid, metric: concordance_q75: 0.500000
Phase: test, metric: survival_loss: 0.210079
Phase: test, metric: concordance_q25: 0.500000
Phase: test, metric: concordance_q50: 0.500000
Phase: test, metric: concordance_q75: 0.500000
--- 2023-08-24 17:06:00.415346 ---
epoch 21
early stop metric: 0.190717
Phase: valid, metric: survival_loss: 0.190717
Phase: valid, metric: concordance_q25: 0.500000
Phase: valid, metric: concordance_q50: 0.500000
Phase: valid, metric: concordance_q75: 0.500000
Phase: test, metric: survival_loss: 0.208251
Phase: test, metric: concordance_q25: 0.500000
Phase: test, metric: concordance_q50: 0.500000
Phase: test, metric: concordance_q75: 0.500000
--- 2023-08-24 17:06:07.834037 ---
epoch 22
early stop metric: 0.189361
Phase: valid, metric: survival_loss: 0.189361
Phase: valid, metric: concordance_q25: 0.500000
Phase: valid, metric: concordance_q50: 0.500000
Phase: valid, metric: concordance_q75: 0.500000
Phase: test, metric: survival_loss: 0.206615
Phase: test, metric: concordance_q25: 0.500000
Phase: test, metric: concordance_q50: 0.500000
Phase: test, metric: concordance_q75: 0.500000
--- 2023-08-24 17:06:15.339632 ---
epoch 23
early stop metric: 0.188065
Phase: valid, metric: survival_loss: 0.188065
Phase: valid, metric: concordance_q25: 0.500000
Phase: valid, metric: concordance_q50: 0.500000
Phase: valid, metric: concordance_q75: 0.500000
Phase: test, metric: survival_loss: 0.205166
Phase: test, metric: concordance_q25: 0.500000
Phase: test, metric: concordance_q50: 0.500000
Phase: test, metric: concordance_q75: 0.500000
--- 2023-08-24 17:06:22.720599 ---
epoch 24
early stop metric: 0.186959
Phase: valid, metric: survival_loss: 0.186959
Phase: valid, metric: concordance_q25: 0.500000
Phase: valid, metric: concordance_q50: 0.500000
Phase: valid, metric: concordance_q75: 0.500000
Phase: test, metric: survival_loss: 0.203849
Phase: test, metric: concordance_q25: 0.500000
Phase: test, metric: concordance_q50: 0.500000
Phase: test, metric: concordance_q75: 0.500000
--- 2023-08-24 17:06:30.371288 ---
epoch 25
early stop metric: 0.185953
Phase: valid, metric: survival_loss: 0.185953
Phase: valid, metric: concordance_q25: 0.500000
Phase: valid, metric: concordance_q50: 0.500000
Phase: valid, metric: concordance_q75: 0.500000
Phase: test, metric: survival_loss: 0.202646
Phase: test, metric: concordance_q25: 0.500000
Phase: test, metric: concordance_q50: 0.500000
Phase: test, metric: concordance_q75: 0.500000
--- 2023-08-24 17:06:37.756676 ---
epoch 26
step     6 total loss: 0.268704
early stop metric: 0.184951
Phase: valid, metric: survival_loss: 0.184951
Phase: valid, metric: concordance_q25: 0.500000
Phase: valid, metric: concordance_q50: 0.500000
Phase: valid, metric: concordance_q75: 0.500000
Phase: test, metric: survival_loss: 0.201585
Phase: test, metric: concordance_q25: 0.500000
Phase: test, metric: concordance_q50: 0.500000
Phase: test, metric: concordance_q75: 0.500000
--- 2023-08-24 17:06:44.961717 ---
epoch 27
early stop metric: 0.184144
Phase: valid, metric: survival_loss: 0.184144
Phase: valid, metric: concordance_q25: 0.500000
Phase: valid, metric: concordance_q50: 0.500000
Phase: valid, metric: concordance_q75: 0.500000
Phase: test, metric: survival_loss: 0.200641
Phase: test, metric: concordance_q25: 0.500000
Phase: test, metric: concordance_q50: 0.500000
Phase: test, metric: concordance_q75: 0.500000
--- 2023-08-24 17:06:52.465367 ---
epoch 28
early stop metric: 0.183356
Phase: valid, metric: survival_loss: 0.183356
Phase: valid, metric: concordance_q25: 0.500000
Phase: valid, metric: concordance_q50: 0.500000
Phase: valid, metric: concordance_q75: 0.500000
Phase: test, metric: survival_loss: 0.199744
Phase: test, metric: concordance_q25: 0.500000
Phase: test, metric: concordance_q50: 0.500000
Phase: test, metric: concordance_q75: 0.500000
--- 2023-08-24 17:06:59.589999 ---
epoch 29
early stop metric: 0.183081
Phase: valid, metric: survival_loss: 0.183081
Phase: valid, metric: concordance_q25: 0.500000
Phase: valid, metric: concordance_q50: 0.500000
Phase: valid, metric: concordance_q75: 0.500000
Phase: test, metric: survival_loss: 0.199131
Phase: test, metric: concordance_q25: 0.500000
Phase: test, metric: concordance_q50: 0.500000
Phase: test, metric: concordance_q75: 0.500000
--- 2023-08-24 17:07:06.817209 ---
epoch 30
early stop metric: 0.182506
Phase: valid, metric: survival_loss: 0.182506
Phase: valid, metric: concordance_q25: 0.500000
Phase: valid, metric: concordance_q50: 0.500000
Phase: valid, metric: concordance_q75: 0.500000
Phase: test, metric: survival_loss: 0.198529
Phase: test, metric: concordance_q25: 0.500000
Phase: test, metric: concordance_q50: 0.500000
Phase: test, metric: concordance_q75: 0.500000
--- 2023-08-24 17:07:14.223432 ---
epoch 31
early stop metric: 0.182087
Phase: valid, metric: survival_loss: 0.182087
Phase: valid, metric: concordance_q25: 0.500000
Phase: valid, metric: concordance_q50: 0.500000
Phase: valid, metric: concordance_q75: 0.500000
Phase: test, metric: survival_loss: 0.197991
Phase: test, metric: concordance_q25: 0.500000
Phase: test, metric: concordance_q50: 0.500000
Phase: test, metric: concordance_q75: 0.500000
--- 2023-08-24 17:07:21.515106 ---
epoch 32
early stop metric: 0.181751
Phase: valid, metric: survival_loss: 0.181751
Phase: valid, metric: concordance_q25: 0.500000
Phase: valid, metric: concordance_q50: 0.500000
Phase: valid, metric: concordance_q75: 0.500000
Phase: test, metric: survival_loss: 0.197550
Phase: test, metric: concordance_q25: 0.500000
Phase: test, metric: concordance_q50: 0.500000
Phase: test, metric: concordance_q75: 0.500000
--- 2023-08-24 17:07:28.728798 ---
epoch 33
early stop metric: 0.181729
Phase: valid, metric: survival_loss: 0.181729
Phase: valid, metric: concordance_q25: 0.500000
Phase: valid, metric: concordance_q50: 0.500000
Phase: valid, metric: concordance_q75: 0.500000
Phase: test, metric: survival_loss: 0.197305
Phase: test, metric: concordance_q25: 0.500000
Phase: test, metric: concordance_q50: 0.500000
Phase: test, metric: concordance_q75: 0.500000
--- 2023-08-24 17:07:35.978902 ---
epoch 34
early stop metric: 0.181377
Phase: valid, metric: survival_loss: 0.181377
Phase: valid, metric: concordance_q25: 0.500000
Phase: valid, metric: concordance_q50: 0.500000
Phase: valid, metric: concordance_q75: 0.500000
Phase: test, metric: survival_loss: 0.196948
Phase: test, metric: concordance_q25: 0.500000
Phase: test, metric: concordance_q50: 0.500000
Phase: test, metric: concordance_q75: 0.500000
--- 2023-08-24 17:07:43.059533 ---
epoch 35
early stop metric: 0.181017
Phase: valid, metric: survival_loss: 0.181017
Phase: valid, metric: concordance_q25: 0.500000
Phase: valid, metric: concordance_q50: 0.500000
Phase: valid, metric: concordance_q75: 0.500000
Phase: test, metric: survival_loss: 0.196653
Phase: test, metric: concordance_q25: 0.500000
Phase: test, metric: concordance_q50: 0.500000
Phase: test, metric: concordance_q75: 0.500000
--- 2023-08-24 17:07:50.351697 ---
epoch 36
early stop metric: 0.180741
Phase: valid, metric: survival_loss: 0.180741
Phase: valid, metric: concordance_q25: 0.500000
Phase: valid, metric: concordance_q50: 0.500000
Phase: valid, metric: concordance_q75: 0.500000
Phase: test, metric: survival_loss: 0.196395
Phase: test, metric: concordance_q25: 0.500000
Phase: test, metric: concordance_q50: 0.500000
Phase: test, metric: concordance_q75: 0.500000
--- 2023-08-24 17:07:57.521513 ---
epoch 37
early stop metric: 0.180899
Phase: valid, metric: survival_loss: 0.180899
Phase: valid, metric: concordance_q25: 0.500000
Phase: valid, metric: concordance_q50: 0.500000
Phase: valid, metric: concordance_q75: 0.500000
Phase: test, metric: survival_loss: 0.196299
Phase: test, metric: concordance_q25: 0.500000
Phase: test, metric: concordance_q50: 0.500000
Phase: test, metric: concordance_q75: 0.500000
--- 2023-08-24 17:08:04.416831 ---
epoch 38
early stop metric: 0.180671
Phase: valid, metric: survival_loss: 0.180671
Phase: valid, metric: concordance_q25: 0.500000
Phase: valid, metric: concordance_q50: 0.500000
Phase: valid, metric: concordance_q75: 0.500000
Phase: test, metric: survival_loss: 0.196066
Phase: test, metric: concordance_q25: 0.500000
Phase: test, metric: concordance_q50: 0.500000
Phase: test, metric: concordance_q75: 0.500000
--- 2023-08-24 17:08:11.639412 ---
epoch 39
early stop metric: 0.180748
Phase: valid, metric: survival_loss: 0.180748
Phase: valid, metric: concordance_q25: 0.500000
Phase: valid, metric: concordance_q50: 0.500000
Phase: valid, metric: concordance_q75: 0.500000
Phase: test, metric: survival_loss: 0.195987
Phase: test, metric: concordance_q25: 0.500000
Phase: test, metric: concordance_q50: 0.500000
Phase: test, metric: concordance_q75: 0.500000
--- 2023-08-24 17:08:18.357035 ---
epoch 40
early stop metric: 0.180491
Phase: valid, metric: survival_loss: 0.180491
Phase: valid, metric: concordance_q25: 0.500000
Phase: valid, metric: concordance_q50: 0.500000
Phase: valid, metric: concordance_q75: 0.500000
Phase: test, metric: survival_loss: 0.195824
Phase: test, metric: concordance_q25: 0.500000
Phase: test, metric: concordance_q50: 0.500000
Phase: test, metric: concordance_q75: 0.500000
--- 2023-08-24 17:08:25.921267 ---
epoch 41
early stop metric: 0.180527
Phase: valid, metric: survival_loss: 0.180527
Phase: valid, metric: concordance_q25: 0.500000
Phase: valid, metric: concordance_q50: 0.500000
Phase: valid, metric: concordance_q75: 0.500000
Phase: test, metric: survival_loss: 0.195764
Phase: test, metric: concordance_q25: 0.500000
Phase: test, metric: concordance_q50: 0.500000
Phase: test, metric: concordance_q75: 0.500000
--- 2023-08-24 17:08:33.200518 ---
epoch 42
early stop metric: 0.180439
Phase: valid, metric: survival_loss: 0.180439
Phase: valid, metric: concordance_q25: 0.500000
Phase: valid, metric: concordance_q50: 0.500000
Phase: valid, metric: concordance_q75: 0.500000
Phase: test, metric: survival_loss: 0.195683
Phase: test, metric: concordance_q25: 0.500000
Phase: test, metric: concordance_q50: 0.500000
Phase: test, metric: concordance_q75: 0.500000
--- 2023-08-24 17:08:40.720516 ---
epoch 43
early stop metric: 0.180138
Phase: valid, metric: survival_loss: 0.180138
Phase: valid, metric: concordance_q25: 0.500000
Phase: valid, metric: concordance_q50: 0.500000
Phase: valid, metric: concordance_q75: 0.500000
Phase: test, metric: survival_loss: 0.195496
Phase: test, metric: concordance_q25: 0.500000
Phase: test, metric: concordance_q50: 0.500000
Phase: test, metric: concordance_q75: 0.500000
--- 2023-08-24 17:08:47.799617 ---
epoch 44
early stop metric: 0.180208
Phase: valid, metric: survival_loss: 0.180208
Phase: valid, metric: concordance_q25: 0.500000
Phase: valid, metric: concordance_q50: 0.500000
Phase: valid, metric: concordance_q75: 0.500000
Phase: test, metric: survival_loss: 0.195499
Phase: test, metric: concordance_q25: 0.500000
Phase: test, metric: concordance_q50: 0.500000
Phase: test, metric: concordance_q75: 0.500000
--- 2023-08-24 17:08:55.045576 ---
epoch 45
early stop metric: 0.180266
Phase: valid, metric: survival_loss: 0.180266
Phase: valid, metric: concordance_q25: 0.500000
Phase: valid, metric: concordance_q50: 0.500000
Phase: valid, metric: concordance_q75: 0.500000
Phase: test, metric: survival_loss: 0.195475
Phase: test, metric: concordance_q25: 0.500000
Phase: test, metric: concordance_q50: 0.500000
Phase: test, metric: concordance_q75: 0.500000
--- 2023-08-24 17:09:01.924546 ---
epoch 46
early stop metric: 0.180319
Phase: valid, metric: survival_loss: 0.180319
Phase: valid, metric: concordance_q25: 0.500000
Phase: valid, metric: concordance_q50: 0.500000
Phase: valid, metric: concordance_q75: 0.500000
Phase: test, metric: survival_loss: 0.195455
Phase: test, metric: concordance_q25: 0.500000
Phase: test, metric: concordance_q50: 0.500000
Phase: test, metric: concordance_q75: 0.500000
--- 2023-08-24 17:09:09.116744 ---
epoch 47
early stop metric: 0.180437
Phase: valid, metric: survival_loss: 0.180437
Phase: valid, metric: concordance_q25: 0.500000
Phase: valid, metric: concordance_q50: 0.500000
Phase: valid, metric: concordance_q75: 0.500000
Phase: test, metric: survival_loss: 0.195412
Phase: test, metric: concordance_q25: 0.500000
Phase: test, metric: concordance_q50: 0.500000
Phase: test, metric: concordance_q75: 0.500000
--- 2023-08-24 17:09:16.104292 ---
epoch 48
early stop metric: 0.180403
Phase: valid, metric: survival_loss: 0.180403
Phase: valid, metric: concordance_q25: 0.500000
Phase: valid, metric: concordance_q50: 0.500000
Phase: valid, metric: concordance_q75: 0.500000
Phase: test, metric: survival_loss: 0.195436
Phase: test, metric: concordance_q25: 0.500000
Phase: test, metric: concordance_q50: 0.500000
Phase: test, metric: concordance_q75: 0.500000
--- 2023-08-24 17:09:22.740780 ---
epoch 49
early stop metric: 0.180419
Phase: valid, metric: survival_loss: 0.180419
Phase: valid, metric: concordance_q25: 0.500000
Phase: valid, metric: concordance_q50: 0.500000
Phase: valid, metric: concordance_q75: 0.500000
Phase: test, metric: survival_loss: 0.195437
Phase: test, metric: concordance_q25: 0.500000
Phase: test, metric: concordance_q50: 0.500000
Phase: test, metric: concordance_q75: 0.500000
--- 2023-08-24 17:09:29.464343 ---
epoch 50
early stop metric: 0.180195
Phase: valid, metric: survival_loss: 0.180195
Phase: valid, metric: concordance_q25: 0.500000
Phase: valid, metric: concordance_q50: 0.500000
Phase: valid, metric: concordance_q75: 0.500000
Phase: test, metric: survival_loss: 0.195332
Phase: test, metric: concordance_q25: 0.500000
Phase: test, metric: concordance_q50: 0.500000
Phase: test, metric: concordance_q75: 0.500000
--- 2023-08-24 17:09:35.964925 ---
epoch 51
early stop metric: 0.180181
Phase: valid, metric: survival_loss: 0.180181
Phase: valid, metric: concordance_q25: 0.500000
Phase: valid, metric: concordance_q50: 0.500000
Phase: valid, metric: concordance_q75: 0.500000
Phase: test, metric: survival_loss: 0.195306
Phase: test, metric: concordance_q25: 0.500000
Phase: test, metric: concordance_q50: 0.500000
Phase: test, metric: concordance_q75: 0.500000
--- 2023-08-24 17:09:42.683073 ---
epoch 52
step    12 total loss: 0.222150
early stop metric: 0.180059
Phase: valid, metric: survival_loss: 0.180059
Phase: valid, metric: concordance_q25: 0.500000
Phase: valid, metric: concordance_q50: 0.500000
Phase: valid, metric: concordance_q75: 0.500000
Phase: test, metric: survival_loss: 0.195189
Phase: test, metric: concordance_q25: 0.500000
Phase: test, metric: concordance_q50: 0.500000
Phase: test, metric: concordance_q75: 0.500000
--- 2023-08-24 17:09:49.251722 ---
epoch 53
early stop metric: 0.180004
Phase: valid, metric: survival_loss: 0.180004
Phase: valid, metric: concordance_q25: 0.500000
Phase: valid, metric: concordance_q50: 0.500000
Phase: valid, metric: concordance_q75: 0.500000
Phase: test, metric: survival_loss: 0.195208
Phase: test, metric: concordance_q25: 0.500000
Phase: test, metric: concordance_q50: 0.500000
Phase: test, metric: concordance_q75: 0.500000
--- 2023-08-24 17:09:55.787993 ---
epoch 54
early stop metric: 0.179963
Phase: valid, metric: survival_loss: 0.179963
Phase: valid, metric: concordance_q25: 0.500000
Phase: valid, metric: concordance_q50: 0.500000
Phase: valid, metric: concordance_q75: 0.500000
Phase: test, metric: survival_loss: 0.195136
Phase: test, metric: concordance_q25: 0.500000
Phase: test, metric: concordance_q50: 0.500000
Phase: test, metric: concordance_q75: 0.500000
--- 2023-08-24 17:10:02.374254 ---
epoch 55
early stop metric: 0.179843
Phase: valid, metric: survival_loss: 0.179843
Phase: valid, metric: concordance_q25: 0.500000
Phase: valid, metric: concordance_q50: 0.500000
Phase: valid, metric: concordance_q75: 0.500000
Phase: test, metric: survival_loss: 0.195109
Phase: test, metric: concordance_q25: 0.500000
Phase: test, metric: concordance_q50: 0.500000
Phase: test, metric: concordance_q75: 0.500000
--- 2023-08-24 17:10:09.090448 ---
epoch 56
early stop metric: 0.180188
Phase: valid, metric: survival_loss: 0.180188
Phase: valid, metric: concordance_q25: 0.500000
Phase: valid, metric: concordance_q50: 0.500000
Phase: valid, metric: concordance_q75: 0.500000
Phase: test, metric: survival_loss: 0.195292
Phase: test, metric: concordance_q25: 0.500000
Phase: test, metric: concordance_q50: 0.500000
Phase: test, metric: concordance_q75: 0.500000
--- 2023-08-24 17:10:15.751465 ---
epoch 57
early stop metric: 0.180286
Phase: valid, metric: survival_loss: 0.180286
Phase: valid, metric: concordance_q25: 0.500000
Phase: valid, metric: concordance_q50: 0.500000
Phase: valid, metric: concordance_q75: 0.500000
Phase: test, metric: survival_loss: 0.195336
Phase: test, metric: concordance_q25: 0.500000
Phase: test, metric: concordance_q50: 0.500000
Phase: test, metric: concordance_q75: 0.500000
--- 2023-08-24 17:10:21.874960 ---
epoch 58
early stop metric: 0.180076
Phase: valid, metric: survival_loss: 0.180076
Phase: valid, metric: concordance_q25: 0.500000
Phase: valid, metric: concordance_q50: 0.500000
Phase: valid, metric: concordance_q75: 0.500000
Phase: test, metric: survival_loss: 0.195245
Phase: test, metric: concordance_q25: 0.500000
Phase: test, metric: concordance_q50: 0.500000
Phase: test, metric: concordance_q75: 0.500000
--- 2023-08-24 17:10:28.118314 ---
epoch 59
early stop metric: 0.180055
Phase: valid, metric: survival_loss: 0.180055
Phase: valid, metric: concordance_q25: 0.500000
Phase: valid, metric: concordance_q50: 0.500000
Phase: valid, metric: concordance_q75: 0.500000
Phase: test, metric: survival_loss: 0.195248
Phase: test, metric: concordance_q25: 0.500000
Phase: test, metric: concordance_q50: 0.500000
Phase: test, metric: concordance_q75: 0.500000
--- 2023-08-24 17:10:34.664635 ---
epoch 60
early stop metric: 0.180284
Phase: valid, metric: survival_loss: 0.180284
Phase: valid, metric: concordance_q25: 0.500000
Phase: valid, metric: concordance_q50: 0.500000
Phase: valid, metric: concordance_q75: 0.500000
Phase: test, metric: survival_loss: 0.195338
Phase: test, metric: concordance_q25: 0.500000
Phase: test, metric: concordance_q50: 0.500000
Phase: test, metric: concordance_q75: 0.500000
--- 2023-08-24 17:10:40.813571 ---
epoch 61
early stop metric: 0.180406
Phase: valid, metric: survival_loss: 0.180406
Phase: valid, metric: concordance_q25: 0.500000
Phase: valid, metric: concordance_q50: 0.500000
Phase: valid, metric: concordance_q75: 0.500000
Phase: test, metric: survival_loss: 0.195346
Phase: test, metric: concordance_q25: 0.500000
Phase: test, metric: concordance_q50: 0.500000
Phase: test, metric: concordance_q75: 0.500000
--- 2023-08-24 17:10:47.277661 ---
epoch 62
early stop metric: 0.180389
Phase: valid, metric: survival_loss: 0.180389
Phase: valid, metric: concordance_q25: 0.500000
Phase: valid, metric: concordance_q50: 0.500000
Phase: valid, metric: concordance_q75: 0.500000
Phase: test, metric: survival_loss: 0.195310
Phase: test, metric: concordance_q25: 0.500000
Phase: test, metric: concordance_q50: 0.500000
Phase: test, metric: concordance_q75: 0.500000
--- 2023-08-24 17:10:53.356974 ---
epoch 63
early stop metric: 0.180237
Phase: valid, metric: survival_loss: 0.180237
Phase: valid, metric: concordance_q25: 0.500000
Phase: valid, metric: concordance_q50: 0.500000
Phase: valid, metric: concordance_q75: 0.500000
Phase: test, metric: survival_loss: 0.195287
Phase: test, metric: concordance_q25: 0.500000
Phase: test, metric: concordance_q50: 0.500000
Phase: test, metric: concordance_q75: 0.500000
--- 2023-08-24 17:10:59.622735 ---
epoch 64
early stop metric: 0.180252
Phase: valid, metric: survival_loss: 0.180252
Phase: valid, metric: concordance_q25: 0.500000
Phase: valid, metric: concordance_q50: 0.500000
Phase: valid, metric: concordance_q75: 0.500000
Phase: test, metric: survival_loss: 0.195279
Phase: test, metric: concordance_q25: 0.500000
Phase: test, metric: concordance_q50: 0.500000
Phase: test, metric: concordance_q75: 0.500000
--- 2023-08-24 17:11:05.903091 ---
epoch 65
early stop metric: 0.179972
Phase: valid, metric: survival_loss: 0.179972
Phase: valid, metric: concordance_q25: 0.500000
Phase: valid, metric: concordance_q50: 0.500000
Phase: valid, metric: concordance_q75: 0.500000
Phase: test, metric: survival_loss: 0.195158
Phase: test, metric: concordance_q25: 0.500000
Phase: test, metric: concordance_q50: 0.500000
Phase: test, metric: concordance_q75: 0.500000
