--- 2023-08-25 20:45:18.471905 ---
epoch 0
early stop metric: 0.279022
Phase: valid, metric: survival_loss: 0.279022
Phase: valid, metric: concordance_q25: 0.594605
Phase: valid, metric: concordance_q50: 0.721221
Phase: valid, metric: concordance_q75: 0.500236
Phase: test, metric: survival_loss: 0.282058
Phase: test, metric: concordance_q25: 0.724389
Phase: test, metric: concordance_q50: 0.588122
Phase: test, metric: concordance_q75: 0.588122
--- 2023-08-25 20:45:55.820440 ---
epoch 1
early stop metric: 0.259784
Phase: valid, metric: survival_loss: 0.259784
Phase: valid, metric: concordance_q25: 0.500236
Phase: valid, metric: concordance_q50: 0.721221
Phase: valid, metric: concordance_q75: 0.500236
Phase: test, metric: survival_loss: 0.257351
Phase: test, metric: concordance_q25: 0.588122
Phase: test, metric: concordance_q50: 0.500801
Phase: test, metric: concordance_q75: 0.637068
--- 2023-08-25 20:46:48.716076 ---
epoch 2
early stop metric: 0.254067
Phase: valid, metric: survival_loss: 0.254067
Phase: valid, metric: concordance_q25: 0.626851
Phase: valid, metric: concordance_q50: 0.594605
Phase: valid, metric: concordance_q75: 0.594605
Phase: test, metric: survival_loss: 0.251044
Phase: test, metric: concordance_q25: 0.588122
Phase: test, metric: concordance_q50: 0.637068
Phase: test, metric: concordance_q75: 0.637068
--- 2023-08-25 20:47:51.359866 ---
epoch 3
early stop metric: 0.252530
Phase: valid, metric: survival_loss: 0.252530
Phase: valid, metric: concordance_q25: 0.594605
Phase: valid, metric: concordance_q50: 0.500236
Phase: valid, metric: concordance_q75: 0.721221
Phase: test, metric: survival_loss: 0.246867
Phase: test, metric: concordance_q25: 0.500801
Phase: test, metric: concordance_q50: 0.724389
Phase: test, metric: concordance_q75: 0.500801
--- 2023-08-25 20:49:00.204690 ---
epoch 4
early stop metric: 0.250377
Phase: valid, metric: survival_loss: 0.250377
Phase: valid, metric: concordance_q25: 0.500236
Phase: valid, metric: concordance_q50: 0.500236
Phase: valid, metric: concordance_q75: 0.626851
Phase: test, metric: survival_loss: 0.245360
Phase: test, metric: concordance_q25: 0.637068
Phase: test, metric: concordance_q50: 0.724389
Phase: test, metric: concordance_q75: 0.500801
--- 2023-08-25 20:50:07.894764 ---
epoch 5
early stop metric: 0.249440
Phase: valid, metric: survival_loss: 0.249440
Phase: valid, metric: concordance_q25: 0.721221
Phase: valid, metric: concordance_q50: 0.594605
Phase: valid, metric: concordance_q75: 0.721221
Phase: test, metric: survival_loss: 0.245136
Phase: test, metric: concordance_q25: 0.588122
Phase: test, metric: concordance_q50: 0.500801
Phase: test, metric: concordance_q75: 0.637068
--- 2023-08-25 20:51:15.225069 ---
epoch 6
step    32 total loss: 0.270542
early stop metric: 0.248969
Phase: valid, metric: survival_loss: 0.248969
Phase: valid, metric: concordance_q25: 0.721221
Phase: valid, metric: concordance_q50: 0.626851
Phase: valid, metric: concordance_q75: 0.594605
Phase: test, metric: survival_loss: 0.245655
Phase: test, metric: concordance_q25: 0.724389
Phase: test, metric: concordance_q50: 0.588122
Phase: test, metric: concordance_q75: 0.724389
--- 2023-08-25 20:52:22.897027 ---
epoch 7
early stop metric: 0.248167
Phase: valid, metric: survival_loss: 0.248167
Phase: valid, metric: concordance_q25: 0.594605
Phase: valid, metric: concordance_q50: 0.500236
Phase: valid, metric: concordance_q75: 0.594605
Phase: test, metric: survival_loss: 0.244782
Phase: test, metric: concordance_q25: 0.500801
Phase: test, metric: concordance_q50: 0.588122
Phase: test, metric: concordance_q75: 0.724389
--- 2023-08-25 20:53:30.717602 ---
epoch 8
early stop metric: 0.247397
Phase: valid, metric: survival_loss: 0.247397
Phase: valid, metric: concordance_q25: 0.721221
Phase: valid, metric: concordance_q50: 0.594605
Phase: valid, metric: concordance_q75: 0.626851
Phase: test, metric: survival_loss: 0.243582
Phase: test, metric: concordance_q25: 0.500801
Phase: test, metric: concordance_q50: 0.724389
Phase: test, metric: concordance_q75: 0.588122
--- 2023-08-25 20:54:36.254343 ---
epoch 9
early stop metric: 0.249445
Phase: valid, metric: survival_loss: 0.249445
Phase: valid, metric: concordance_q25: 0.721221
Phase: valid, metric: concordance_q50: 0.500236
Phase: valid, metric: concordance_q75: 0.721221
Phase: test, metric: survival_loss: 0.244925
Phase: test, metric: concordance_q25: 0.724389
Phase: test, metric: concordance_q50: 0.637068
Phase: test, metric: concordance_q75: 0.500801
--- 2023-08-25 20:55:41.006561 ---
epoch 10
early stop metric: 0.248821
Phase: valid, metric: survival_loss: 0.248821
Phase: valid, metric: concordance_q25: 0.500236
Phase: valid, metric: concordance_q50: 0.500236
Phase: valid, metric: concordance_q75: 0.721221
Phase: test, metric: survival_loss: 0.244579
Phase: test, metric: concordance_q25: 0.724389
Phase: test, metric: concordance_q50: 0.637068
Phase: test, metric: concordance_q75: 0.500801
--- 2023-08-25 20:56:50.864306 ---
epoch 11
early stop metric: 0.249214
Phase: valid, metric: survival_loss: 0.249214
Phase: valid, metric: concordance_q25: 0.721221
Phase: valid, metric: concordance_q50: 0.594605
Phase: valid, metric: concordance_q75: 0.721221
Phase: test, metric: survival_loss: 0.244737
Phase: test, metric: concordance_q25: 0.724389
Phase: test, metric: concordance_q50: 0.724389
Phase: test, metric: concordance_q75: 0.637068
--- 2023-08-25 20:57:57.859843 ---
epoch 12
step    64 total loss: 0.254056
early stop metric: 0.249403
Phase: valid, metric: survival_loss: 0.249403
Phase: valid, metric: concordance_q25: 0.500236
Phase: valid, metric: concordance_q50: 0.500236
Phase: valid, metric: concordance_q75: 0.500236
Phase: test, metric: survival_loss: 0.245207
Phase: test, metric: concordance_q25: 0.637068
Phase: test, metric: concordance_q50: 0.724389
Phase: test, metric: concordance_q75: 0.588122
--- 2023-08-25 20:59:03.364976 ---
epoch 13
early stop metric: 0.250782
Phase: valid, metric: survival_loss: 0.250782
Phase: valid, metric: concordance_q25: 0.626851
Phase: valid, metric: concordance_q50: 0.721221
Phase: valid, metric: concordance_q75: 0.626851
Phase: test, metric: survival_loss: 0.246215
Phase: test, metric: concordance_q25: 0.500801
Phase: test, metric: concordance_q50: 0.588122
Phase: test, metric: concordance_q75: 0.724389
--- 2023-08-25 21:00:09.578084 ---
epoch 14
early stop metric: 0.247557
Phase: valid, metric: survival_loss: 0.247557
Phase: valid, metric: concordance_q25: 0.721221
Phase: valid, metric: concordance_q50: 0.500236
Phase: valid, metric: concordance_q75: 0.500236
Phase: test, metric: survival_loss: 0.242879
Phase: test, metric: concordance_q25: 0.724389
Phase: test, metric: concordance_q50: 0.588122
Phase: test, metric: concordance_q75: 0.588122
--- 2023-08-25 21:01:17.168357 ---
epoch 15
early stop metric: 0.247690
Phase: valid, metric: survival_loss: 0.247690
Phase: valid, metric: concordance_q25: 0.500236
Phase: valid, metric: concordance_q50: 0.594605
Phase: valid, metric: concordance_q75: 0.626851
Phase: test, metric: survival_loss: 0.242990
Phase: test, metric: concordance_q25: 0.637068
Phase: test, metric: concordance_q50: 0.500801
Phase: test, metric: concordance_q75: 0.500801
--- 2023-08-25 21:02:23.121186 ---
epoch 16
early stop metric: 0.247789
Phase: valid, metric: survival_loss: 0.247789
Phase: valid, metric: concordance_q25: 0.500236
Phase: valid, metric: concordance_q50: 0.721221
Phase: valid, metric: concordance_q75: 0.721221
Phase: test, metric: survival_loss: 0.242999
Phase: test, metric: concordance_q25: 0.500801
Phase: test, metric: concordance_q50: 0.637068
Phase: test, metric: concordance_q75: 0.588122
--- 2023-08-25 21:03:28.693110 ---
epoch 17
early stop metric: 0.247515
Phase: valid, metric: survival_loss: 0.247515
Phase: valid, metric: concordance_q25: 0.626851
Phase: valid, metric: concordance_q50: 0.721221
Phase: valid, metric: concordance_q75: 0.721221
Phase: test, metric: survival_loss: 0.242888
Phase: test, metric: concordance_q25: 0.637068
Phase: test, metric: concordance_q50: 0.588122
Phase: test, metric: concordance_q75: 0.724389
--- 2023-08-25 21:04:34.336161 ---
epoch 18
early stop metric: 0.248212
Phase: valid, metric: survival_loss: 0.248212
Phase: valid, metric: concordance_q25: 0.721221
Phase: valid, metric: concordance_q50: 0.721221
Phase: valid, metric: concordance_q75: 0.594605
Phase: test, metric: survival_loss: 0.243274
Phase: test, metric: concordance_q25: 0.500801
Phase: test, metric: concordance_q50: 0.500801
Phase: test, metric: concordance_q75: 0.724389
