--- 2023-08-23 13:01:42.055354 ---
epoch 0
early stop metric: 0.534068
Phase: valid, metric: survival_loss: 0.534068
Phase: valid, metric: concordance_q25: 0.500000
Phase: valid, metric: concordance_q50: 0.500000
Phase: valid, metric: concordance_q75: 0.500000
Phase: test, metric: survival_loss: 0.530542
Phase: test, metric: concordance_q25: 0.500000
Phase: test, metric: concordance_q50: 0.500000
Phase: test, metric: concordance_q75: 0.500000
--- 2023-08-23 13:01:57.144596 ---
epoch 1
early stop metric: 0.452806
Phase: valid, metric: survival_loss: 0.452806
Phase: valid, metric: concordance_q25: 0.500000
Phase: valid, metric: concordance_q50: 0.500000
Phase: valid, metric: concordance_q75: 0.500000
Phase: test, metric: survival_loss: 0.442385
Phase: test, metric: concordance_q25: 0.500000
Phase: test, metric: concordance_q50: 0.500000
Phase: test, metric: concordance_q75: 0.500000
--- 2023-08-23 13:02:16.980752 ---
epoch 2
early stop metric: 0.437099
Phase: valid, metric: survival_loss: 0.437099
Phase: valid, metric: concordance_q25: 0.500000
Phase: valid, metric: concordance_q50: 0.500000
Phase: valid, metric: concordance_q75: 0.500000
Phase: test, metric: survival_loss: 0.426235
Phase: test, metric: concordance_q25: 0.500000
Phase: test, metric: concordance_q50: 0.500000
Phase: test, metric: concordance_q75: 0.500000
--- 2023-08-23 13:02:38.994251 ---
epoch 3
early stop metric: 0.434422
Phase: valid, metric: survival_loss: 0.434422
Phase: valid, metric: concordance_q25: 0.500000
Phase: valid, metric: concordance_q50: 0.500000
Phase: valid, metric: concordance_q75: 0.500000
Phase: test, metric: survival_loss: 0.423964
Phase: test, metric: concordance_q25: 0.500000
Phase: test, metric: concordance_q50: 0.500000
Phase: test, metric: concordance_q75: 0.500000
--- 2023-08-23 13:03:01.637106 ---
epoch 4
early stop metric: 0.442138
Phase: valid, metric: survival_loss: 0.442138
Phase: valid, metric: concordance_q25: 0.500000
Phase: valid, metric: concordance_q50: 0.500000
Phase: valid, metric: concordance_q75: 0.500000
Phase: test, metric: survival_loss: 0.430659
Phase: test, metric: concordance_q25: 0.500000
Phase: test, metric: concordance_q50: 0.500000
Phase: test, metric: concordance_q75: 0.500000
--- 2023-08-23 13:03:23.723031 ---
epoch 5
early stop metric: 0.432421
Phase: valid, metric: survival_loss: 0.432421
Phase: valid, metric: concordance_q25: 0.500000
Phase: valid, metric: concordance_q50: 0.500000
Phase: valid, metric: concordance_q75: 0.500000
Phase: test, metric: survival_loss: 0.419528
Phase: test, metric: concordance_q25: 0.500000
Phase: test, metric: concordance_q50: 0.500000
Phase: test, metric: concordance_q75: 0.500000
--- 2023-08-23 13:03:46.343696 ---
epoch 6
early stop metric: 0.429884
Phase: valid, metric: survival_loss: 0.429884
Phase: valid, metric: concordance_q25: 0.500000
Phase: valid, metric: concordance_q50: 0.500000
Phase: valid, metric: concordance_q75: 0.500000
Phase: test, metric: survival_loss: 0.417757
Phase: test, metric: concordance_q25: 0.500000
Phase: test, metric: concordance_q50: 0.500000
Phase: test, metric: concordance_q75: 0.500000
--- 2023-08-23 13:04:08.611039 ---
epoch 7
early stop metric: 0.433009
Phase: valid, metric: survival_loss: 0.433009
Phase: valid, metric: concordance_q25: 0.500000
Phase: valid, metric: concordance_q50: 0.500000
Phase: valid, metric: concordance_q75: 0.500000
Phase: test, metric: survival_loss: 0.419707
Phase: test, metric: concordance_q25: 0.500000
Phase: test, metric: concordance_q50: 0.500000
Phase: test, metric: concordance_q75: 0.500000
--- 2023-08-23 13:04:30.821352 ---
epoch 8
early stop metric: 0.433418
Phase: valid, metric: survival_loss: 0.433418
Phase: valid, metric: concordance_q25: 0.500000
Phase: valid, metric: concordance_q50: 0.500000
Phase: valid, metric: concordance_q75: 0.500000
Phase: test, metric: survival_loss: 0.420651
Phase: test, metric: concordance_q25: 0.500000
Phase: test, metric: concordance_q50: 0.500000
Phase: test, metric: concordance_q75: 0.500000
--- 2023-08-23 13:04:54.350334 ---
epoch 9
early stop metric: 0.429065
Phase: valid, metric: survival_loss: 0.429065
Phase: valid, metric: concordance_q25: 0.500000
Phase: valid, metric: concordance_q50: 0.500000
Phase: valid, metric: concordance_q75: 0.500000
Phase: test, metric: survival_loss: 0.416960
Phase: test, metric: concordance_q25: 0.500000
Phase: test, metric: concordance_q50: 0.500000
Phase: test, metric: concordance_q75: 0.500000
--- 2023-08-23 13:05:17.349971 ---
epoch 10
early stop metric: 0.430083
Phase: valid, metric: survival_loss: 0.430083
Phase: valid, metric: concordance_q25: 0.500000
Phase: valid, metric: concordance_q50: 0.500000
Phase: valid, metric: concordance_q75: 0.500000
Phase: test, metric: survival_loss: 0.417723
Phase: test, metric: concordance_q25: 0.500000
Phase: test, metric: concordance_q50: 0.500000
Phase: test, metric: concordance_q75: 0.500000
--- 2023-08-23 13:05:39.635199 ---
epoch 11
early stop metric: 0.427847
Phase: valid, metric: survival_loss: 0.427847
Phase: valid, metric: concordance_q25: 0.500000
Phase: valid, metric: concordance_q50: 0.500000
Phase: valid, metric: concordance_q75: 0.500000
Phase: test, metric: survival_loss: 0.415405
Phase: test, metric: concordance_q25: 0.500000
Phase: test, metric: concordance_q50: 0.500000
Phase: test, metric: concordance_q75: 0.500000
--- 2023-08-23 13:06:02.143465 ---
epoch 12
early stop metric: 0.431328
Phase: valid, metric: survival_loss: 0.431328
Phase: valid, metric: concordance_q25: 0.500000
Phase: valid, metric: concordance_q50: 0.500000
Phase: valid, metric: concordance_q75: 0.500000
Phase: test, metric: survival_loss: 0.417926
Phase: test, metric: concordance_q25: 0.500000
Phase: test, metric: concordance_q50: 0.500000
Phase: test, metric: concordance_q75: 0.500000
--- 2023-08-23 13:06:25.244869 ---
epoch 13
early stop metric: 0.432998
Phase: valid, metric: survival_loss: 0.432998
Phase: valid, metric: concordance_q25: 0.500000
Phase: valid, metric: concordance_q50: 0.500000
Phase: valid, metric: concordance_q75: 0.500000
Phase: test, metric: survival_loss: 0.419432
Phase: test, metric: concordance_q25: 0.500000
Phase: test, metric: concordance_q50: 0.500000
Phase: test, metric: concordance_q75: 0.500000
--- 2023-08-23 13:06:47.199920 ---
epoch 14
early stop metric: 0.429638
Phase: valid, metric: survival_loss: 0.429638
Phase: valid, metric: concordance_q25: 0.500000
Phase: valid, metric: concordance_q50: 0.500000
Phase: valid, metric: concordance_q75: 0.500000
Phase: test, metric: survival_loss: 0.417047
Phase: test, metric: concordance_q25: 0.500000
Phase: test, metric: concordance_q50: 0.500000
Phase: test, metric: concordance_q75: 0.500000
--- 2023-08-23 13:07:09.364519 ---
epoch 15
early stop metric: 0.429338
Phase: valid, metric: survival_loss: 0.429338
Phase: valid, metric: concordance_q25: 0.500000
Phase: valid, metric: concordance_q50: 0.500000
Phase: valid, metric: concordance_q75: 0.500000
Phase: test, metric: survival_loss: 0.416689
Phase: test, metric: concordance_q25: 0.500000
Phase: test, metric: concordance_q50: 0.500000
Phase: test, metric: concordance_q75: 0.500000
--- 2023-08-23 13:07:32.309327 ---
epoch 16
early stop metric: 0.427398
Phase: valid, metric: survival_loss: 0.427398
Phase: valid, metric: concordance_q25: 0.500000
Phase: valid, metric: concordance_q50: 0.500000
Phase: valid, metric: concordance_q75: 0.500000
Phase: test, metric: survival_loss: 0.414676
Phase: test, metric: concordance_q25: 0.500000
Phase: test, metric: concordance_q50: 0.500000
Phase: test, metric: concordance_q75: 0.500000
--- 2023-08-23 13:07:54.491968 ---
epoch 17
early stop metric: 0.428178
Phase: valid, metric: survival_loss: 0.428178
Phase: valid, metric: concordance_q25: 0.500000
Phase: valid, metric: concordance_q50: 0.500000
Phase: valid, metric: concordance_q75: 0.500000
Phase: test, metric: survival_loss: 0.415779
Phase: test, metric: concordance_q25: 0.500000
Phase: test, metric: concordance_q50: 0.500000
Phase: test, metric: concordance_q75: 0.500000
--- 2023-08-23 13:08:18.091828 ---
epoch 18
early stop metric: 0.429530
Phase: valid, metric: survival_loss: 0.429530
Phase: valid, metric: concordance_q25: 0.500000
Phase: valid, metric: concordance_q50: 0.500000
Phase: valid, metric: concordance_q75: 0.500000
Phase: test, metric: survival_loss: 0.416913
Phase: test, metric: concordance_q25: 0.500000
Phase: test, metric: concordance_q50: 0.500000
Phase: test, metric: concordance_q75: 0.500000
--- 2023-08-23 13:08:41.163400 ---
epoch 19
early stop metric: 0.427342
Phase: valid, metric: survival_loss: 0.427342
Phase: valid, metric: concordance_q25: 0.500000
Phase: valid, metric: concordance_q50: 0.500000
Phase: valid, metric: concordance_q75: 0.500000
Phase: test, metric: survival_loss: 0.414713
Phase: test, metric: concordance_q25: 0.500000
Phase: test, metric: concordance_q50: 0.500000
Phase: test, metric: concordance_q75: 0.500000
--- 2023-08-23 13:09:04.947825 ---
epoch 20
early stop metric: 0.427889
Phase: valid, metric: survival_loss: 0.427889
Phase: valid, metric: concordance_q25: 0.500000
Phase: valid, metric: concordance_q50: 0.500000
Phase: valid, metric: concordance_q75: 0.500000
Phase: test, metric: survival_loss: 0.415120
Phase: test, metric: concordance_q25: 0.500000
Phase: test, metric: concordance_q50: 0.500000
Phase: test, metric: concordance_q75: 0.500000
--- 2023-08-23 13:09:27.678579 ---
epoch 21
step    17 total loss: 0.416203
early stop metric: 0.430037
Phase: valid, metric: survival_loss: 0.430037
Phase: valid, metric: concordance_q25: 0.500000
Phase: valid, metric: concordance_q50: 0.500000
Phase: valid, metric: concordance_q75: 0.500000
Phase: test, metric: survival_loss: 0.417016
Phase: test, metric: concordance_q25: 0.500000
Phase: test, metric: concordance_q50: 0.500000
Phase: test, metric: concordance_q75: 0.500000
--- 2023-08-23 13:09:50.930583 ---
epoch 22
early stop metric: 0.433492
Phase: valid, metric: survival_loss: 0.433492
Phase: valid, metric: concordance_q25: 0.500000
Phase: valid, metric: concordance_q50: 0.500000
Phase: valid, metric: concordance_q75: 0.500000
Phase: test, metric: survival_loss: 0.420104
Phase: test, metric: concordance_q25: 0.500000
Phase: test, metric: concordance_q50: 0.500000
Phase: test, metric: concordance_q75: 0.500000
--- 2023-08-23 13:10:14.220880 ---
epoch 23
early stop metric: 0.428131
Phase: valid, metric: survival_loss: 0.428131
Phase: valid, metric: concordance_q25: 0.500000
Phase: valid, metric: concordance_q50: 0.500000
Phase: valid, metric: concordance_q75: 0.500000
Phase: test, metric: survival_loss: 0.415986
Phase: test, metric: concordance_q25: 0.500000
Phase: test, metric: concordance_q50: 0.500000
Phase: test, metric: concordance_q75: 0.500000
--- 2023-08-23 13:10:36.667996 ---
epoch 24
early stop metric: 0.427116
Phase: valid, metric: survival_loss: 0.427116
Phase: valid, metric: concordance_q25: 0.500000
Phase: valid, metric: concordance_q50: 0.500000
Phase: valid, metric: concordance_q75: 0.500000
Phase: test, metric: survival_loss: 0.414379
Phase: test, metric: concordance_q25: 0.500000
Phase: test, metric: concordance_q50: 0.500000
Phase: test, metric: concordance_q75: 0.500000
--- 2023-08-23 13:10:59.263107 ---
epoch 25
early stop metric: 0.431016
Phase: valid, metric: survival_loss: 0.431016
Phase: valid, metric: concordance_q25: 0.500000
Phase: valid, metric: concordance_q50: 0.500000
Phase: valid, metric: concordance_q75: 0.500000
Phase: test, metric: survival_loss: 0.417520
Phase: test, metric: concordance_q25: 0.500000
Phase: test, metric: concordance_q50: 0.500000
Phase: test, metric: concordance_q75: 0.500000
--- 2023-08-23 13:11:22.339939 ---
epoch 26
early stop metric: 0.426223
Phase: valid, metric: survival_loss: 0.426223
Phase: valid, metric: concordance_q25: 0.500000
Phase: valid, metric: concordance_q50: 0.500000
Phase: valid, metric: concordance_q75: 0.500000
Phase: test, metric: survival_loss: 0.413664
Phase: test, metric: concordance_q25: 0.500000
Phase: test, metric: concordance_q50: 0.500000
Phase: test, metric: concordance_q75: 0.500000
--- 2023-08-23 13:11:45.710789 ---
epoch 27
early stop metric: 0.426834
Phase: valid, metric: survival_loss: 0.426834
Phase: valid, metric: concordance_q25: 0.500000
Phase: valid, metric: concordance_q50: 0.500000
Phase: valid, metric: concordance_q75: 0.500000
Phase: test, metric: survival_loss: 0.413978
Phase: test, metric: concordance_q25: 0.500000
Phase: test, metric: concordance_q50: 0.500000
Phase: test, metric: concordance_q75: 0.500000
--- 2023-08-23 13:12:09.071249 ---
epoch 28
early stop metric: 0.427094
Phase: valid, metric: survival_loss: 0.427094
Phase: valid, metric: concordance_q25: 0.500000
Phase: valid, metric: concordance_q50: 0.500000
Phase: valid, metric: concordance_q75: 0.500000
Phase: test, metric: survival_loss: 0.414858
Phase: test, metric: concordance_q25: 0.500000
Phase: test, metric: concordance_q50: 0.500000
Phase: test, metric: concordance_q75: 0.500000
--- 2023-08-23 13:12:33.734137 ---
epoch 29
early stop metric: 0.430027
Phase: valid, metric: survival_loss: 0.430027
Phase: valid, metric: concordance_q25: 0.500000
Phase: valid, metric: concordance_q50: 0.500000
Phase: valid, metric: concordance_q75: 0.500000
Phase: test, metric: survival_loss: 0.416478
Phase: test, metric: concordance_q25: 0.500000
Phase: test, metric: concordance_q50: 0.500000
Phase: test, metric: concordance_q75: 0.500000
--- 2023-08-23 13:12:57.794865 ---
epoch 30
early stop metric: 0.427476
Phase: valid, metric: survival_loss: 0.427476
Phase: valid, metric: concordance_q25: 0.500000
Phase: valid, metric: concordance_q50: 0.500000
Phase: valid, metric: concordance_q75: 0.500000
Phase: test, metric: survival_loss: 0.414369
Phase: test, metric: concordance_q25: 0.500000
Phase: test, metric: concordance_q50: 0.500000
Phase: test, metric: concordance_q75: 0.500000
--- 2023-08-23 13:13:21.784496 ---
epoch 31
early stop metric: 0.435170
Phase: valid, metric: survival_loss: 0.435170
Phase: valid, metric: concordance_q25: 0.500000
Phase: valid, metric: concordance_q50: 0.500000
Phase: valid, metric: concordance_q75: 0.500000
Phase: test, metric: survival_loss: 0.422372
Phase: test, metric: concordance_q25: 0.500000
Phase: test, metric: concordance_q50: 0.500000
Phase: test, metric: concordance_q75: 0.500000
--- 2023-08-23 13:13:45.891635 ---
epoch 32
early stop metric: 0.428788
Phase: valid, metric: survival_loss: 0.428788
Phase: valid, metric: concordance_q25: 0.500000
Phase: valid, metric: concordance_q50: 0.500000
Phase: valid, metric: concordance_q75: 0.500000
Phase: test, metric: survival_loss: 0.415798
Phase: test, metric: concordance_q25: 0.500000
Phase: test, metric: concordance_q50: 0.500000
Phase: test, metric: concordance_q75: 0.500000
--- 2023-08-23 13:14:09.989137 ---
epoch 33
early stop metric: 0.427067
Phase: valid, metric: survival_loss: 0.427067
Phase: valid, metric: concordance_q25: 0.500000
Phase: valid, metric: concordance_q50: 0.500000
Phase: valid, metric: concordance_q75: 0.500000
Phase: test, metric: survival_loss: 0.414131
Phase: test, metric: concordance_q25: 0.500000
Phase: test, metric: concordance_q50: 0.500000
Phase: test, metric: concordance_q75: 0.500000
--- 2023-08-23 13:14:33.016828 ---
epoch 34
early stop metric: 0.428336
Phase: valid, metric: survival_loss: 0.428336
Phase: valid, metric: concordance_q25: 0.500000
Phase: valid, metric: concordance_q50: 0.500000
Phase: valid, metric: concordance_q75: 0.500000
Phase: test, metric: survival_loss: 0.414893
Phase: test, metric: concordance_q25: 0.500000
Phase: test, metric: concordance_q50: 0.500000
Phase: test, metric: concordance_q75: 0.500000
--- 2023-08-23 13:14:56.466791 ---
epoch 35
early stop metric: 0.427697
Phase: valid, metric: survival_loss: 0.427697
Phase: valid, metric: concordance_q25: 0.500000
Phase: valid, metric: concordance_q50: 0.500000
Phase: valid, metric: concordance_q75: 0.500000
Phase: test, metric: survival_loss: 0.414481
Phase: test, metric: concordance_q25: 0.500000
Phase: test, metric: concordance_q50: 0.500000
Phase: test, metric: concordance_q75: 0.500000
--- 2023-08-23 13:15:19.384549 ---
epoch 36
early stop metric: 0.426252
Phase: valid, metric: survival_loss: 0.426252
Phase: valid, metric: concordance_q25: 0.500000
Phase: valid, metric: concordance_q50: 0.500000
Phase: valid, metric: concordance_q75: 0.500000
Phase: test, metric: survival_loss: 0.413456
Phase: test, metric: concordance_q25: 0.500000
Phase: test, metric: concordance_q50: 0.500000
Phase: test, metric: concordance_q75: 0.500000
--- 2023-08-23 23:10:10.541494 ---
epoch 0
early stop metric: 0.447264
Phase: valid, metric: survival_loss: 0.447264
Phase: valid, metric: concordance_q25: 0.500000
Phase: valid, metric: concordance_q50: 0.500000
Phase: valid, metric: concordance_q75: 0.500000
Phase: test, metric: survival_loss: 0.431558
Phase: test, metric: concordance_q25: 0.500000
Phase: test, metric: concordance_q50: 0.500000
Phase: test, metric: concordance_q75: 0.500000
--- 2023-08-23 23:10:36.129459 ---
epoch 1
early stop metric: 0.441036
Phase: valid, metric: survival_loss: 0.441036
Phase: valid, metric: concordance_q25: 0.500000
Phase: valid, metric: concordance_q50: 0.500000
Phase: valid, metric: concordance_q75: 0.500000
Phase: test, metric: survival_loss: 0.429413
Phase: test, metric: concordance_q25: 0.500000
Phase: test, metric: concordance_q50: 0.500000
Phase: test, metric: concordance_q75: 0.500000
--- 2023-08-23 23:11:08.254871 ---
epoch 2
early stop metric: 0.437319
Phase: valid, metric: survival_loss: 0.437319
Phase: valid, metric: concordance_q25: 0.500000
Phase: valid, metric: concordance_q50: 0.500000
Phase: valid, metric: concordance_q75: 0.500000
Phase: test, metric: survival_loss: 0.426142
Phase: test, metric: concordance_q25: 0.500000
Phase: test, metric: concordance_q50: 0.500000
Phase: test, metric: concordance_q75: 0.500000
--- 2023-08-23 23:11:40.807703 ---
epoch 3
early stop metric: 0.431667
Phase: valid, metric: survival_loss: 0.431667
Phase: valid, metric: concordance_q25: 0.500000
Phase: valid, metric: concordance_q50: 0.500000
Phase: valid, metric: concordance_q75: 0.500000
Phase: test, metric: survival_loss: 0.419417
Phase: test, metric: concordance_q25: 0.500000
Phase: test, metric: concordance_q50: 0.500000
Phase: test, metric: concordance_q75: 0.500000
--- 2023-08-23 23:12:13.581724 ---
epoch 4
early stop metric: 0.430667
Phase: valid, metric: survival_loss: 0.430667
Phase: valid, metric: concordance_q25: 0.500000
Phase: valid, metric: concordance_q50: 0.500000
Phase: valid, metric: concordance_q75: 0.500000
Phase: test, metric: survival_loss: 0.418871
Phase: test, metric: concordance_q25: 0.500000
Phase: test, metric: concordance_q50: 0.500000
Phase: test, metric: concordance_q75: 0.500000
--- 2023-08-23 23:12:47.867138 ---
epoch 5
early stop metric: 0.431260
Phase: valid, metric: survival_loss: 0.431260
Phase: valid, metric: concordance_q25: 0.500000
Phase: valid, metric: concordance_q50: 0.500000
Phase: valid, metric: concordance_q75: 0.500000
Phase: test, metric: survival_loss: 0.420222
Phase: test, metric: concordance_q25: 0.500000
Phase: test, metric: concordance_q50: 0.500000
Phase: test, metric: concordance_q75: 0.500000
--- 2023-08-23 23:13:21.658211 ---
epoch 6
early stop metric: 0.436498
Phase: valid, metric: survival_loss: 0.436498
Phase: valid, metric: concordance_q25: 0.500000
Phase: valid, metric: concordance_q50: 0.500000
Phase: valid, metric: concordance_q75: 0.500000
Phase: test, metric: survival_loss: 0.427675
Phase: test, metric: concordance_q25: 0.500000
Phase: test, metric: concordance_q50: 0.500000
Phase: test, metric: concordance_q75: 0.500000
--- 2023-08-23 23:13:56.875860 ---
epoch 7
early stop metric: 0.434483
Phase: valid, metric: survival_loss: 0.434483
Phase: valid, metric: concordance_q25: 0.500000
Phase: valid, metric: concordance_q50: 0.500000
Phase: valid, metric: concordance_q75: 0.500000
Phase: test, metric: survival_loss: 0.425059
Phase: test, metric: concordance_q25: 0.500000
Phase: test, metric: concordance_q50: 0.500000
Phase: test, metric: concordance_q75: 0.500000
--- 2023-08-23 23:14:31.095905 ---
epoch 8
early stop metric: 0.431580
Phase: valid, metric: survival_loss: 0.431580
Phase: valid, metric: concordance_q25: 0.500000
Phase: valid, metric: concordance_q50: 0.500000
Phase: valid, metric: concordance_q75: 0.500000
Phase: test, metric: survival_loss: 0.418471
Phase: test, metric: concordance_q25: 0.500000
Phase: test, metric: concordance_q50: 0.500000
Phase: test, metric: concordance_q75: 0.500000
--- 2023-08-23 23:15:05.245799 ---
epoch 9
early stop metric: 0.443238
Phase: valid, metric: survival_loss: 0.443238
Phase: valid, metric: concordance_q25: 0.500000
Phase: valid, metric: concordance_q50: 0.500000
Phase: valid, metric: concordance_q75: 0.500000
Phase: test, metric: survival_loss: 0.433630
Phase: test, metric: concordance_q25: 0.500000
Phase: test, metric: concordance_q50: 0.500000
Phase: test, metric: concordance_q75: 0.500000
--- 2023-08-23 23:15:38.920850 ---
epoch 10
early stop metric: 0.431764
Phase: valid, metric: survival_loss: 0.431764
Phase: valid, metric: concordance_q25: 0.500000
Phase: valid, metric: concordance_q50: 0.500000
Phase: valid, metric: concordance_q75: 0.500000
Phase: test, metric: survival_loss: 0.419223
Phase: test, metric: concordance_q25: 0.500000
Phase: test, metric: concordance_q50: 0.500000
Phase: test, metric: concordance_q75: 0.500000
--- 2023-08-23 23:16:12.666953 ---
epoch 11
early stop metric: 0.437127
Phase: valid, metric: survival_loss: 0.437127
Phase: valid, metric: concordance_q25: 0.500000
Phase: valid, metric: concordance_q50: 0.500000
Phase: valid, metric: concordance_q75: 0.500000
Phase: test, metric: survival_loss: 0.426525
Phase: test, metric: concordance_q25: 0.500000
Phase: test, metric: concordance_q50: 0.500000
Phase: test, metric: concordance_q75: 0.500000
--- 2023-08-23 23:16:48.475861 ---
epoch 12
early stop metric: 0.431796
Phase: valid, metric: survival_loss: 0.431796
Phase: valid, metric: concordance_q25: 0.500000
Phase: valid, metric: concordance_q50: 0.500000
Phase: valid, metric: concordance_q75: 0.500000
Phase: test, metric: survival_loss: 0.419471
Phase: test, metric: concordance_q25: 0.500000
Phase: test, metric: concordance_q50: 0.500000
Phase: test, metric: concordance_q75: 0.500000
--- 2023-08-23 23:17:22.692790 ---
epoch 13
step     6 total loss: 0.429693
early stop metric: 0.430770
Phase: valid, metric: survival_loss: 0.430770
Phase: valid, metric: concordance_q25: 0.500000
Phase: valid, metric: concordance_q50: 0.500000
Phase: valid, metric: concordance_q75: 0.500000
Phase: test, metric: survival_loss: 0.417071
Phase: test, metric: concordance_q25: 0.500000
Phase: test, metric: concordance_q50: 0.500000
Phase: test, metric: concordance_q75: 0.500000
--- 2023-08-23 23:17:57.226933 ---
epoch 14
early stop metric: 0.430491
Phase: valid, metric: survival_loss: 0.430491
Phase: valid, metric: concordance_q25: 0.500000
Phase: valid, metric: concordance_q50: 0.500000
Phase: valid, metric: concordance_q75: 0.500000
Phase: test, metric: survival_loss: 0.417603
Phase: test, metric: concordance_q25: 0.500000
Phase: test, metric: concordance_q50: 0.500000
Phase: test, metric: concordance_q75: 0.500000
--- 2023-08-23 23:18:31.848226 ---
epoch 15
early stop metric: 0.444091
Phase: valid, metric: survival_loss: 0.444091
Phase: valid, metric: concordance_q25: 0.500000
Phase: valid, metric: concordance_q50: 0.500000
Phase: valid, metric: concordance_q75: 0.500000
Phase: test, metric: survival_loss: 0.433706
Phase: test, metric: concordance_q25: 0.500000
Phase: test, metric: concordance_q50: 0.500000
Phase: test, metric: concordance_q75: 0.500000
--- 2023-08-23 23:19:06.462185 ---
epoch 16
early stop metric: 0.432654
Phase: valid, metric: survival_loss: 0.432654
Phase: valid, metric: concordance_q25: 0.500000
Phase: valid, metric: concordance_q50: 0.500000
Phase: valid, metric: concordance_q75: 0.500000
Phase: test, metric: survival_loss: 0.420391
Phase: test, metric: concordance_q25: 0.500000
Phase: test, metric: concordance_q50: 0.500000
Phase: test, metric: concordance_q75: 0.500000
--- 2023-08-23 23:19:40.414895 ---
epoch 17
early stop metric: 0.431040
Phase: valid, metric: survival_loss: 0.431040
Phase: valid, metric: concordance_q25: 0.500000
Phase: valid, metric: concordance_q50: 0.500000
Phase: valid, metric: concordance_q75: 0.500000
Phase: test, metric: survival_loss: 0.416552
Phase: test, metric: concordance_q25: 0.500000
Phase: test, metric: concordance_q50: 0.500000
Phase: test, metric: concordance_q75: 0.500000
--- 2023-08-23 23:20:15.014489 ---
epoch 18
early stop metric: 0.435110
Phase: valid, metric: survival_loss: 0.435110
Phase: valid, metric: concordance_q25: 0.500000
Phase: valid, metric: concordance_q50: 0.500000
Phase: valid, metric: concordance_q75: 0.500000
Phase: test, metric: survival_loss: 0.420201
Phase: test, metric: concordance_q25: 0.500000
Phase: test, metric: concordance_q50: 0.500000
Phase: test, metric: concordance_q75: 0.500000
--- 2023-08-23 23:20:50.323850 ---
epoch 19
early stop metric: 0.431582
Phase: valid, metric: survival_loss: 0.431582
Phase: valid, metric: concordance_q25: 0.500000
Phase: valid, metric: concordance_q50: 0.500000
Phase: valid, metric: concordance_q75: 0.500000
Phase: test, metric: survival_loss: 0.417038
Phase: test, metric: concordance_q25: 0.500000
Phase: test, metric: concordance_q50: 0.500000
Phase: test, metric: concordance_q75: 0.500000
--- 2023-08-23 23:21:25.316441 ---
epoch 20
early stop metric: 0.430848
Phase: valid, metric: survival_loss: 0.430848
Phase: valid, metric: concordance_q25: 0.500000
Phase: valid, metric: concordance_q50: 0.500000
Phase: valid, metric: concordance_q75: 0.500000
Phase: test, metric: survival_loss: 0.416448
Phase: test, metric: concordance_q25: 0.500000
Phase: test, metric: concordance_q50: 0.500000
Phase: test, metric: concordance_q75: 0.500000
--- 2023-08-23 23:22:00.970086 ---
epoch 21
early stop metric: 0.431415
Phase: valid, metric: survival_loss: 0.431415
Phase: valid, metric: concordance_q25: 0.500000
Phase: valid, metric: concordance_q50: 0.500000
Phase: valid, metric: concordance_q75: 0.500000
Phase: test, metric: survival_loss: 0.418909
Phase: test, metric: concordance_q25: 0.500000
Phase: test, metric: concordance_q50: 0.500000
Phase: test, metric: concordance_q75: 0.500000
--- 2023-08-23 23:22:36.381016 ---
epoch 22
early stop metric: 0.430210
Phase: valid, metric: survival_loss: 0.430210
Phase: valid, metric: concordance_q25: 0.500000
Phase: valid, metric: concordance_q50: 0.500000
Phase: valid, metric: concordance_q75: 0.500000
Phase: test, metric: survival_loss: 0.416756
Phase: test, metric: concordance_q25: 0.500000
Phase: test, metric: concordance_q50: 0.500000
Phase: test, metric: concordance_q75: 0.500000
--- 2023-08-23 23:23:12.003048 ---
epoch 23
early stop metric: 0.435744
Phase: valid, metric: survival_loss: 0.435744
Phase: valid, metric: concordance_q25: 0.500000
Phase: valid, metric: concordance_q50: 0.500000
Phase: valid, metric: concordance_q75: 0.500000
Phase: test, metric: survival_loss: 0.419215
Phase: test, metric: concordance_q25: 0.500000
Phase: test, metric: concordance_q50: 0.500000
Phase: test, metric: concordance_q75: 0.500000
--- 2023-08-23 23:23:46.473268 ---
epoch 24
early stop metric: 0.432111
Phase: valid, metric: survival_loss: 0.432111
Phase: valid, metric: concordance_q25: 0.500000
Phase: valid, metric: concordance_q50: 0.500000
Phase: valid, metric: concordance_q75: 0.500000
Phase: test, metric: survival_loss: 0.417154
Phase: test, metric: concordance_q25: 0.500000
Phase: test, metric: concordance_q50: 0.500000
Phase: test, metric: concordance_q75: 0.500000
--- 2023-08-23 23:24:22.323497 ---
epoch 25
early stop metric: 0.433995
Phase: valid, metric: survival_loss: 0.433995
Phase: valid, metric: concordance_q25: 0.500000
Phase: valid, metric: concordance_q50: 0.500000
Phase: valid, metric: concordance_q75: 0.500000
Phase: test, metric: survival_loss: 0.421297
Phase: test, metric: concordance_q25: 0.500000
Phase: test, metric: concordance_q50: 0.500000
Phase: test, metric: concordance_q75: 0.500000
--- 2023-08-23 23:25:00.464426 ---
epoch 26
step    12 total loss: 0.419759
early stop metric: 0.431722
Phase: valid, metric: survival_loss: 0.431722
Phase: valid, metric: concordance_q25: 0.500000
Phase: valid, metric: concordance_q50: 0.500000
Phase: valid, metric: concordance_q75: 0.500000
Phase: test, metric: survival_loss: 0.416496
Phase: test, metric: concordance_q25: 0.500000
Phase: test, metric: concordance_q50: 0.500000
Phase: test, metric: concordance_q75: 0.500000
--- 2023-08-23 23:25:36.694385 ---
epoch 27
early stop metric: 0.431821
Phase: valid, metric: survival_loss: 0.431821
Phase: valid, metric: concordance_q25: 0.500000
Phase: valid, metric: concordance_q50: 0.500000
Phase: valid, metric: concordance_q75: 0.500000
Phase: test, metric: survival_loss: 0.416382
Phase: test, metric: concordance_q25: 0.500000
Phase: test, metric: concordance_q50: 0.500000
Phase: test, metric: concordance_q75: 0.500000
--- 2023-08-23 23:26:12.941292 ---
epoch 28
early stop metric: 0.432816
Phase: valid, metric: survival_loss: 0.432816
Phase: valid, metric: concordance_q25: 0.500000
Phase: valid, metric: concordance_q50: 0.500000
Phase: valid, metric: concordance_q75: 0.500000
Phase: test, metric: survival_loss: 0.416922
Phase: test, metric: concordance_q25: 0.500000
Phase: test, metric: concordance_q50: 0.500000
Phase: test, metric: concordance_q75: 0.500000
--- 2023-08-23 23:26:50.215055 ---
epoch 29
early stop metric: 0.442645
Phase: valid, metric: survival_loss: 0.442645
Phase: valid, metric: concordance_q25: 0.500000
Phase: valid, metric: concordance_q50: 0.500000
Phase: valid, metric: concordance_q75: 0.500000
Phase: test, metric: survival_loss: 0.430611
Phase: test, metric: concordance_q25: 0.500000
Phase: test, metric: concordance_q50: 0.500000
Phase: test, metric: concordance_q75: 0.500000
--- 2023-08-23 23:27:27.266065 ---
epoch 30
early stop metric: 0.433469
Phase: valid, metric: survival_loss: 0.433469
Phase: valid, metric: concordance_q25: 0.500000
Phase: valid, metric: concordance_q50: 0.500000
Phase: valid, metric: concordance_q75: 0.500000
Phase: test, metric: survival_loss: 0.417790
Phase: test, metric: concordance_q25: 0.500000
Phase: test, metric: concordance_q50: 0.500000
Phase: test, metric: concordance_q75: 0.500000
--- 2023-08-23 23:28:03.772685 ---
epoch 31
early stop metric: 0.430602
Phase: valid, metric: survival_loss: 0.430602
Phase: valid, metric: concordance_q25: 0.500000
Phase: valid, metric: concordance_q50: 0.500000
Phase: valid, metric: concordance_q75: 0.500000
Phase: test, metric: survival_loss: 0.416157
Phase: test, metric: concordance_q25: 0.500000
Phase: test, metric: concordance_q50: 0.500000
Phase: test, metric: concordance_q75: 0.500000
--- 2023-08-23 23:28:41.390555 ---
epoch 32
early stop metric: 0.430777
Phase: valid, metric: survival_loss: 0.430777
Phase: valid, metric: concordance_q25: 0.500000
Phase: valid, metric: concordance_q50: 0.500000
Phase: valid, metric: concordance_q75: 0.500000
Phase: test, metric: survival_loss: 0.417244
Phase: test, metric: concordance_q25: 0.500000
Phase: test, metric: concordance_q50: 0.500000
Phase: test, metric: concordance_q75: 0.500000
--- 2023-08-25 11:44:38.152866 ---
epoch 0
early stop metric: 0.323073
Phase: valid, metric: survival_loss: 0.323073
Phase: valid, metric: concordance_q25: 0.500000
Phase: valid, metric: concordance_q50: 0.500000
Phase: valid, metric: concordance_q75: 0.500000
Phase: test, metric: survival_loss: 0.299224
Phase: test, metric: concordance_q25: 0.500000
Phase: test, metric: concordance_q50: 0.500000
Phase: test, metric: concordance_q75: 0.500000
--- 2023-08-25 11:45:02.755744 ---
epoch 1
early stop metric: 0.307604
Phase: valid, metric: survival_loss: 0.307604
Phase: valid, metric: concordance_q25: 0.500000
Phase: valid, metric: concordance_q50: 0.500000
Phase: valid, metric: concordance_q75: 0.500000
Phase: test, metric: survival_loss: 0.287416
Phase: test, metric: concordance_q25: 0.500000
Phase: test, metric: concordance_q50: 0.500000
Phase: test, metric: concordance_q75: 0.500000
--- 2023-08-25 11:45:31.279217 ---
epoch 2
early stop metric: 0.298372
Phase: valid, metric: survival_loss: 0.298372
Phase: valid, metric: concordance_q25: 0.500000
Phase: valid, metric: concordance_q50: 0.500000
Phase: valid, metric: concordance_q75: 0.500000
Phase: test, metric: survival_loss: 0.281241
Phase: test, metric: concordance_q25: 0.500000
Phase: test, metric: concordance_q50: 0.500000
Phase: test, metric: concordance_q75: 0.500000
--- 2023-08-25 11:46:02.043424 ---
epoch 3
early stop metric: 0.296821
Phase: valid, metric: survival_loss: 0.296821
Phase: valid, metric: concordance_q25: 0.500000
Phase: valid, metric: concordance_q50: 0.500000
Phase: valid, metric: concordance_q75: 0.500000
Phase: test, metric: survival_loss: 0.278828
Phase: test, metric: concordance_q25: 0.500000
Phase: test, metric: concordance_q50: 0.500000
Phase: test, metric: concordance_q75: 0.500000
--- 2023-08-25 11:46:32.800072 ---
epoch 4
early stop metric: 0.296780
Phase: valid, metric: survival_loss: 0.296780
Phase: valid, metric: concordance_q25: 0.500000
Phase: valid, metric: concordance_q50: 0.500000
Phase: valid, metric: concordance_q75: 0.500000
Phase: test, metric: survival_loss: 0.277809
Phase: test, metric: concordance_q25: 0.500000
Phase: test, metric: concordance_q50: 0.500000
Phase: test, metric: concordance_q75: 0.500000
--- 2023-08-25 11:47:03.960731 ---
epoch 5
early stop metric: 0.295814
Phase: valid, metric: survival_loss: 0.295814
Phase: valid, metric: concordance_q25: 0.500000
Phase: valid, metric: concordance_q50: 0.500000
Phase: valid, metric: concordance_q75: 0.500000
Phase: test, metric: survival_loss: 0.277328
Phase: test, metric: concordance_q25: 0.500000
Phase: test, metric: concordance_q50: 0.500000
Phase: test, metric: concordance_q75: 0.500000
--- 2023-08-25 11:47:34.498215 ---
epoch 6
early stop metric: 0.301543
Phase: valid, metric: survival_loss: 0.301543
Phase: valid, metric: concordance_q25: 0.500000
Phase: valid, metric: concordance_q50: 0.500000
Phase: valid, metric: concordance_q75: 0.500000
Phase: test, metric: survival_loss: 0.284644
Phase: test, metric: concordance_q25: 0.500000
Phase: test, metric: concordance_q50: 0.500000
Phase: test, metric: concordance_q75: 0.500000
--- 2023-08-25 11:48:06.220895 ---
epoch 7
early stop metric: 0.297893
Phase: valid, metric: survival_loss: 0.297893
Phase: valid, metric: concordance_q25: 0.500000
Phase: valid, metric: concordance_q50: 0.500000
Phase: valid, metric: concordance_q75: 0.500000
Phase: test, metric: survival_loss: 0.281342
Phase: test, metric: concordance_q25: 0.500000
Phase: test, metric: concordance_q50: 0.500000
Phase: test, metric: concordance_q75: 0.500000
--- 2023-08-25 11:48:39.520476 ---
epoch 8
early stop metric: 0.296225
Phase: valid, metric: survival_loss: 0.296225
Phase: valid, metric: concordance_q25: 0.500000
Phase: valid, metric: concordance_q50: 0.500000
Phase: valid, metric: concordance_q75: 0.500000
Phase: test, metric: survival_loss: 0.277068
Phase: test, metric: concordance_q25: 0.500000
Phase: test, metric: concordance_q50: 0.500000
Phase: test, metric: concordance_q75: 0.500000
--- 2023-08-25 11:49:10.495173 ---
epoch 9
early stop metric: 0.307330
Phase: valid, metric: survival_loss: 0.307330
Phase: valid, metric: concordance_q25: 0.500000
Phase: valid, metric: concordance_q50: 0.500000
Phase: valid, metric: concordance_q75: 0.500000
Phase: test, metric: survival_loss: 0.291535
Phase: test, metric: concordance_q25: 0.500000
Phase: test, metric: concordance_q50: 0.500000
Phase: test, metric: concordance_q75: 0.500000
--- 2023-08-25 11:49:42.320363 ---
epoch 10
early stop metric: 0.296183
Phase: valid, metric: survival_loss: 0.296183
Phase: valid, metric: concordance_q25: 0.500000
Phase: valid, metric: concordance_q50: 0.500000
Phase: valid, metric: concordance_q75: 0.500000
Phase: test, metric: survival_loss: 0.276800
Phase: test, metric: concordance_q25: 0.500000
Phase: test, metric: concordance_q50: 0.500000
Phase: test, metric: concordance_q75: 0.500000
--- 2023-08-25 11:50:14.427432 ---
epoch 11
early stop metric: 0.296650
Phase: valid, metric: survival_loss: 0.296650
Phase: valid, metric: concordance_q25: 0.500000
Phase: valid, metric: concordance_q50: 0.500000
Phase: valid, metric: concordance_q75: 0.500000
Phase: test, metric: survival_loss: 0.277740
Phase: test, metric: concordance_q25: 0.500000
Phase: test, metric: concordance_q50: 0.500000
Phase: test, metric: concordance_q75: 0.500000
--- 2023-08-25 11:50:48.930810 ---
epoch 12
early stop metric: 0.296227
Phase: valid, metric: survival_loss: 0.296227
Phase: valid, metric: concordance_q25: 0.500000
Phase: valid, metric: concordance_q50: 0.500000
Phase: valid, metric: concordance_q75: 0.500000
Phase: test, metric: survival_loss: 0.276065
Phase: test, metric: concordance_q25: 0.500000
Phase: test, metric: concordance_q50: 0.500000
Phase: test, metric: concordance_q75: 0.500000
--- 2023-08-25 11:51:24.503139 ---
epoch 13
step     6 total loss: 0.293232
early stop metric: 0.296763
Phase: valid, metric: survival_loss: 0.296763
Phase: valid, metric: concordance_q25: 0.500000
Phase: valid, metric: concordance_q50: 0.500000
Phase: valid, metric: concordance_q75: 0.500000
Phase: test, metric: survival_loss: 0.276253
Phase: test, metric: concordance_q25: 0.500000
Phase: test, metric: concordance_q50: 0.500000
Phase: test, metric: concordance_q75: 0.500000
--- 2023-08-25 11:52:09.474828 ---
epoch 14
early stop metric: 0.296948
Phase: valid, metric: survival_loss: 0.296948
Phase: valid, metric: concordance_q25: 0.500000
Phase: valid, metric: concordance_q50: 0.500000
Phase: valid, metric: concordance_q75: 0.500000
Phase: test, metric: survival_loss: 0.276471
Phase: test, metric: concordance_q25: 0.500000
Phase: test, metric: concordance_q50: 0.500000
Phase: test, metric: concordance_q75: 0.500000
--- 2023-08-25 11:52:44.609239 ---
epoch 15
early stop metric: 0.297303
Phase: valid, metric: survival_loss: 0.297303
Phase: valid, metric: concordance_q25: 0.500000
Phase: valid, metric: concordance_q50: 0.500000
Phase: valid, metric: concordance_q75: 0.500000
Phase: test, metric: survival_loss: 0.278387
Phase: test, metric: concordance_q25: 0.500000
Phase: test, metric: concordance_q50: 0.500000
Phase: test, metric: concordance_q75: 0.500000
