--- 2023-08-25 22:08:01.928807 ---
epoch 0
early stop metric: 0.258271
Phase: valid, metric: survival_loss: 0.258271
Phase: valid, metric: concordance_q25: 0.626851
Phase: valid, metric: concordance_q50: 0.500236
Phase: valid, metric: concordance_q75: 0.594605
Phase: test, metric: survival_loss: 0.255464
Phase: test, metric: concordance_q25: 0.637068
Phase: test, metric: concordance_q50: 0.637068
Phase: test, metric: concordance_q75: 0.724389
--- 2023-08-25 22:08:26.020307 ---
epoch 1
early stop metric: 0.251755
Phase: valid, metric: survival_loss: 0.251755
Phase: valid, metric: concordance_q25: 0.500236
Phase: valid, metric: concordance_q50: 0.500236
Phase: valid, metric: concordance_q75: 0.500236
Phase: test, metric: survival_loss: 0.245459
Phase: test, metric: concordance_q25: 0.500801
Phase: test, metric: concordance_q50: 0.588122
Phase: test, metric: concordance_q75: 0.500801
--- 2023-08-25 22:08:54.595001 ---
epoch 2
early stop metric: 0.251903
Phase: valid, metric: survival_loss: 0.251903
Phase: valid, metric: concordance_q25: 0.626851
Phase: valid, metric: concordance_q50: 0.500236
Phase: valid, metric: concordance_q75: 0.500236
Phase: test, metric: survival_loss: 0.247285
Phase: test, metric: concordance_q25: 0.500801
Phase: test, metric: concordance_q50: 0.500801
Phase: test, metric: concordance_q75: 0.724389
--- 2023-08-25 22:09:23.916332 ---
epoch 3
early stop metric: 0.249264
Phase: valid, metric: survival_loss: 0.249264
Phase: valid, metric: concordance_q25: 0.500236
Phase: valid, metric: concordance_q50: 0.500236
Phase: valid, metric: concordance_q75: 0.594605
Phase: test, metric: survival_loss: 0.243789
Phase: test, metric: concordance_q25: 0.500801
Phase: test, metric: concordance_q50: 0.500801
Phase: test, metric: concordance_q75: 0.637068
--- 2023-08-25 22:09:54.163780 ---
epoch 4
early stop metric: 0.248481
Phase: valid, metric: survival_loss: 0.248481
Phase: valid, metric: concordance_q25: 0.626851
Phase: valid, metric: concordance_q50: 0.594605
Phase: valid, metric: concordance_q75: 0.500236
Phase: test, metric: survival_loss: 0.244019
Phase: test, metric: concordance_q25: 0.637068
Phase: test, metric: concordance_q50: 0.500801
Phase: test, metric: concordance_q75: 0.500801
--- 2023-08-25 22:10:23.411692 ---
epoch 5
early stop metric: 0.249111
Phase: valid, metric: survival_loss: 0.249111
Phase: valid, metric: concordance_q25: 0.721221
Phase: valid, metric: concordance_q50: 0.626851
Phase: valid, metric: concordance_q75: 0.500236
Phase: test, metric: survival_loss: 0.244361
Phase: test, metric: concordance_q25: 0.500801
Phase: test, metric: concordance_q50: 0.588122
Phase: test, metric: concordance_q75: 0.588122
--- 2023-08-25 22:10:53.389349 ---
epoch 6
early stop metric: 0.247485
Phase: valid, metric: survival_loss: 0.247485
Phase: valid, metric: concordance_q25: 0.721221
Phase: valid, metric: concordance_q50: 0.594605
Phase: valid, metric: concordance_q75: 0.626851
Phase: test, metric: survival_loss: 0.244150
Phase: test, metric: concordance_q25: 0.724389
Phase: test, metric: concordance_q50: 0.637068
Phase: test, metric: concordance_q75: 0.588122
--- 2023-08-25 22:11:22.068723 ---
epoch 7
early stop metric: 0.247562
Phase: valid, metric: survival_loss: 0.247562
Phase: valid, metric: concordance_q25: 0.626851
Phase: valid, metric: concordance_q50: 0.594605
Phase: valid, metric: concordance_q75: 0.594605
Phase: test, metric: survival_loss: 0.243488
Phase: test, metric: concordance_q25: 0.500801
Phase: test, metric: concordance_q50: 0.588122
Phase: test, metric: concordance_q75: 0.637068
--- 2023-08-25 22:11:50.459536 ---
epoch 8
early stop metric: 0.246664
Phase: valid, metric: survival_loss: 0.246664
Phase: valid, metric: concordance_q25: 0.500236
Phase: valid, metric: concordance_q50: 0.594605
Phase: valid, metric: concordance_q75: 0.626851
Phase: test, metric: survival_loss: 0.242522
Phase: test, metric: concordance_q25: 0.588122
Phase: test, metric: concordance_q50: 0.724389
Phase: test, metric: concordance_q75: 0.588122
--- 2023-08-25 22:12:20.036090 ---
epoch 9
early stop metric: 0.251475
Phase: valid, metric: survival_loss: 0.251475
Phase: valid, metric: concordance_q25: 0.626851
Phase: valid, metric: concordance_q50: 0.626851
Phase: valid, metric: concordance_q75: 0.500236
Phase: test, metric: survival_loss: 0.246151
Phase: test, metric: concordance_q25: 0.637068
Phase: test, metric: concordance_q50: 0.724389
Phase: test, metric: concordance_q75: 0.724389
--- 2023-08-25 22:12:49.036810 ---
epoch 10
early stop metric: 0.248317
Phase: valid, metric: survival_loss: 0.248317
Phase: valid, metric: concordance_q25: 0.594605
Phase: valid, metric: concordance_q50: 0.500236
Phase: valid, metric: concordance_q75: 0.594605
Phase: test, metric: survival_loss: 0.243637
Phase: test, metric: concordance_q25: 0.724389
Phase: test, metric: concordance_q50: 0.588122
Phase: test, metric: concordance_q75: 0.500801
--- 2023-08-25 22:13:17.556844 ---
epoch 11
early stop metric: 0.249423
Phase: valid, metric: survival_loss: 0.249423
Phase: valid, metric: concordance_q25: 0.626851
Phase: valid, metric: concordance_q50: 0.626851
Phase: valid, metric: concordance_q75: 0.500236
Phase: test, metric: survival_loss: 0.244125
Phase: test, metric: concordance_q25: 0.724389
Phase: test, metric: concordance_q50: 0.500801
Phase: test, metric: concordance_q75: 0.500801
--- 2023-08-25 22:13:45.968243 ---
epoch 12
step    32 total loss: 0.257824
early stop metric: 0.249245
Phase: valid, metric: survival_loss: 0.249245
Phase: valid, metric: concordance_q25: 0.594605
Phase: valid, metric: concordance_q50: 0.721221
Phase: valid, metric: concordance_q75: 0.721221
Phase: test, metric: survival_loss: 0.244385
Phase: test, metric: concordance_q25: 0.500801
Phase: test, metric: concordance_q50: 0.637068
Phase: test, metric: concordance_q75: 0.637068
--- 2023-08-25 22:14:14.950641 ---
epoch 13
early stop metric: 0.253083
Phase: valid, metric: survival_loss: 0.253083
Phase: valid, metric: concordance_q25: 0.626851
Phase: valid, metric: concordance_q50: 0.500236
Phase: valid, metric: concordance_q75: 0.721221
Phase: test, metric: survival_loss: 0.247538
Phase: test, metric: concordance_q25: 0.724389
Phase: test, metric: concordance_q50: 0.724389
Phase: test, metric: concordance_q75: 0.637068
--- 2023-08-25 22:14:43.130273 ---
epoch 14
early stop metric: 0.247051
Phase: valid, metric: survival_loss: 0.247051
Phase: valid, metric: concordance_q25: 0.500236
Phase: valid, metric: concordance_q50: 0.594605
Phase: valid, metric: concordance_q75: 0.594605
Phase: test, metric: survival_loss: 0.242110
Phase: test, metric: concordance_q25: 0.680729
Phase: test, metric: concordance_q50: 0.500801
Phase: test, metric: concordance_q75: 0.588122
--- 2023-08-25 22:15:10.301288 ---
epoch 15
early stop metric: 0.247424
Phase: valid, metric: survival_loss: 0.247424
Phase: valid, metric: concordance_q25: 0.721221
Phase: valid, metric: concordance_q50: 0.626851
Phase: valid, metric: concordance_q75: 0.721221
Phase: test, metric: survival_loss: 0.242505
Phase: test, metric: concordance_q25: 0.724389
Phase: test, metric: concordance_q50: 0.637068
Phase: test, metric: concordance_q75: 0.588122
--- 2023-08-25 22:15:38.612983 ---
epoch 16
early stop metric: 0.247377
Phase: valid, metric: survival_loss: 0.247377
Phase: valid, metric: concordance_q25: 0.721221
Phase: valid, metric: concordance_q50: 0.500236
Phase: valid, metric: concordance_q75: 0.721221
Phase: test, metric: survival_loss: 0.242269
Phase: test, metric: concordance_q25: 0.724389
Phase: test, metric: concordance_q50: 0.588122
Phase: test, metric: concordance_q75: 0.637068
--- 2023-08-25 22:16:06.526761 ---
epoch 17
early stop metric: 0.247735
Phase: valid, metric: survival_loss: 0.247735
Phase: valid, metric: concordance_q25: 0.594605
Phase: valid, metric: concordance_q50: 0.500236
Phase: valid, metric: concordance_q75: 0.594605
Phase: test, metric: survival_loss: 0.242739
Phase: test, metric: concordance_q25: 0.724389
Phase: test, metric: concordance_q50: 0.637068
Phase: test, metric: concordance_q75: 0.500801
--- 2023-08-25 22:16:35.048879 ---
epoch 18
early stop metric: 0.248169
Phase: valid, metric: survival_loss: 0.248169
Phase: valid, metric: concordance_q25: 0.626851
Phase: valid, metric: concordance_q50: 0.721221
Phase: valid, metric: concordance_q75: 0.626851
Phase: test, metric: survival_loss: 0.243116
Phase: test, metric: concordance_q25: 0.637068
Phase: test, metric: concordance_q50: 0.588122
Phase: test, metric: concordance_q75: 0.588122
